#
# There is insufficient memory for the Java Runtime Environment to continue.
# Native memory allocation (malloc) failed to allocate 1960816 bytes for Chunk::new
# Possible reasons:
#   The system is out of physical RAM or swap space
#   The process is running with CompressedOops enabled, and the Java Heap may be blocking the growth of the native heap
# Possible solutions:
#   Reduce memory load on the system
#   Increase physical memory or swap space
#   Check if swap backing store is full
#   Decrease Java heap size (-Xmx/-Xms)
#   Decrease number of Java threads
#   Decrease Java thread stack sizes (-Xss)
#   Set larger code cache with -XX:ReservedCodeCacheSize=
#   JVM is running with Zero Based Compressed Oops mode in which the Java heap is
#     placed in the first 32GB address space. The Java Heap base address is the
#     maximum limit for the native heap growth. Please use -XX:HeapBaseMinAddress
#     to set the Java Heap base and to place the Java Heap above 32GB virtual address.
# This output file may be truncated or incomplete.
#
#  Out of Memory Error (arena.cpp:168), pid=17152, tid=20792
#
# JRE version: Java(TM) SE Runtime Environment (21.0.6+8) (build 21.0.6+8-LTS-188)
# Java VM: Java HotSpot(TM) 64-Bit Server VM (21.0.6+8-LTS-188, mixed mode, sharing, tiered, compressed oops, compressed class ptrs, g1 gc, windows-amd64)
# No core dump will be written. Minidumps are not enabled by default on client versions of Windows
#

---------------  S U M M A R Y ------------

Command Line: -ea -XX:+ShowCodeDetailsInExceptionMessages -Dfile.encoding=UTF-8 org.eclipse.jdt.internal.junit.runner.RemoteTestRunner -version 3 -port 27260 -testLoaderClass org.eclipse.jdt.internal.junit5.runner.JUnit5TestLoader -loaderpluginname org.eclipse.jdt.junit5.runtime -test com.rubenrf.cafeteria_app.CafeteriaAppApplicationTests:crearCliente

Host: 13th Gen Intel(R) Core(TM) i5-13420H, 12 cores, 15G,  Windows 11 , 64 bit Build 26100 (10.0.26100.3912)
Time: Mon Apr 28 13:55:01 2025 SA Pacific Standard Time elapsed time: 25.194939 seconds (0d 0h 0m 25s)

---------------  T H R E A D  ---------------

Current thread (0x00000199048e2700):  JavaThread "C2 CompilerThread0" daemon [_thread_in_native, id=20792, stack(0x000000377b900000,0x000000377ba00000) (1024K)]


Current CompileTask:
C2:  25195 3918       4       org.testcontainers.shaded.com.fasterxml.jackson.databind.deser.std.UntypedObjectDeserializer$Vanilla::mapObject (167 bytes)

Stack: [0x000000377b900000,0x000000377ba00000]
Native frames: (J=compiled Java code, j=interpreted, Vv=VM code, C=native code)
V  [jvm.dll+0x6ca6d9]
V  [jvm.dll+0x854f51]
V  [jvm.dll+0x85747e]
V  [jvm.dll+0x857b53]
V  [jvm.dll+0x27dcc6]
V  [jvm.dll+0xc4c2d]
V  [jvm.dll+0xc5163]
V  [jvm.dll+0x3b5122]
V  [jvm.dll+0x381855]
V  [jvm.dll+0x380cca]
V  [jvm.dll+0x246920]
V  [jvm.dll+0x245eff]
V  [jvm.dll+0x1c6d2e]
V  [jvm.dll+0x2554f9]
V  [jvm.dll+0x253a8a]
V  [jvm.dll+0x3ee576]
V  [jvm.dll+0x7ff2fb]
V  [jvm.dll+0x6c8dbd]
C  [ucrtbase.dll+0x37b0]
C  [KERNEL32.DLL+0x2e8d7]
C  [ntdll.dll+0x9c5dc]


---------------  P R O C E S S  ---------------

Threads class SMR info:
_java_thread_list=0x000001994c924510, length=29, elements={
0x0000019962f4f400, 0x0000019904138090, 0x0000019904139900, 0x00000199048d2c00,
0x00000199048d38d0, 0x00000199048d4e90, 0x00000199048d6600, 0x00000199048e2700,
0x00000199048e69a0, 0x0000019904b0dab0, 0x0000019904b2c080, 0x000001994a7a11b0,
0x000001994aec1860, 0x000001994b461930, 0x000001994b461f90, 0x000001994b516900,
0x000001994b516f90, 0x000001994b515be0, 0x000001994b516270, 0x000001994b517620,
0x000001994b514830, 0x000001994b515550, 0x000001994b5141a0, 0x000001994b514ec0,
0x000001994b2d0e00, 0x000001994b2d5630, 0x000001994b2d2840, 0x000001994b2d2ed0,
0x000001994b2d21b0
}

Java Threads: ( => current thread )
  0x0000019962f4f400 JavaThread "main"                              [_thread_blocked, id=32364, stack(0x000000377ab00000,0x000000377ac00000) (1024K)]
  0x0000019904138090 JavaThread "Reference Handler"          daemon [_thread_blocked, id=20464, stack(0x000000377b300000,0x000000377b400000) (1024K)]
  0x0000019904139900 JavaThread "Finalizer"                  daemon [_thread_blocked, id=33160, stack(0x000000377b400000,0x000000377b500000) (1024K)]
  0x00000199048d2c00 JavaThread "Signal Dispatcher"          daemon [_thread_blocked, id=32284, stack(0x000000377b500000,0x000000377b600000) (1024K)]
  0x00000199048d38d0 JavaThread "Attach Listener"            daemon [_thread_blocked, id=28952, stack(0x000000377b600000,0x000000377b700000) (1024K)]
  0x00000199048d4e90 JavaThread "Service Thread"             daemon [_thread_blocked, id=33060, stack(0x000000377b700000,0x000000377b800000) (1024K)]
  0x00000199048d6600 JavaThread "Monitor Deflation Thread"   daemon [_thread_blocked, id=24888, stack(0x000000377b800000,0x000000377b900000) (1024K)]
=>0x00000199048e2700 JavaThread "C2 CompilerThread0"         daemon [_thread_in_native, id=20792, stack(0x000000377b900000,0x000000377ba00000) (1024K)]
  0x00000199048e69a0 JavaThread "C1 CompilerThread0"         daemon [_thread_blocked, id=32928, stack(0x000000377ba00000,0x000000377bb00000) (1024K)]
  0x0000019904b0dab0 JavaThread "Notification Thread"        daemon [_thread_blocked, id=32912, stack(0x000000377bb00000,0x000000377bc00000) (1024K)]
  0x0000019904b2c080 JavaThread "Common-Cleaner"             daemon [_thread_blocked, id=19912, stack(0x000000377bc00000,0x000000377bd00000) (1024K)]
  0x000001994a7a11b0 JavaThread "ReaderThread"                      [_thread_in_native, id=5676, stack(0x000000377be00000,0x000000377bf00000) (1024K)]
  0x000001994aec1860 JavaThread "Thread-0"                   daemon [_thread_in_native, id=28308, stack(0x000000377c500000,0x000000377c600000) (1024K)]
  0x000001994b461930 JavaThread "Thread-1"                   daemon [_thread_in_native, id=32972, stack(0x000000377c600000,0x000000377c700000) (1024K)]
  0x000001994b461f90 JavaThread "Thread-2"                   daemon [_thread_in_native, id=32968, stack(0x000000377c700000,0x000000377c800000) (1024K)]
  0x000001994b516900 JavaThread "Thread-3"                   daemon [_thread_in_native, id=32964, stack(0x000000377c800000,0x000000377c900000) (1024K)]
  0x000001994b516f90 JavaThread "Thread-4"                   daemon [_thread_in_native, id=33488, stack(0x000000377c900000,0x000000377ca00000) (1024K)]
  0x000001994b515be0 JavaThread "Thread-5"                   daemon [_thread_in_native, id=28256, stack(0x000000377ca00000,0x000000377cb00000) (1024K)]
  0x000001994b516270 JavaThread "Thread-6"                   daemon [_thread_in_native, id=31832, stack(0x000000377cb00000,0x000000377cc00000) (1024K)]
  0x000001994b517620 JavaThread "Thread-7"                   daemon [_thread_in_native, id=30068, stack(0x000000377cc00000,0x000000377cd00000) (1024K)]
  0x000001994b514830 JavaThread "Thread-8"                   daemon [_thread_in_native, id=30072, stack(0x000000377cd00000,0x000000377ce00000) (1024K)]
  0x000001994b515550 JavaThread "Thread-9"                   daemon [_thread_in_native, id=30076, stack(0x000000377ce00000,0x000000377cf00000) (1024K)]
  0x000001994b5141a0 JavaThread "Thread-10"                  daemon [_thread_in_native, id=22012, stack(0x000000377cf00000,0x000000377d000000) (1024K)]
  0x000001994b514ec0 JavaThread "Thread-11"                  daemon [_thread_in_native, id=31804, stack(0x000000377d000000,0x000000377d100000) (1024K)]
  0x000001994b2d0e00 JavaThread "Thread-12"                  daemon [_thread_in_native, id=32344, stack(0x000000377d100000,0x000000377d200000) (1024K)]
  0x000001994b2d5630 JavaThread "Thread-16"                  daemon [_thread_blocked, id=16252, stack(0x000000377d600000,0x000000377d700000) (1024K)]
  0x000001994b2d2840 JavaThread "Thread-17"                  daemon [_thread_blocked, id=8340, stack(0x000000377d700000,0x000000377d800000) (1024K)]
  0x000001994b2d2ed0 JavaThread "testcontainers-ryuk"        daemon [_thread_blocked, id=23164, stack(0x000000377d500000,0x000000377d600000) (1024K)]
  0x000001994b2d21b0 JavaThread "mysql-cj-abandoned-connection-cleanup" daemon [_thread_blocked, id=31496, stack(0x000000377d400000,0x000000377d500000) (1024K)]
Total: 29

Other Threads:
  0x000001990411a6a0 VMThread "VM Thread"                           [id=15400, stack(0x000000377b200000,0x000000377b300000) (1024K)]
  0x00000199041069c0 WatcherThread "VM Periodic Task Thread"        [id=29640, stack(0x000000377b100000,0x000000377b200000) (1024K)]
  0x000001996523b260 WorkerThread "GC Thread#0"                     [id=32228, stack(0x000000377ac00000,0x000000377ad00000) (1024K)]
  0x000001994aad23f0 WorkerThread "GC Thread#1"                     [id=4352, stack(0x000000377bf00000,0x000000377c000000) (1024K)]
  0x000001994a9e9b70 WorkerThread "GC Thread#2"                     [id=11020, stack(0x000000377c000000,0x000000377c100000) (1024K)]
  0x000001994a73e150 WorkerThread "GC Thread#3"                     [id=32460, stack(0x000000377c100000,0x000000377c200000) (1024K)]
  0x000001994a73e4f0 WorkerThread "GC Thread#4"                     [id=32452, stack(0x000000377c200000,0x000000377c300000) (1024K)]
  0x000001994a73e890 WorkerThread "GC Thread#5"                     [id=32332, stack(0x000000377c300000,0x000000377c400000) (1024K)]
  0x000001994ac61e20 WorkerThread "GC Thread#6"                     [id=33072, stack(0x000000377bd00000,0x000000377be00000) (1024K)]
  0x000001994b53da90 WorkerThread "GC Thread#7"                     [id=32476, stack(0x000000377c400000,0x000000377c500000) (1024K)]
  0x000001994b53de30 WorkerThread "GC Thread#8"                     [id=32480, stack(0x000000377d200000,0x000000377d300000) (1024K)]
  0x000001994b53e570 WorkerThread "GC Thread#9"                     [id=32512, stack(0x000000377d300000,0x000000377d400000) (1024K)]
  0x000001996524c630 ConcurrentGCThread "G1 Main Marker"            [id=27800, stack(0x000000377ad00000,0x000000377ae00000) (1024K)]
  0x000001996524dec0 WorkerThread "G1 Conc#0"                       [id=20192, stack(0x000000377ae00000,0x000000377af00000) (1024K)]
  0x000001994b53e910 WorkerThread "G1 Conc#1"                       [id=31252, stack(0x000000377d900000,0x000000377da00000) (1024K)]
  0x000001994b53ecb0 WorkerThread "G1 Conc#2"                       [id=29576, stack(0x000000377da00000,0x000000377db00000) (1024K)]
  0x0000019903fd4300 ConcurrentGCThread "G1 Refine#0"               [id=29296, stack(0x000000377af00000,0x000000377b000000) (1024K)]
  0x0000019903fd5c30 ConcurrentGCThread "G1 Service"                [id=29632, stack(0x000000377b000000,0x000000377b100000) (1024K)]
Total: 18

Threads with active compile tasks:
C2 CompilerThread0    25238 3918       4       org.testcontainers.shaded.com.fasterxml.jackson.databind.deser.std.UntypedObjectDeserializer$Vanilla::mapObject (167 bytes)
Total: 1

VM state: not at safepoint (normal execution)

VM Mutex/Monitor currently owned by a thread: None

Heap address: 0x0000000703200000, size: 4046 MB, Compressed Oops mode: Zero based, Oop shift amount: 3

CDS archive(s) mapped at: [0x0000019905000000-0x0000019905c90000-0x0000019905c90000), size 13172736, SharedBaseAddress: 0x0000019905000000, ArchiveRelocationMode: 1.
Compressed class space mapped at: 0x0000019906000000-0x0000019946000000, reserved size: 1073741824
Narrow klass base: 0x0000019905000000, Narrow klass shift: 0, Narrow klass range: 0x100000000

GC Precious Log:
 CardTable entry size: 512
 Card Set container configuration: InlinePtr #cards 4 size 8 Array Of Cards #cards 16 size 48 Howl #buckets 8 coarsen threshold 3686 Howl Bitmap #cards 512 size 80 coarsen threshold 460 Card regions per heap region 1 cards per card region 4096
 CPUs: 12 total, 12 available
 Memory: 16176M
 Large Page Support: Disabled
 NUMA Support: Disabled
 Compressed Oops: Enabled (Zero based)
 Heap Region Size: 2M
 Heap Min Capacity: 8M
 Heap Initial Capacity: 254M
 Heap Max Capacity: 4046M
 Pre-touch: Disabled
 Parallel Workers: 10
 Concurrent Workers: 3
 Concurrent Refinement Workers: 10
 Periodic GC: Disabled

Heap:
 garbage-first heap   total 96256K, used 48007K [0x0000000703200000, 0x0000000800000000)
  region size 2048K, 17 young (34816K), 5 survivors (10240K)
 Metaspace       used 22539K, committed 22912K, reserved 1114112K
  class space    used 2604K, committed 2816K, reserved 1048576K

Heap Regions: E=young(eden), S=young(survivor), O=old, HS=humongous(starts), HC=humongous(continues), CS=collection set, F=free, TAMS=top-at-mark-start, PB=parsable bottom
|   0|0x0000000703200000, 0x0000000703400000, 0x0000000703400000|100%|HS|  |TAMS 0x0000000703200000| PB 0x0000000703200000| Complete 
|   1|0x0000000703400000, 0x0000000703600000, 0x0000000703600000|100%|HS|  |TAMS 0x0000000703400000| PB 0x0000000703400000| Complete 
|   2|0x0000000703600000, 0x0000000703800000, 0x0000000703800000|100%| O|  |TAMS 0x0000000703600000| PB 0x0000000703600000| Untracked 
|   3|0x0000000703800000, 0x0000000703a00000, 0x0000000703a00000|100%| O|  |TAMS 0x0000000703800000| PB 0x0000000703800000| Untracked 
|   4|0x0000000703a00000, 0x0000000703c00000, 0x0000000703c00000|100%| O|  |TAMS 0x0000000703a00000| PB 0x0000000703a00000| Untracked 
|   5|0x0000000703c00000, 0x0000000703e00000, 0x0000000703e00000|100%| O|  |TAMS 0x0000000703c00000| PB 0x0000000703c00000| Untracked 
|   6|0x0000000703e00000, 0x0000000704000000, 0x0000000704000000|100%| O|  |TAMS 0x0000000703e00000| PB 0x0000000703e00000| Untracked 
|   7|0x0000000704000000, 0x00000007041b5aa8, 0x0000000704200000| 85%| O|Cm|TAMS 0x0000000704000000| PB 0x0000000704000000| Complete 
|   8|0x0000000704200000, 0x0000000704200000, 0x0000000704400000|  0%| F|  |TAMS 0x0000000704200000| PB 0x0000000704200000| Untracked 
|   9|0x0000000704400000, 0x0000000704400000, 0x0000000704600000|  0%| F|  |TAMS 0x0000000704400000| PB 0x0000000704400000| Untracked 
|  10|0x0000000704600000, 0x0000000704600000, 0x0000000704800000|  0%| F|  |TAMS 0x0000000704600000| PB 0x0000000704600000| Untracked 
|  11|0x0000000704800000, 0x0000000704800000, 0x0000000704a00000|  0%| F|  |TAMS 0x0000000704800000| PB 0x0000000704800000| Untracked 
|  12|0x0000000704a00000, 0x0000000704a00000, 0x0000000704c00000|  0%| F|  |TAMS 0x0000000704a00000| PB 0x0000000704a00000| Untracked 
|  13|0x0000000704c00000, 0x0000000704c00000, 0x0000000704e00000|  0%| F|  |TAMS 0x0000000704c00000| PB 0x0000000704c00000| Untracked 
|  14|0x0000000704e00000, 0x0000000704e00000, 0x0000000705000000|  0%| F|  |TAMS 0x0000000704e00000| PB 0x0000000704e00000| Untracked 
|  15|0x0000000705000000, 0x0000000705000000, 0x0000000705200000|  0%| F|  |TAMS 0x0000000705000000| PB 0x0000000705000000| Untracked 
|  16|0x0000000705200000, 0x0000000705200000, 0x0000000705400000|  0%| F|  |TAMS 0x0000000705200000| PB 0x0000000705200000| Untracked 
|  17|0x0000000705400000, 0x0000000705400000, 0x0000000705600000|  0%| F|  |TAMS 0x0000000705400000| PB 0x0000000705400000| Untracked 
|  18|0x0000000705600000, 0x0000000705600000, 0x0000000705800000|  0%| F|  |TAMS 0x0000000705600000| PB 0x0000000705600000| Untracked 
|  19|0x0000000705800000, 0x0000000705800000, 0x0000000705a00000|  0%| F|  |TAMS 0x0000000705800000| PB 0x0000000705800000| Untracked 
|  20|0x0000000705a00000, 0x0000000705a00000, 0x0000000705c00000|  0%| F|  |TAMS 0x0000000705a00000| PB 0x0000000705a00000| Untracked 
|  21|0x0000000705c00000, 0x0000000705c00000, 0x0000000705e00000|  0%| F|  |TAMS 0x0000000705c00000| PB 0x0000000705c00000| Untracked 
|  22|0x0000000705e00000, 0x0000000705e00000, 0x0000000706000000|  0%| F|  |TAMS 0x0000000705e00000| PB 0x0000000705e00000| Untracked 
|  23|0x0000000706000000, 0x0000000706000000, 0x0000000706200000|  0%| F|  |TAMS 0x0000000706000000| PB 0x0000000706000000| Untracked 
|  24|0x0000000706200000, 0x0000000706200000, 0x0000000706400000|  0%| F|  |TAMS 0x0000000706200000| PB 0x0000000706200000| Untracked 
|  25|0x0000000706400000, 0x0000000706400000, 0x0000000706600000|  0%| F|  |TAMS 0x0000000706400000| PB 0x0000000706400000| Untracked 
|  26|0x0000000706600000, 0x0000000706600000, 0x0000000706800000|  0%| F|  |TAMS 0x0000000706600000| PB 0x0000000706600000| Untracked 
|  27|0x0000000706800000, 0x0000000706800000, 0x0000000706a00000|  0%| F|  |TAMS 0x0000000706800000| PB 0x0000000706800000| Untracked 
|  28|0x0000000706a00000, 0x0000000706a00000, 0x0000000706c00000|  0%| F|  |TAMS 0x0000000706a00000| PB 0x0000000706a00000| Untracked 
|  29|0x0000000706c00000, 0x0000000706c00000, 0x0000000706e00000|  0%| F|  |TAMS 0x0000000706c00000| PB 0x0000000706c00000| Untracked 
|  30|0x0000000706e00000, 0x0000000706f00800, 0x0000000707000000| 50%| E|  |TAMS 0x0000000706e00000| PB 0x0000000706e00000| Complete 
|  31|0x0000000707000000, 0x0000000707200000, 0x0000000707200000|100%| E|CS|TAMS 0x0000000707000000| PB 0x0000000707000000| Complete 
|  32|0x0000000707200000, 0x0000000707400000, 0x0000000707400000|100%| E|CS|TAMS 0x0000000707200000| PB 0x0000000707200000| Complete 
|  33|0x0000000707400000, 0x0000000707600000, 0x0000000707600000|100%| E|CS|TAMS 0x0000000707400000| PB 0x0000000707400000| Complete 
|  34|0x0000000707600000, 0x0000000707800000, 0x0000000707800000|100%| E|CS|TAMS 0x0000000707600000| PB 0x0000000707600000| Complete 
|  35|0x0000000707800000, 0x0000000707a00000, 0x0000000707a00000|100%| E|CS|TAMS 0x0000000707800000| PB 0x0000000707800000| Complete 
|  36|0x0000000707a00000, 0x0000000707c00000, 0x0000000707c00000|100%| E|CS|TAMS 0x0000000707a00000| PB 0x0000000707a00000| Complete 
|  37|0x0000000707c00000, 0x0000000707e00000, 0x0000000707e00000|100%| E|CS|TAMS 0x0000000707c00000| PB 0x0000000707c00000| Complete 
|  38|0x0000000707e00000, 0x0000000708000000, 0x0000000708000000|100%| E|CS|TAMS 0x0000000707e00000| PB 0x0000000707e00000| Complete 
|  39|0x0000000708000000, 0x0000000708200000, 0x0000000708200000|100%| E|CS|TAMS 0x0000000708000000| PB 0x0000000708000000| Complete 
|  40|0x0000000708200000, 0x0000000708400000, 0x0000000708400000|100%| E|CS|TAMS 0x0000000708200000| PB 0x0000000708200000| Complete 
| 114|0x0000000711600000, 0x000000071172c430, 0x0000000711800000| 58%| S|CS|TAMS 0x0000000711600000| PB 0x0000000711600000| Complete 
| 115|0x0000000711800000, 0x0000000711a00000, 0x0000000711a00000|100%| S|CS|TAMS 0x0000000711800000| PB 0x0000000711800000| Complete 
| 116|0x0000000711a00000, 0x0000000711c00000, 0x0000000711c00000|100%| S|CS|TAMS 0x0000000711a00000| PB 0x0000000711a00000| Complete 
| 117|0x0000000711c00000, 0x0000000711e00000, 0x0000000711e00000|100%| S|CS|TAMS 0x0000000711c00000| PB 0x0000000711c00000| Complete 
| 118|0x0000000711e00000, 0x0000000712000000, 0x0000000712000000|100%| S|CS|TAMS 0x0000000711e00000| PB 0x0000000711e00000| Complete 
| 126|0x0000000712e00000, 0x0000000713000000, 0x0000000713000000|100%| E|CS|TAMS 0x0000000712e00000| PB 0x0000000712e00000| Complete 

Card table byte_map: [0x000001997d370000,0x000001997db60000] _byte_map_base: 0x0000019979b57000

Marking Bits: (CMBitMap*) 0x000001996523b870
 Bits: [0x0000019900000000, 0x0000019903f38000)

Polling page: 0x00000199630a0000

Metaspace:

Usage:
  Non-class:     19.47 MB used.
      Class:      2.54 MB used.
       Both:     22.01 MB used.

Virtual space:
  Non-class space:       64.00 MB reserved,      19.62 MB ( 31%) committed,  1 nodes.
      Class space:        1.00 GB reserved,       2.75 MB ( <1%) committed,  1 nodes.
             Both:        1.06 GB reserved,      22.38 MB (  2%) committed. 

Chunk freelists:
   Non-Class:  12.33 MB
       Class:  13.12 MB
        Both:  25.45 MB

MaxMetaspaceSize: unlimited
CompressedClassSpaceSize: 1.00 GB
Initial GC threshold: 21.00 MB
Current GC threshold: 35.12 MB
CDS: on
 - commit_granule_bytes: 65536.
 - commit_granule_words: 8192.
 - virtual_space_node_default_size: 8388608.
 - enlarge_chunks_in_place: 1.
 - use_allocation_guard: 0.


Internal statistics:

num_allocs_failed_limit: 3.
num_arena_births: 290.
num_arena_deaths: 0.
num_vsnodes_births: 2.
num_vsnodes_deaths: 0.
num_space_committed: 358.
num_space_uncommitted: 0.
num_chunks_returned_to_freelist: 3.
num_chunks_taken_from_freelist: 1077.
num_chunk_merges: 3.
num_chunk_splits: 703.
num_chunks_enlarged: 505.
num_inconsistent_stats: 0.

CodeHeap 'non-profiled nmethods': size=120000Kb used=1661Kb max_used=1661Kb free=118338Kb
 bounds [0x00000199750f0000, 0x0000019975360000, 0x000001997c620000]
CodeHeap 'profiled nmethods': size=120000Kb used=7825Kb max_used=7825Kb free=112174Kb
 bounds [0x000001996d620000, 0x000001996ddd0000, 0x0000019974b50000]
CodeHeap 'non-nmethods': size=5760Kb used=1498Kb max_used=1537Kb free=4262Kb
 bounds [0x0000019974b50000, 0x0000019974dc0000, 0x00000199750f0000]
 total_blobs=4517 nmethods=3943 adapters=478
 compilation: enabled
              stopped_count=0, restarted_count=0
 full_count=0

Compilation events (20 events):
Event: 24.120 Thread 0x00000199048e69a0 3929       3       java.io.FileDescriptor$1::get (5 bytes)
Event: 24.120 Thread 0x00000199048e69a0 nmethod 3929 0x000001996ddb2b90 code [0x000001996ddb2d20, 0x000001996ddb2e38]
Event: 24.140 Thread 0x00000199048e69a0 3930   !   3       org.testcontainers.shaded.com.github.dockerjava.core.DefaultInvocationBuilder$2::close (29 bytes)
Event: 24.140 Thread 0x00000199048e69a0 nmethod 3930 0x000001996ddb2f10 code [0x000001996ddb3100, 0x000001996ddb34a0]
Event: 24.140 Thread 0x00000199048e69a0 3931       3       java.util.HashMap$KeySpliterator::forEachRemaining (186 bytes)
Event: 24.141 Thread 0x00000199048e69a0 nmethod 3931 0x000001996ddb3690 code [0x000001996ddb38a0, 0x000001996ddb40d8]
Event: 24.143 Thread 0x00000199048e69a0 3932       3       java.nio.ByteBuffer::array (35 bytes)
Event: 24.143 Thread 0x00000199048e69a0 nmethod 3932 0x000001996ddb4390 code [0x000001996ddb4560, 0x000001996ddb4840]
Event: 24.273 Thread 0x00000199048e69a0 3934       3       java.util.stream.Nodes$FixedNodeBuilder::<init> (29 bytes)
Event: 24.273 Thread 0x00000199048e69a0 nmethod 3934 0x000001996ddb4990 code [0x000001996ddb4b40, 0x000001996ddb4c98]
Event: 24.273 Thread 0x00000199048e69a0 3935       3       java.util.stream.Nodes$ArrayNode::<init> (43 bytes)
Event: 24.274 Thread 0x00000199048e69a0 nmethod 3935 0x000001996ddb4d90 code [0x000001996ddb4f80, 0x000001996ddb5430]
Event: 24.274 Thread 0x00000199048e69a0 3936       3       java.util.stream.Nodes$FixedNodeBuilder::begin (52 bytes)
Event: 24.276 Thread 0x00000199048e69a0 nmethod 3936 0x000001996ddb5590 code [0x000001996ddb5860, 0x000001996ddb6828]
Event: 24.406 Thread 0x00000199048e69a0 3937       3       java.util.concurrent.CompletableFuture::tryPushStack (23 bytes)
Event: 24.407 Thread 0x00000199048e69a0 nmethod 3937 0x000001996ddb6d90 code [0x000001996ddb70e0, 0x000001996ddb85b0]
Event: 24.407 Thread 0x00000199048e69a0 3938       3       java.util.concurrent.CompletableFuture$Signaller::tryFire (20 bytes)
Event: 24.408 Thread 0x00000199048e69a0 nmethod 3938 0x000001996ddb8c10 code [0x000001996ddb8e00, 0x000001996ddb9268]
Event: 24.408 Thread 0x00000199048e69a0 3939       3       java.util.stream.Collectors$$Lambda/0x80000003f::accept (12 bytes)
Event: 24.409 Thread 0x00000199048e69a0 nmethod 3939 0x000001996ddb9390 code [0x000001996ddb9560, 0x000001996ddb98a8]

GC Heap History (8 events):
Event: 0.564 GC heap before
{Heap before GC invocations=0 (full 0):
 garbage-first heap   total 260096K, used 24576K [0x0000000703200000, 0x0000000800000000)
  region size 2048K, 11 young (22528K), 0 survivors (0K)
 Metaspace       used 1904K, committed 2112K, reserved 1114112K
  class space    used 171K, committed 256K, reserved 1048576K
}
Event: 0.569 GC heap after
{Heap after GC invocations=1 (full 0):
 garbage-first heap   total 260096K, used 15892K [0x0000000703200000, 0x0000000800000000)
  region size 2048K, 2 young (4096K), 2 survivors (4096K)
 Metaspace       used 1904K, committed 2112K, reserved 1114112K
  class space    used 171K, committed 256K, reserved 1048576K
}
Event: 1.065 GC heap before
{Heap before GC invocations=1 (full 0):
 garbage-first heap   total 260096K, used 32276K [0x0000000703200000, 0x0000000800000000)
  region size 2048K, 10 young (20480K), 2 survivors (4096K)
 Metaspace       used 6326K, committed 6528K, reserved 1114112K
  class space    used 763K, committed 896K, reserved 1048576K
}
Event: 1.068 GC heap after
{Heap after GC invocations=2 (full 0):
 garbage-first heap   total 260096K, used 17766K [0x0000000703200000, 0x0000000800000000)
  region size 2048K, 1 young (2048K), 1 survivors (2048K)
 Metaspace       used 6326K, committed 6528K, reserved 1114112K
  class space    used 763K, committed 896K, reserved 1048576K
}
Event: 2.670 GC heap before
{Heap before GC invocations=2 (full 0):
 garbage-first heap   total 260096K, used 71014K [0x0000000703200000, 0x0000000800000000)
  region size 2048K, 28 young (57344K), 1 survivors (2048K)
 Metaspace       used 18235K, committed 18560K, reserved 1114112K
  class space    used 2212K, committed 2368K, reserved 1048576K
}
Event: 2.678 GC heap after
{Heap after GC invocations=3 (full 0):
 garbage-first heap   total 260096K, used 22988K [0x0000000703200000, 0x0000000800000000)
  region size 2048K, 4 young (8192K), 4 survivors (8192K)
 Metaspace       used 18235K, committed 18560K, reserved 1114112K
  class space    used 2212K, committed 2368K, reserved 1048576K
}
Event: 4.143 GC heap before
{Heap before GC invocations=3 (full 0):
 garbage-first heap   total 260096K, used 35276K [0x0000000703200000, 0x0000000800000000)
  region size 2048K, 12 young (24576K), 4 survivors (8192K)
 Metaspace       used 21232K, committed 21504K, reserved 1114112K
  class space    used 2492K, committed 2624K, reserved 1048576K
}
Event: 4.150 GC heap after
{Heap after GC invocations=4 (full 0):
 garbage-first heap   total 260096K, used 25479K [0x0000000703200000, 0x0000000800000000)
  region size 2048K, 5 young (10240K), 5 survivors (10240K)
 Metaspace       used 21232K, committed 21504K, reserved 1114112K
  class space    used 2492K, committed 2624K, reserved 1048576K
}

Dll operation events (8 events):
Event: 0.008 Loaded shared library C:\Program Files\Java\jdk-21\bin\java.dll
Event: 0.054 Loaded shared library C:\Program Files\Java\jdk-21\bin\jsvml.dll
Event: 0.161 Loaded shared library C:\Program Files\Java\jdk-21\bin\net.dll
Event: 0.163 Loaded shared library C:\Program Files\Java\jdk-21\bin\nio.dll
Event: 0.167 Loaded shared library C:\Program Files\Java\jdk-21\bin\zip.dll
Event: 0.396 Loaded shared library C:\Program Files\Java\jdk-21\bin\jimage.dll
Event: 0.453 Loaded shared library C:\Program Files\Java\jdk-21\bin\extnet.dll
Event: 1.236 Loaded shared library C:\Program Files\Java\jdk-21\bin\verify.dll

Deoptimization events (20 events):
Event: 4.198 Thread 0x0000019962f4f400 Uncommon trap: trap_request=0xffffffde fr.pc=0x00000199752249b0 relative=0x0000000000000350
Event: 4.198 Thread 0x0000019962f4f400 Uncommon trap: reason=class_check action=maybe_recompile pc=0x00000199752249b0 method=java.util.TreeMap.put(Ljava/lang/Object;Ljava/lang/Object;Z)Ljava/lang/Object; @ 118 c2
Event: 4.198 Thread 0x0000019962f4f400 DEOPT PACKING pc=0x00000199752249b0 sp=0x000000377abfac20
Event: 4.198 Thread 0x0000019962f4f400 DEOPT UNPACKING pc=0x0000019974ba46a2 sp=0x000000377abfabc0 mode 2
Event: 4.198 Thread 0x0000019962f4f400 Uncommon trap: trap_request=0xffffffde fr.pc=0x00000199752249b0 relative=0x0000000000000350
Event: 4.198 Thread 0x0000019962f4f400 Uncommon trap: reason=class_check action=maybe_recompile pc=0x00000199752249b0 method=java.util.TreeMap.put(Ljava/lang/Object;Ljava/lang/Object;Z)Ljava/lang/Object; @ 118 c2
Event: 4.198 Thread 0x0000019962f4f400 DEOPT PACKING pc=0x00000199752249b0 sp=0x000000377abfac20
Event: 4.198 Thread 0x0000019962f4f400 DEOPT UNPACKING pc=0x0000019974ba46a2 sp=0x000000377abfabc0 mode 2
Event: 4.198 Thread 0x0000019962f4f400 Uncommon trap: trap_request=0xffffffde fr.pc=0x00000199752249b0 relative=0x0000000000000350
Event: 4.198 Thread 0x0000019962f4f400 Uncommon trap: reason=class_check action=maybe_recompile pc=0x00000199752249b0 method=java.util.TreeMap.put(Ljava/lang/Object;Ljava/lang/Object;Z)Ljava/lang/Object; @ 118 c2
Event: 4.198 Thread 0x0000019962f4f400 DEOPT PACKING pc=0x00000199752249b0 sp=0x000000377abfac20
Event: 4.198 Thread 0x0000019962f4f400 DEOPT UNPACKING pc=0x0000019974ba46a2 sp=0x000000377abfabc0 mode 2
Event: 4.205 Thread 0x0000019962f4f400 DEOPT PACKING pc=0x000001996d6dcdbd sp=0x000000377abfa5c0
Event: 4.205 Thread 0x0000019962f4f400 DEOPT UNPACKING pc=0x0000019974ba4e42 sp=0x000000377abf9ab8 mode 0
Event: 8.144 Thread 0x0000019962f4f400 DEOPT PACKING pc=0x000001996dbe97fd sp=0x000000377abfb0d0
Event: 8.144 Thread 0x0000019962f4f400 DEOPT UNPACKING pc=0x0000019974ba4e42 sp=0x000000377abfa660 mode 0
Event: 8.650 Thread 0x0000019962f4f400 DEOPT PACKING pc=0x000001996d9e6311 sp=0x000000377abfb4b0
Event: 8.650 Thread 0x0000019962f4f400 DEOPT UNPACKING pc=0x0000019974ba4e42 sp=0x000000377abfa9d8 mode 0
Event: 17.833 Thread 0x0000019962f4f400 DEOPT PACKING pc=0x000001996d9e6332 sp=0x000000377abfb4b0
Event: 17.833 Thread 0x0000019962f4f400 DEOPT UNPACKING pc=0x0000019974ba4e42 sp=0x000000377abfa9d8 mode 0

Classes loaded (20 events):
Event: 4.204 Loading class java/security/spec/KeySpec
Event: 4.204 Loading class java/security/spec/KeySpec done
Event: 4.204 Loading class java/security/cert/CertificateException
Event: 4.204 Loading class java/security/cert/CertificateException done
Event: 4.204 Loading class javax/crypto/NoSuchPaddingException
Event: 4.204 Loading class javax/crypto/NoSuchPaddingException done
Event: 4.204 Loading class javax/crypto/IllegalBlockSizeException
Event: 4.204 Loading class javax/crypto/IllegalBlockSizeException done
Event: 4.204 Loading class javax/crypto/BadPaddingException
Event: 4.204 Loading class javax/crypto/BadPaddingException done
Event: 4.209 Loading class java/net/BindException
Event: 4.209 Loading class java/net/BindException done
Event: 4.213 Loading class java/util/concurrent/atomic/AtomicReferenceFieldUpdater
Event: 4.213 Loading class java/util/concurrent/atomic/AtomicReferenceFieldUpdater done
Event: 4.213 Loading class java/util/concurrent/atomic/AtomicReferenceFieldUpdater$AtomicReferenceFieldUpdaterImpl
Event: 4.213 Loading class java/util/concurrent/atomic/AtomicReferenceFieldUpdater$AtomicReferenceFieldUpdaterImpl done
Event: 4.213 Loading class java/util/concurrent/atomic/AtomicReferenceFieldUpdater$AtomicReferenceFieldUpdaterImpl$1
Event: 4.213 Loading class java/util/concurrent/atomic/AtomicReferenceFieldUpdater$AtomicReferenceFieldUpdaterImpl$1 done
Event: 4.213 Loading class sun/reflect/misc/ReflectUtil
Event: 4.213 Loading class sun/reflect/misc/ReflectUtil done

Classes unloaded (0 events):
No events

Classes redefined (0 events):
No events

Internal exceptions (20 events):
Event: 1.191 Thread 0x0000019962f4f400 Exception <a 'java/lang/NoSuchMethodError'{0x0000000712ad48e0}: 'int java.lang.invoke.DirectMethodHandle$Holder.invokeVirtual(java.lang.Object, java.lang.Object, java.lang.Object)'> (0x0000000712ad48e0) 
thrown [s\open\src\hotspot\share\interpreter\linkResolver.cpp, line 773]
Event: 1.304 Thread 0x0000019962f4f400 Exception <a 'java/lang/NoSuchMethodError'{0x0000000712670b00}: 'java.lang.Object java.lang.invoke.DirectMethodHandle$Holder.invokeStaticInit(java.lang.Object, int, int, int, int)'> (0x0000000712670b00) 
thrown [s\open\src\hotspot\share\interpreter\linkResolver.cpp, line 773]
Event: 1.332 Thread 0x0000019962f4f400 Exception <a 'java/lang/NoSuchMethodError'{0x000000071272a130}: 'java.lang.Object java.lang.invoke.DirectMethodHandle$Holder.invokeStaticInit(java.lang.Object, java.lang.Object, int, int, int, int)'> (0x000000071272a130) 
thrown [s\open\src\hotspot\share\interpreter\linkResolver.cpp, line 773]
Event: 1.695 Thread 0x0000019962f4f400 Exception <a 'java/lang/NoSuchMethodError'{0x0000000711206928}: 'void java.lang.invoke.Invokers$Holder.invokeExact_MT(java.lang.Object, java.lang.Object, java.lang.Object, java.lang.Object)'> (0x0000000711206928) 
thrown [s\open\src\hotspot\share\interpreter\linkResolver.cpp, line 773]
Event: 1.696 Thread 0x0000019962f4f400 Exception <a 'java/lang/NoSuchMethodError'{0x0000000711214468}: 'void java.lang.invoke.DelegatingMethodHandle$Holder.reinvoke_L(java.lang.Object, java.lang.Object, int)'> (0x0000000711214468) 
thrown [s\open\src\hotspot\share\interpreter\linkResolver.cpp, line 773]
Event: 1.767 Thread 0x0000019962f4f400 Exception <a 'java/lang/NoSuchMethodError'{0x0000000710c08a78}: 'long java.lang.invoke.DirectMethodHandle$Holder.invokeStatic(java.lang.Object, java.lang.Object)'> (0x0000000710c08a78) 
thrown [s\open\src\hotspot\share\interpreter\linkResolver.cpp, line 773]
Event: 1.966 Thread 0x0000019962f4f400 Exception <a 'java/lang/NoSuchMethodError'{0x00000007104b1200}: 'void java.lang.invoke.DirectMethodHandle$Holder.invokeVirtual(java.lang.Object, java.lang.Object, java.lang.Object, java.lang.Object)'> (0x00000007104b1200) 
thrown [s\open\src\hotspot\share\interpreter\linkResolver.cpp, line 773]
Event: 2.470 Thread 0x0000019962f4f400 Exception <a 'java/lang/NoSuchMethodError'{0x000000070fcca8c8}: 'void java.lang.invoke.DirectMethodHandle$Holder.invokeStatic(java.lang.Object, long)'> (0x000000070fcca8c8) 
thrown [s\open\src\hotspot\share\interpreter\linkResolver.cpp, line 773]
Event: 2.471 Thread 0x0000019962f4f400 Exception <a 'java/lang/NoSuchMethodError'{0x000000070fccfe80}: 'java.lang.Object java.lang.invoke.DirectMethodHandle$Holder.newInvokeSpecial(java.lang.Object, long)'> (0x000000070fccfe80) 
thrown [s\open\src\hotspot\share\interpreter\linkResolver.cpp, line 773]
Event: 2.472 Thread 0x0000019962f4f400 Exception <a 'java/lang/NoSuchMethodError'{0x000000070fcd6a90}: 'java.lang.Object java.lang.invoke.DirectMethodHandle$Holder.invokeStatic(java.lang.Object, long, java.lang.Object)'> (0x000000070fcd6a90) 
thrown [s\open\src\hotspot\share\interpreter\linkResolver.cpp, line 773]
Event: 2.472 Thread 0x0000019962f4f400 Exception <a 'java/lang/NoSuchMethodError'{0x000000070fcda908}: 'java.lang.Object java.lang.invoke.DirectMethodHandle$Holder.invokeStaticInit(java.lang.Object, long, java.lang.Object)'> (0x000000070fcda908) 
thrown [s\open\src\hotspot\share\interpreter\linkResolver.cpp, line 773]
Event: 2.551 Thread 0x0000019962f4f400 Exception <a 'java/lang/NoSuchMethodError'{0x000000070f8a5258}: 'void java.lang.invoke.DirectMethodHandle$Holder.invokeStatic(java.lang.Object, java.lang.Object, java.lang.Object, java.lang.Object, java.lang.Object, java.lang.Object)'> (0x000000070f8a5258) 
thrown [s\open\src\hotspot\share\interpreter\linkResolver.cpp, line 773]
Event: 2.682 Thread 0x0000019962f4f400 Exception <a 'java/lang/IncompatibleClassChangeError'{0x0000000712e1a6d8}: Found class java.lang.Object, but interface was expected> (0x0000000712e1a6d8) 
thrown [s\open\src\hotspot\share\interpreter\linkResolver.cpp, line 840]
Event: 2.683 Thread 0x0000019962f4f400 Exception <a 'java/lang/IncompatibleClassChangeError'{0x0000000712e1e280}: Found class java.lang.Object, but interface was expected> (0x0000000712e1e280) 
thrown [s\open\src\hotspot\share\interpreter\linkResolver.cpp, line 840]
Event: 3.090 Thread 0x0000019962f4f400 Exception <a 'java/lang/IncompatibleClassChangeError'{0x0000000712e33850}: Found class java.lang.Object, but interface was expected> (0x0000000712e33850) 
thrown [s\open\src\hotspot\share\interpreter\linkResolver.cpp, line 840]
Event: 3.201 Thread 0x0000019962f4f400 Implicit null exception at 0x00000199751382a4 to 0x000001997513891c
Event: 3.201 Thread 0x0000019962f4f400 Implicit null exception at 0x000001997511de20 to 0x000001997511e48c
Event: 3.279 Thread 0x0000019962f4f400 Exception <a 'java/lang/NoSuchMethodError'{0x0000000712832f28}: 'void java.lang.invoke.DirectMethodHandle$Holder.invokeVirtual(java.lang.Object, java.lang.Object)'> (0x0000000712832f28) 
thrown [s\open\src\hotspot\share\interpreter\linkResolver.cpp, line 773]
Event: 3.285 Thread 0x0000019962f4f400 Exception <a 'java/lang/NoSuchMethodError'{0x0000000712841198}: 'java.lang.Object java.lang.invoke.DirectMethodHandle$Holder.invokeInterface(java.lang.Object, java.lang.Object, int)'> (0x0000000712841198) 
thrown [s\open\src\hotspot\share\interpreter\linkResolver.cpp, line 773]
Event: 3.286 Thread 0x0000019962f4f400 Exception <a 'java/lang/IncompatibleClassChangeError'{0x0000000712844a68}: Found class java.lang.Object, but interface was expected> (0x0000000712844a68) 
thrown [s\open\src\hotspot\share\interpreter\linkResolver.cpp, line 840]

ZGC Phase Switch (0 events):
No events

VM Operations (20 events):
Event: 9.208 Executing VM operation: Cleanup
Event: 9.208 Executing VM operation: Cleanup done
Event: 10.212 Executing VM operation: Cleanup
Event: 10.212 Executing VM operation: Cleanup done
Event: 11.225 Executing VM operation: Cleanup
Event: 11.226 Executing VM operation: Cleanup done
Event: 12.237 Executing VM operation: Cleanup
Event: 12.237 Executing VM operation: Cleanup done
Event: 13.253 Executing VM operation: Cleanup
Event: 13.998 Executing VM operation: Cleanup done
Event: 16.016 Executing VM operation: Cleanup
Event: 16.016 Executing VM operation: Cleanup done
Event: 18.033 Executing VM operation: Cleanup
Event: 18.034 Executing VM operation: Cleanup done
Event: 19.044 Executing VM operation: Cleanup
Event: 19.265 Executing VM operation: Cleanup done
Event: 23.286 Executing VM operation: Cleanup
Event: 24.117 Executing VM operation: Cleanup done
Event: 25.130 Executing VM operation: Cleanup
Event: 25.130 Executing VM operation: Cleanup done

Events (20 events):
Event: 2.477 Thread 0x000001994b2d2ed0 Thread added: 0x000001994b2d2ed0
Event: 2.477 Thread 0x000001994b2d2ed0 Thread exited: 0x000001994b2d2ed0
Event: 2.478 Thread 0x000001994b2d3bf0 Thread added: 0x000001994b2d3bf0
Event: 2.494 Thread 0x000001994b2d2840 Thread exited: 0x000001994b2d2840
Event: 2.494 Thread 0x000001994b2d21b0 Thread exited: 0x000001994b2d21b0
Event: 2.495 Thread 0x000001994b2d3bf0 Thread exited: 0x000001994b2d3bf0
Event: 2.526 Thread 0x000001994b303430 Thread added: 0x000001994b303430
Event: 2.668 Thread 0x000001994b303430 Thread exited: 0x000001994b303430
Event: 3.187 Thread 0x000001994c907120 Thread added: 0x000001994c907120
Event: 3.271 Thread 0x000001994b2d1490 Thread added: 0x000001994b2d1490
Event: 3.284 Thread 0x000001994b2d5630 Thread added: 0x000001994b2d5630
Event: 3.285 Thread 0x000001994b2d2840 Thread added: 0x000001994b2d2840
Event: 3.285 Thread 0x000001994b2d1490 Thread exited: 0x000001994b2d1490
Event: 3.286 Thread 0x000001994b2d2ed0 Thread added: 0x000001994b2d2ed0
Event: 3.459 Thread 0x000001994c907120 Thread exited: 0x000001994c907120
Event: 3.485 Thread 0x000001994b2d3bf0 Thread added: 0x000001994b2d3bf0
Event: 3.520 Thread 0x000001994b2d3bf0 Thread exited: 0x000001994b2d3bf0
Event: 4.023 Thread 0x000001994b2d21b0 Thread added: 0x000001994b2d21b0
Event: 22.379 Thread 0x000001990491de80 Thread added: 0x000001990491de80
Event: 22.626 Thread 0x000001990491de80 Thread exited: 0x000001990491de80


Dynamic libraries:
0x00007ff66b920000 - 0x00007ff66b930000 	C:\Program Files\Java\jdk-21\bin\java.exe
0x00007ff8ec740000 - 0x00007ff8ec9a6000 	C:\WINDOWS\SYSTEM32\ntdll.dll
0x00007ff8eb370000 - 0x00007ff8eb439000 	C:\WINDOWS\System32\KERNEL32.DLL
0x00007ff8e9c50000 - 0x00007ff8ea01c000 	C:\WINDOWS\System32\KERNELBASE.dll
0x00007ff8e9b00000 - 0x00007ff8e9c4b000 	C:\WINDOWS\System32\ucrtbase.dll
0x00007ff8a0a90000 - 0x00007ff8a0aa9000 	C:\Program Files\Java\jdk-21\bin\jli.dll
0x00007ff89ede0000 - 0x00007ff89edfb000 	C:\Program Files\Java\jdk-21\bin\VCRUNTIME140.dll
0x00007ff8ec090000 - 0x00007ff8ec142000 	C:\WINDOWS\System32\ADVAPI32.dll
0x00007ff8eb8d0000 - 0x00007ff8eb979000 	C:\WINDOWS\System32\msvcrt.dll
0x00007ff8ec250000 - 0x00007ff8ec2f6000 	C:\WINDOWS\System32\sechost.dll
0x00007ff8eae00000 - 0x00007ff8eaf16000 	C:\WINDOWS\System32\RPCRT4.dll
0x00007ff8eb980000 - 0x00007ff8ebb4a000 	C:\WINDOWS\System32\USER32.dll
0x00007ff8ea4d0000 - 0x00007ff8ea4f7000 	C:\WINDOWS\System32\win32u.dll
0x00007ff8c9f20000 - 0x00007ff8ca1ba000 	C:\WINDOWS\WinSxS\amd64_microsoft.windows.common-controls_6595b64144ccf1df_6.0.26100.3912_none_3e07963ce335137e\COMCTL32.dll
0x00007ff8eb340000 - 0x00007ff8eb36b000 	C:\WINDOWS\System32\GDI32.dll
0x00007ff8ea0c0000 - 0x00007ff8ea1f2000 	C:\WINDOWS\System32\gdi32full.dll
0x00007ff8e9a50000 - 0x00007ff8e9af3000 	C:\WINDOWS\System32\msvcp_win.dll
0x00007ff8e0e30000 - 0x00007ff8e0e3b000 	C:\WINDOWS\SYSTEM32\VERSION.dll
0x00007ff8eb890000 - 0x00007ff8eb8c0000 	C:\WINDOWS\System32\IMM32.DLL
0x00007ff8e56e0000 - 0x00007ff8e56ec000 	C:\Program Files\Java\jdk-21\bin\vcruntime140_1.dll
0x00007ff84ca60000 - 0x00007ff84caee000 	C:\Program Files\Java\jdk-21\bin\msvcp140.dll
0x00007ff80eae0000 - 0x00007ff80f7fa000 	C:\Program Files\Java\jdk-21\bin\server\jvm.dll
0x00007ff8eb010000 - 0x00007ff8eb084000 	C:\WINDOWS\System32\WS2_32.dll
0x00007ff8e91a0000 - 0x00007ff8e91fe000 	C:\WINDOWS\SYSTEM32\POWRPROF.dll
0x00007ff8da3f0000 - 0x00007ff8da426000 	C:\WINDOWS\SYSTEM32\WINMM.dll
0x00007ff8e9180000 - 0x00007ff8e9194000 	C:\WINDOWS\SYSTEM32\UMPDC.dll
0x00007ff8e8650000 - 0x00007ff8e866a000 	C:\WINDOWS\SYSTEM32\kernel.appcore.dll
0x00007ff8e1f70000 - 0x00007ff8e1f7a000 	C:\Program Files\Java\jdk-21\bin\jimage.dll
0x00007ff8e6a30000 - 0x00007ff8e6c71000 	C:\WINDOWS\SYSTEM32\DBGHELP.DLL
0x00007ff8eb440000 - 0x00007ff8eb7c4000 	C:\WINDOWS\System32\combase.dll
0x00007ff8eaf20000 - 0x00007ff8eb000000 	C:\WINDOWS\System32\OLEAUT32.dll
0x00007ff8c23b0000 - 0x00007ff8c23e9000 	C:\WINDOWS\SYSTEM32\dbgcore.DLL
0x00007ff8ea020000 - 0x00007ff8ea0b9000 	C:\WINDOWS\System32\bcryptPrimitives.dll
0x00007ff8adfb0000 - 0x00007ff8adfcf000 	C:\Program Files\Java\jdk-21\bin\java.dll
0x00007ff8ea500000 - 0x00007ff8eac2d000 	C:\WINDOWS\System32\SHELL32.dll
0x00007ff8e98d0000 - 0x00007ff8e9a44000 	C:\WINDOWS\System32\wintypes.dll
0x00007ff8e7520000 - 0x00007ff8e7d76000 	C:\WINDOWS\SYSTEM32\windows.storage.dll
0x00007ff8ec560000 - 0x00007ff8ec64f000 	C:\WINDOWS\System32\SHCORE.dll
0x00007ff8ec680000 - 0x00007ff8ec6e9000 	C:\WINDOWS\System32\shlwapi.dll
0x00007ff8e97e0000 - 0x00007ff8e980f000 	C:\WINDOWS\SYSTEM32\profapi.dll
0x00007ff888970000 - 0x00007ff888a47000 	C:\Program Files\Java\jdk-21\bin\jsvml.dll
0x00007ff8e0080000 - 0x00007ff8e0090000 	C:\Program Files\Java\jdk-21\bin\net.dll
0x00007ff8e0f30000 - 0x00007ff8e104e000 	C:\WINDOWS\SYSTEM32\WINHTTP.dll
0x00007ff8e8ba0000 - 0x00007ff8e8c0a000 	C:\WINDOWS\system32\mswsock.dll
0x00007ff88c090000 - 0x00007ff88c0a6000 	C:\Program Files\Java\jdk-21\bin\nio.dll
0x00007ff8a1a30000 - 0x00007ff8a1a48000 	C:\Program Files\Java\jdk-21\bin\zip.dll
0x00007ff8e80c0000 - 0x00007ff8e80f3000 	C:\WINDOWS\SYSTEM32\IPHLPAPI.DLL
0x00007ff8eada0000 - 0x00007ff8eadaa000 	C:\WINDOWS\System32\NSI.dll
0x00007ff8e00f0000 - 0x00007ff8e00f9000 	C:\Program Files\Java\jdk-21\bin\extnet.dll
0x00007ff8dfff0000 - 0x00007ff8e0000000 	C:\Program Files\Java\jdk-21\bin\verify.dll
0x00007ff8e8f60000 - 0x00007ff8e8f7c000 	C:\WINDOWS\SYSTEM32\CRYPTSP.dll
0x00007ff8e85b0000 - 0x00007ff8e85ea000 	C:\WINDOWS\system32\rsaenh.dll
0x00007ff8e8c40000 - 0x00007ff8e8c6b000 	C:\WINDOWS\SYSTEM32\USERENV.dll
0x00007ff8e97b0000 - 0x00007ff8e97d6000 	C:\WINDOWS\SYSTEM32\bcrypt.dll
0x00007ff8e8dd0000 - 0x00007ff8e8ddc000 	C:\WINDOWS\SYSTEM32\CRYPTBASE.dll
0x00007ff8e8160000 - 0x00007ff8e8287000 	C:\WINDOWS\SYSTEM32\DNSAPI.dll
0x00007ff8e1c40000 - 0x00007ff8e1c4b000 	C:\Windows\System32\rasadhlp.dll
0x00007ff8df530000 - 0x00007ff8df5b6000 	C:\WINDOWS\System32\fwpuclnt.dll

dbghelp: loaded successfully - version: 4.0.5 - missing functions: none
symbol engine: initialized successfully - sym options: 0x614 - pdb path: .;C:\Program Files\Java\jdk-21\bin;C:\WINDOWS\SYSTEM32;C:\WINDOWS\WinSxS\amd64_microsoft.windows.common-controls_6595b64144ccf1df_6.0.26100.3912_none_3e07963ce335137e;C:\Program Files\Java\jdk-21\bin\server

VM Arguments:
jvm_args: -ea -XX:+ShowCodeDetailsInExceptionMessages -Dfile.encoding=UTF-8 
java_command: org.eclipse.jdt.internal.junit.runner.RemoteTestRunner -version 3 -port 27260 -testLoaderClass org.eclipse.jdt.internal.junit5.runner.JUnit5TestLoader -loaderpluginname org.eclipse.jdt.junit5.runtime -test com.rubenrf.cafeteria_app.CafeteriaAppApplicationTests:crearCliente
java_class_path (initial): d:\Universidad\7 Semestre\Modelos de calidad de software\3 Corte\cafeteria-app\cafeteria-app\target\test-classes;d:\Universidad\7 Semestre\Modelos de calidad de software\3 Corte\cafeteria-app\cafeteria-app\target\classes;c:\Users\ruben\.m2\repository\org\springframework\boot\spring-boot-starter-data-jpa\3.4.5\spring-boot-starter-data-jpa-3.4.5.jar;c:\Users\ruben\.m2\repository\org\springframework\boot\spring-boot-starter\3.4.5\spring-boot-starter-3.4.5.jar;c:\Users\ruben\.m2\repository\org\springframework\boot\spring-boot\3.4.5\spring-boot-3.4.5.jar;c:\Users\ruben\.m2\repository\org\springframework\boot\spring-boot-starter-logging\3.4.5\spring-boot-starter-logging-3.4.5.jar;c:\Users\ruben\.m2\repository\ch\qos\logback\logback-classic\1.5.18\logback-classic-1.5.18.jar;c:\Users\ruben\.m2\repository\ch\qos\logback\logback-core\1.5.18\logback-core-1.5.18.jar;c:\Users\ruben\.m2\repository\org\apache\logging\log4j\log4j-to-slf4j\2.24.3\log4j-to-slf4j-2.24.3.jar;c:\Users\ruben\.m2\repository\org\apache\logging\log4j\log4j-api\2.24.3\log4j-api-2.24.3.jar;c:\Users\ruben\.m2\repository\org\slf4j\jul-to-slf4j\2.0.17\jul-to-slf4j-2.0.17.jar;c:\Users\ruben\.m2\repository\jakarta\annotation\jakarta.annotation-api\2.1.1\jakarta.annotation-api-2.1.1.jar;c:\Users\ruben\.m2\repository\org\yaml\snakeyaml\2.3\snakeyaml-2.3.jar;c:\Users\ruben\.m2\repository\org\springframework\boot\spring-boot-starter-jdbc\3.4.5\spring-boot-starter-jdbc-3.4.5.jar;c:\Users\ruben\.m2\repository\com\zaxxer\HikariCP\5.1.0\HikariCP-5.1.0.jar;c:\Users\ruben\.m2\repository\org\springframework\spring-jdbc\6.2.6\spring-jdbc-6.2.6.jar;c:\Users\ruben\.m2\repository\org\hibernate\orm\hibernate-core\6.6.13.Final\hibernate-core-6.6.13.Final.jar;c:\Users\ruben\.m2\repository\jakarta\persistence\jakarta.persistence-api\3.1.0\jakarta.persistence-api-3.1.0.jar;c:\Users\ruben\.m2\repository\jakarta\transaction\jakarta.transaction-api\2.0.1\jakarta.transaction-api-2.0.1.jar;c:\Users\ruben\.m2\repository\org\jboss\logging\jboss-logging\3.6.1.Final\jboss-logging-3.6.1.Final.jar;c:\Users\ruben\.m2\repository\org\hibernate\common\hibernate-commons-annotations\7.0.3.Final\hibernate-commons-annotations-7.0.3.Final.jar;c:\Users\ruben\.m2\repository\io\smallrye\jandex\3.2.0\jandex-3.2.0.jar;c:\Users\ruben\.m2\repository\com\fasterxml\classmate\1.7.0\classmate-1.7.0.jar;c:\Users\ruben\.m2\repository\net\bytebuddy\byte-buddy\1.15.11\byte-buddy-1.15.11.jar;c:\Users\ruben\.m2\repository\org\glassfish\jaxb\jaxb-runtime\4.0.5\jaxb-runtime-4.0.5.jar;c:\Users\ruben\.m2\repository\org\glassfish\jaxb\jaxb-core\4.0.5\jaxb-core-4.0.5.jar;c:\Users\ruben\.m2\repository\org\eclipse\angus\angus-activation\2.0.2\angus-activation-2.0.2.jar;c:\Users\ruben\.m2\repository\org\glassfish\jaxb\txw2\4.0.5\txw2-4.0.5.jar;c:\Users\ruben\.m2\repository\com\sun\istack\istack-commons-runtime\4.1.2\istack-commons-runtime-4.1.2.jar;c:\Users\ruben\.m2\repository\jakarta\inject\jakarta.inject-api\2.0.1\jakarta.inject-api-2.0.1.jar;c:\Users\ruben\.m2\repository\org\antlr\antlr4-runtime\4.13.0\antlr4-runtime-4.13.0.jar;c:\Users\ruben\.m2\repository\org\springframework\data\spring-data-jpa\3.4.5\spring-data-jpa-3.4.5.jar;c:\Users\ruben\.m2\repository\org\springframework\data\spring-data-commons\3.4.5\spring-data-commons-3.4.5.jar;c:\Users\ruben\.m2\repository\org\springframework\spring-orm\6.2.6\spring-orm-6.2.6.jar;c:\Users\ruben\.m2\repository\org\springframework\spring-context\6.2.6\spring-context-6.2.6.jar;c:\Users\ruben\.m2\repository\org\springframework\spring-aop\6.2.6\spring-aop-6.2.6.jar;c:\Users\ruben\.m2\repository\org\springframework\spring-tx\6.2.6\spring-tx-6.2.6.jar;c:\Users\ruben\.m2\repository\org\springframework\spring-beans\6.2.6\spring-beans-6.2.6.jar;c:\Users\ruben\.m2\repository\org\slf4j\slf4j-api\2.0.17\slf4j-api-2.0.17.jar;c:\Users\ruben\.m2\repository\org\springframework\spring-aspects\6.2.6\spring-aspects-6.2.6.jar;c:\Users\ruben\.m2\repository\org\aspectj\aspectjweaver\1.9.24\aspectjweaver-1.9.24.jar;c:\Users\ruben\.m2\repository\org\springframework\boot\spring-boot-starter-validation\3.4.5\spring-boot-starter-validation-3.4.5.jar;c:\Users\ruben\.m2\repository\org\apache\tomcat\embed\tomcat-embed-el\10.1.40\tomcat-embed-el-10.1.40.jar;c:\Users\ruben\.m2\repository\org\hibernate\validator\hibernate-validator\8.0.2.Final\hibernate-validator-8.0.2.Final.jar;c:\Users\ruben\.m2\repository\jakarta\validation\jakarta.validation-api\3.0.2\jakarta.validation-api-3.0.2.jar;c:\Users\ruben\.m2\repository\org\springframework\boot\spring-boot-starter-web\3.4.5\spring-boot-starter-web-3.4.5.jar;c:\Users\ruben\.m2\repository\org\springframework\boot\spring-boot-starter-json\3.4.5\spring-boot-starter-json-3.4.5.jar;c:\Users\ruben\.m2\repository\com\fasterxml\jackson\core\jackson-databind\2.18.3\jackson-databind-2.18.3.jar;c:\Users\ruben\.m2\repository\com\fasterxml\jackson\datatype\jackson-datatype-jdk8\2.18.3\jackson-datatype-jdk8-2.18.3.jar;c:\Users\ruben\.m2\repository\com\fasterxml\jackson\module\jackson-module-parameter-names\2.18.3\jackson-module-parameter-names-2.18.3.jar;c:\Users\ruben\.m2\repository\org\springframework\boot\spring-boot-starter-tomcat\3.4.5\spring-boot-starter-tomcat-3.4.5.jar;c:\Users\ruben\.m2\repository\org\apache\tomcat\embed\tomcat-embed-core\10.1.40\tomcat-embed-core-10.1.40.jar;c:\Users\ruben\.m2\repository\org\apache\tomcat\embed\tomcat-embed-websocket\10.1.40\tomcat-embed-websocket-10.1.40.jar;c:\Users\ruben\.m2\repository\org\springframework\spring-web\6.2.6\spring-web-6.2.6.jar;c:\Users\ruben\.m2\repository\io\micrometer\micrometer-observation\1.14.6\micrometer-observation-1.14.6.jar;c:\Users\ruben\.m2\repository\io\micrometer\micrometer-commons\1.14.6\micrometer-commons-1.14.6.jar;c:\Users\ruben\.m2\repository\org\springframework\spring-webmvc\6.2.6\spring-webmvc-6.2.6.jar;c:\Users\ruben\.m2\repository\org\springframework\spring-expression\6.2.6\spring-expression-6.2.6.jar;c:\Users\ruben\.m2\repository\org\flywaydb\flyway-core\10.20.1\flyway-core-10.20.1.jar;c:\Users\ruben\.m2\repository\com\fasterxml\jackson\dataformat\jackson-dataformat-toml\2.18.3\jackson-dataformat-toml-2.18.3.jar;c:\Users\ruben\.m2\repository\com\fasterxml\jackson\core\jackson-core\2.18.3\jackson-core-2.18.3.jar;c:\Users\ruben\.m2\repository\com\fasterxml\jackson\datatype\jackson-datatype-jsr310\2.18.3\jackson-datatype-jsr310-2.18.3.jar;c:\Users\ruben\.m2\repository\com\fasterxml\jackson\core\jackson-annotations\2.18.3\jackson-annotations-2.18.3.jar;c:\Users\ruben\.m2\repository\org\flywaydb\flyway-mysql\10.20.1\flyway-mysql-10.20.1.jar;c:\Users\ruben\.m2\repository\org\springframework\cloud\spring-cloud-starter-circuitbreaker-resilience4j\3.2.1\spring-cloud-starter-circuitbreaker-resilience4j-3.2.1.jar;c:\Users\ruben\.m2\repository\org\springframework\cloud\spring-cloud-starter\4.2.1\spring-cloud-starter-4.2.1.jar;c:\Users\ruben\.m2\repository\org\springframework\cloud\spring-cloud-context\4.2.1\spring-cloud-context-4.2.1.jar;c:\Users\ruben\.m2\repository\org\springframework\security\spring-security-crypto\6.4.5\spring-security-crypto-6.4.5.jar;c:\Users\ruben\.m2\repository\org\springframework\cloud\spring-cloud-commons\4.2.1\spring-cloud-commons-4.2.1.jar;c:\Users\ruben\.m2\repository\org\bouncycastle\bcprov-jdk18on\1.78.1\bcprov-jdk18on-1.78.1.jar;c:\Users\ruben\.m2\repository\org\springframework\cloud\spring-cloud-circuitbreaker-resilience4j\3.2.1\spring-cloud-circuitbreaker-resilience4j-3.2.1.jar;c:\Users\ruben\.m2\repository\io\github\resilience4j\resilience4j-spring-boot3\2.2.0\resilience4j-spring-boot3-2.2.0.jar;c:\Users\ruben\.m2\repository\io\github\resilience4j\resilience4j-spring6\2.2.0\resilience4j-spring6-2.2.0.jar;c:\Users\ruben\.m2\repository\io\github\resilience4j\resilience4j-annotations\2.2.0\resilience4j-annotations-2.2.0.jar;c:\Users\ruben\.m2\repository\io\github\resilience4j\resilience4j-consumer\2.2.0\resilience4j-consumer-2.2.0.jar;c:\Users\ruben\.m2\repository\io\github\resilience4j\resilience4j-circularbuffer\2.2.0\resilience4j-circularbuffer-2.2.0.jar;c:\Users\ruben\.m2\repository\io\github\resilience4j\resilience4j-framework-common\2.2.0\resilience4j-framework-common-2.2.0.jar;c:\Users\ruben\.m2\repository\io\github\resilience4j\resilience4j-micrometer\2.2.0\resilience4j-micrometer-2.2.0.jar;c:\Users\ruben\.m2\repository\io\micrometer\micrometer-core\1.14.6\micrometer-core-1.14.6.jar;c:\Users\ruben\.m2\repository\org\hdrhistogram\HdrHistogram\2.2.2\HdrHistogram-2.2.2.jar;c:\Users\ruben\.m2\repository\org\latencyutils\LatencyUtils\2.0.3\LatencyUtils-2.0.3.jar;c:\Users\ruben\.m2\repository\io\github\resilience4j\resilience4j-retry\2.2.0\resilience4j-retry-2.2.0.jar;c:\Users\ruben\.m2\repository\io\github\resilience4j\resilience4j-ratelimiter\2.2.0\resilience4j-ratelimiter-2.2.0.jar;c:\Users\ruben\.m2\repository\org\springframework\boot\spring-boot-configuration-processor\3.4.5\spring-boot-configuration-processor-3.4.5.jar;c:\Users\ruben\.m2\repository\io\github\resilience4j\resilience4j-circuitbreaker\2.2.0\resilience4j-circuitbreaker-2.2.0.jar;c:\Users\ruben\.m2\repository\io\github\resilience4j\resilience4j-core\2.2.0\resilience4j-core-2.2.0.jar;c:\Users\ruben\.m2\repository\io\github\resilience4j\resilience4j-timelimiter\2.2.0\resilience4j-timelimiter-2.2.0.jar;c:\Users\ruben\.m2\repository\com\mysql\mysql-connector-j\9.1.0\mysql-connector-j-9.1.0.jar;c:\Users\ruben\.m2\repository\org\projectlombok\lombok\1.18.38\lombok-1.18.38.jar;c:\Users\ruben\.m2\repository\org\springframework\boot\spring-boot-starter-test\3.4.5\spring-boot-starter-test-3.4.5.jar;c:\Users\ruben\.m2\repository\org\springframework\boot\spring-boot-test\3.4.5\spring-boot-test-3.4.5.jar;c:\Users\ruben\.m2\repository\org\springframework\boot\spring-boot-test-autoconfigure\3.4.5\spring-boot-test-autoconfigure-3.4.5.jar;c:\Users\ruben\.m2\repository\com\jayway\jsonpath\json-path\2.9.0\json-path-2.9.0.jar;c:\Users\ruben\.m2\repository\jakarta\xml\bind\jakarta.xml.bind-api\4.0.2\jakarta.xml.bind-api-4.0.2.jar;c:\Users\ruben\.m2\repository\jakarta\activation\jakarta.activation-api\2.1.3\jakarta.activation-api-2.1.3.jar;c:\Users\ruben\.m2\repository\net\minidev\json-smart\2.5.2\json-smart-2.5.2.jar;c:\Users\ruben\.m2\repository\net\minidev\accessors-smart\2.5.2\accessors-smart-2.5.2.jar;c:\Users\ruben\.m2\repository\org\ow2\asm\asm\9.7.1\asm-9.7.1.jar;c:\Users\ruben\.m2\repository\org\assertj\assertj-core\3.26.3\assertj-core-3.26.3.jar;c:\Users\ruben\.m2\repository\org\awaitility\awaitility\4.2.2\awaitility-4.2.2.jar;c:\Users\ruben\.m2\repository\org\hamcrest\hamcrest\2.2\hamcrest-2.2.jar;c:\Users\ruben\.m2\repository\org\junit\jupiter\junit-jupiter\5.11.4\junit-jupiter-5.11.4.jar;c:\Users\ruben\.m2\repository\org\junit\jupiter\junit-jupiter-api\5.11.4\junit-jupiter-api-5.11.4.jar;c:\Users\ruben\.m2\repository\org\opentest4j\opentest4j\1.3.0\opentest4j-1.3.0.jar;c:\Users\ruben\.m2\repository\org\junit\platform\junit-platform-commons\1.11.4\junit-platform-commons-1.11.4.jar;c:\Users\ruben\.m2\repository\org\apiguardian\apiguardian-api\1.1.2\apiguardian-api-1.1.2.jar;c:\Users\ruben\.m2\repository\org\junit\jupiter\junit-jupiter-params\5.11.4\junit-jupiter-params-5.11.4.jar;c:\Users\ruben\.m2\repository\org\junit\jupiter\junit-jupiter-engine\5.11.4\junit-jupiter-engine-5.11.4.jar;c:\Users\ruben\.m2\repository\org\junit\platform\junit-platform-engine\1.11.4\junit-platform-engine-1.11.4.jar;c:\Users\ruben\.m2\repository\org\mockito\mockito-core\5.14.2\mockito-core-5.14.2.jar;c:\Users\ruben\.m2\repository\net\bytebuddy\byte-buddy-agent\1.15.11\byte-buddy-agent-1.15.11.jar;c:\Users\ruben\.m2\repository\org\objenesis\objenesis\3.3\objenesis-3.3.jar;c:\Users\ruben\.m2\repository\org\mockito\mockito-junit-jupiter\5.14.2\mockito-junit-jupiter-5.14.2.jar;c:\Users\ruben\.m2\repository\org\skyscreamer\jsonassert\1.5.3\jsonassert-1.5.3.jar;c:\Users\ruben\.m2\repository\com\vaadin\external\google\android-json\0.0.20131108.vaadin1\android-json-0.0.20131108.vaadin1.jar;c:\Users\ruben\.m2\repository\org\springframework\spring-core\6.2.6\spring-core-6.2.6.jar;c:\Users\ruben\.m2\repository\org\springframework\spring-jcl\6.2.6\spring-jcl-6.2.6.jar;c:\Users\ruben\.m2\repository\org\springframework\spring-test\6.2.6\spring-test-6.2.6.jar;c:\Users\ruben\.m2\repository\org\xmlunit\xmlunit-core\2.10.0\xmlunit-core-2.10.0.jar;c:\Users\ruben\.m2\repository\org\springframework\boot\spring-boot-testcontainers\3.4.5\spring-boot-testcontainers-3.4.5.jar;c:\Users\ruben\.m2\repository\org\springframework\boot\spring-boot-autoconfigure\3.4.5\spring-boot-autoconfigure-3.4.5.jar;c:\Users\ruben\.m2\repository\org\testcontainers\testcontainers\1.20.6\testcontainers-1.20.6.jar;c:\Users\ruben\.m2\repository\junit\junit\4.13.2\junit-4.13.2.jar;c:\Users\ruben\.m2\repository\org\hamcrest\hamcrest-core\2.2\hamcrest-core-2.2.jar;c:\Users\ruben\.m2\repository\org\apache\commons\commons-compress\1.24.0\commons-compress-1.24.0.jar;c:\Users\ruben\.m2\repository\org\rnorth\duct-tape\duct-tape\1.0.8\duct-tape-1.0.8.jar;c:\Users\ruben\.m2\repository\org\jetbrains\annotations\17.0.0\annotations-17.0.0.jar;c:\Users\ruben\.m2\repository\com\github\docker-java\docker-java-api\3.4.1\docker-java-api-3.4.1.jar;c:\Users\ruben\.m2\repository\com\github\docker-java\docker-java-transport-zerodep\3.4.1\docker-java-transport-zerodep-3.4.1.jar;c:\Users\ruben\.m2\repository\com\github\docker-java\docker-java-transport\3.4.1\docker-java-transport-3.4.1.jar;c:\Users\ruben\.m2\repository\net\java\dev\jna\jna\5.13.0\jna-5.13.0.jar;c:\Users\ruben\.m2\repository\org\testcontainers\junit-jupiter\1.20.6\junit-jupiter-1.20.6.jar;c:\Users\ruben\.m2\repository\org\testcontainers\mysql\1.20.6\mysql-1.20.6.jar;c:\Users\ruben\.m2\repository\org\testcontainers\jdbc\1.20.6\jdbc-1.20.6.jar;c:\Users\ruben\.m2\repository\org\testcontainers\database-commons\1.20.6\database-commons-1.20.6.jar;c:\Users\ruben\.m2\repository\io\rest-assured\rest-assured\5.3.2\rest-assured-5.3.2.jar;c:\Users\ruben\.m2\repository\org\apache\groovy\groovy\4.0.26\groovy-4.0.26.jar;c:\Users\ruben\.m2\repository\org\apache\groovy\groovy-xml\4.0.26\groovy-xml-4.0.26.jar;c:\Users\ruben\.m2\repository\org\apache\httpcomponents\httpclient\4.5.13\httpclient-4.5.13.jar;c:\Users\ruben\.m2\repository\org\apache\httpcomponents\httpcore\4.4.16\httpcore-4.4.16.jar;c:\Users\ruben\.m2\repository\commons-logging\commons-logging\1.2\commons-logging-1.2.jar;c:\Users\ruben\.m2\repository\commons-codec\commons-codec\1.17.2\commons-codec-1.17.2.jar;c:\Users\ruben\.m2\repository\org\apache\httpcomponents\httpmime\4.5.13\httpmime-4.5.13.jar;c:\Users\ruben\.m2\repository\org\ccil\cowan\tagsoup\tagsoup\1.2.1\tagsoup-1.2.1.jar;c:\Users\ruben\.m2\repository\io\rest-assured\json-path\5.5.1\json-path-5.5.1.jar;c:\Users\ruben\.m2\repository\org\apache\groovy\groovy-json\4.0.26\groovy-json-4.0.26.jar;c:\Users\ruben\.m2\repository\io\rest-assured\rest-assured-common\5.5.1\rest-assured-common-5.5.1.jar;c:\Users\ruben\.m2\repository\io\rest-assured\xml-path\5.5.1\xml-path-5.5.1.jar;c:\Users\ruben\.m2\repository\org\apache\commons\commons-lang3\3.17.0\commons-lang3-3.17.0.jar;c:\Users\ruben\.m2\repository\org\springdoc\springdoc-openapi-starter-webmvc-ui\2.8.5\springdoc-openapi-starter-webmvc-ui-2.8.5.jar;c:\Users\ruben\.m2\repository\org\webjars\swagger-ui\5.18.3\swagger-ui-5.18.3.jar;c:\Users\ruben\.m2\repository\org\webjars\webjars-locator-lite\1.0.1\webjars-locator-lite-1.0.1.jar;c:\Users\ruben\.m2\repository\org\jspecify\jspecify\1.0.0\jspecify-1.0.0.jar;c:\Users\ruben\.m2\repository\org\springdoc\springdoc-openapi-starter-webmvc-api\2.8.5\springdoc-openapi-starter-webmvc-api-2.8.5.jar;c:\Users\ruben\.m2\repository\org\springdoc\springdoc-openapi-starter-common\2.8.5\springdoc-openapi-starter-common-2.8.5.jar;c:\Users\ruben\.m2\repository\io\swagger\core\v3\swagger-core-jakarta\2.2.28\swagger-core-jakarta-2.2.28.jar;c:\Users\ruben\.m2\repository\io\swagger\core\v3\swagger-annotations-jakarta\2.2.28\swagger-annotations-jakarta-2.2.28.jar;c:\Users\ruben\.m2\repository\io\swagger\core\v3\swagger-models-jakarta\2.2.28\swagger-models-jakarta-2.2.28.jar;c:\Users\ruben\.m2\repository\com\fasterxml\jackson\dataformat\jackson-dataformat-yaml\2.18.3\jackson-dataformat-yaml-2.18.3.jar;c:\Users\ruben\.m2\repository\org\springframework\cloud\spring-cloud-starter-contract-stub-runner\4.2.1\spring-cloud-starter-contract-stub-runner-4.2.1.jar;c:\Users\ruben\.m2\repository\org\springframework\cloud\spring-cloud-contract-stub-runner\4.2.1\spring-cloud-contract-stub-runner-4.2.1.jar;c:\Users\ruben\.m2\repository\org\springframework\cloud\spring-cloud-contract-verifier\4.2.1\spring-cloud-contract-verifier-4.2.1.jar;c:\Users\ruben\.m2\repository\org\apache\commons\commons-text\1.11.0\commons-text-1.11.0.jar;c:\Users\ruben\.m2\repository\javax\inject\javax.inject\1\javax.inject-1.jar;c:\Users\ruben\.m2\repository\com\toomuchcoding\jsonassert\jsonassert\0.8.0\jsonassert-0.8.0.jar;c:\Users\ruben\.m2\repository\com\rackspace\eclipse\webtools\sourceediting\org.eclipse.wst.xml.xpath2.processor\2.1.100\org.eclipse.wst.xml.xpath2.processor-2.1.100.jar;c:\Users\ruben\.m2\repository\edu\princeton\cup\java-cup\10k\java-cup-10k.jar;c:\Users\ruben\.m2\repository\com\ibm\icu\icu4j\4.6\icu4j-4.6.jar;c:\Users\ruben\.m2\repository\org\apache\groovy\groovy-nio\4.0.26\groovy-nio-4.0.26.jar;c:\Users\ruben\.m2\repository\com\github\jknack\handlebars\4.3.1\handlebars-4.3.1.jar;c:\Users\ruben\.m2\repository\commons-beanutils\commons-beanutils\1.9.4\commons-beanutils-1.9.4.jar;c:\Users\ruben\.m2\repository\commons-collections\commons-collections\3.2.2\commons-collections-3.2.2.jar;c:\Users\ruben\.m2\repository\net\javacrumbs\json-unit\json-unit-assertj\2.38.0\json-unit-assertj-2.38.0.jar;c:\Users\ruben\.m2\repository\net\javacrumbs\json-unit\json-unit-core\2.38.0\json-unit-core-2.38.0.jar;c:\Users\ruben\.m2\repository\net\javacrumbs\json-unit\json-unit-json-path\2.38.0\json-unit-json-path-2.38.0.jar;c:\Users\ruben\.m2\repository\org\springframework\cloud\spring-cloud-contract-shade\4.2.1\spring-cloud-contract-shade-4.2.1.jar;c:\Users\ruben\.m2\repository\org\springframework\cloud\spring-cloud-contract-converters\4.2.1\spring-cloud-contract-converters-4.2.1.jar;c:\Users\ruben\.m2\repository\org\springframework\cloud\spring-cloud-contract-spec\4.2.1\spring-cloud-contract-spec-4.2.1.jar;c:\Users\ruben\.m2\repository\org\springframework\cloud\spring-cloud-contract-spec-java\4.2.1\spring-cloud-contract-spec-java-4.2.1.jar;c:\Users\ruben\.m2\repository\dk\brics\automaton\1.12-4\automaton-1.12-4.jar;c:\Users\ruben\.m2\repository\org\springframework\cloud\spring-cloud-contract-spec-groovy\4.2.1\spring-cloud-contract-spec-groovy-4.2.1.jar;c:\Users\ruben\.m2\repository\org\eclipse\jgit\org.eclipse.jgit\6.10.0.202406032230-r\org.eclipse.jgit-6.10.0.202406032230-r.jar;c:\Users\ruben\.m2\repository\com\googlecode\javaewah\JavaEWAH\1.2.3\JavaEWAH-1.2.3.jar;c:\Users\ruben\.m2\repository\org\eclipse\jgit\org.eclipse.jgit.ssh.jsch\6.7.0.202309050840-r\org.eclipse.jgit.ssh.jsch-6.7.0.202309050840-r.jar;c:\Users\ruben\.m2\repository\com\jcraft\jsch\0.1.55\jsch-0.1.55.jar;c:\Users\ruben\.m2\repository\com\jcraft\jzlib\1.1.3\jzlib-1.1.3.jar;c:\Users\ruben\.m2\repository\com\jcraft\jsch.agentproxy.sshagent\0.0.9\jsch.agentproxy.sshagent-0.0.9.jar;c:\Users\ruben\.m2\repository\com\jcraft\jsch.agentproxy.core\0.0.9\jsch.agentproxy.core-0.0.9.jar;c:\Users\ruben\.m2\repository\com\jcraft\jsch.agentproxy.jsch\0.0.9\jsch.agentproxy.jsch-0.0.9.jar;c:\Users\ruben\.m2\repository\com\jcraft\jsch.agentproxy.usocket-jna\0.0.9\jsch.agentproxy.usocket-jna-0.0.9.jar;c:\Users\ruben\.m2\repository\net\java\dev\jna\jna-platform\4.1.0\jna-platform-4.1.0.jar;c:\Users\ruben\.m2\repository\org\springframework\cloud\spring-cloud-contract-wiremock\4.2.1\spring-cloud-contract-wiremock-4.2.1.jar;c:\Users\ruben\.m2\repository\com\github\tomakehurst\wiremock-jre8-standalone\2.35.1\wiremock-jre8-standalone-2.35.1.jar;c:\Users\ruben\.m2\repository\org\apache\httpcomponents\client5\httpclient5\5.4.3\httpclient5-5.4.3.jar;c:\Users\ruben\.m2\repository\org\apache\httpcomponents\core5\httpcore5\5.3.4\httpcore5-5.3.4.jar;c:\Users\ruben\.m2\repository\org\apache\httpcomponents\core5\httpcore5-h2\5.3.4\httpcore5-h2-5.3.4.jar;c:\Users\ruben\.m2\repository\org\springframework\cloud\spring-cloud-test-support\4.2.1\spring-cloud-test-support-4.2.1.jar;c:\Users\ruben\.m2\repository\org\apache\maven\resolver\maven-resolver-connector-basic\1.9.22\maven-resolver-connector-basic-1.9.22.jar;c:\Users\ruben\.m2\repository\org\apache\maven\resolver\maven-resolver-spi\1.9.22\maven-resolver-spi-1.9.22.jar;c:\Users\ruben\.m2\repository\org\apache\maven\resolver\maven-resolver-util\1.9.22\maven-resolver-util-1.9.22.jar;c:\Users\ruben\.m2\repository\org\apache\maven\resolver\maven-resolver-impl\1.9.22\maven-resolver-impl-1.9.22.jar;c:\Users\ruben\.m2\repository\org\apache\maven\resolver\maven-resolver-named-locks\1.9.22\maven-resolver-named-locks-1.9.22.jar;c:\Users\ruben\.m2\repository\org\apache\maven\maven-resolver-provider\3.9.9\maven-resolver-provider-3.9.9.jar;c:\Users\ruben\.m2\repository\org\apache\maven\maven-model\3.9.9\maven-model-3.9.9.jar;c:\Users\ruben\.m2\repository\org\apache\maven\maven-model-builder\3.9.9\maven-model-builder-3.9.9.jar;c:\Users\ruben\.m2\repository\org\codehaus\plexus\plexus-interpolation\1.27\plexus-interpolation-1.27.jar;c:\Users\ruben\.m2\repository\org\apache\maven\maven-artifact\3.9.9\maven-artifact-3.9.9.jar;c:\Users\ruben\.m2\repository\org\apache\maven\maven-builder-support\3.9.9\maven-builder-support-3.9.9.jar;c:\Users\ruben\.m2\repository\org\apache\maven\maven-repository-metadata\3.9.9\maven-repository-metadata-3.9.9.jar;c:\Users\ruben\.m2\repository\org\apache\maven\resolver\maven-resolver-transport-http\1.9.22\maven-resolver-transport-http-1.9.22.jar;c:\Users\ruben\.m2\repository\org\apache\maven\resolver\maven-resolver-api\1.9.18\maven-resolver-api-1.9.18.jar;c:\Users\ruben\.m2\repository\org\sonatype\sisu\sisu-inject-plexus\2.6.0\sisu-inject-plexus-2.6.0.jar;c:\Users\ruben\.m2\repository\org\codehaus\plexus\plexus-component-annotations\1.5.5\plexus-component-annotations-1.5.5.jar;c:\Users\ruben\.m2\repository\org\codehaus\plexus\plexus-classworlds\2.5.2\plexus-classworlds-2.5.2.jar;c:\Users\ruben\.m2\repository\org\codehaus\plexus\plexus-utils\3.0.18\plexus-utils-3.0.18.jar;c:\Users\ruben\.m2\repository\org\sonatype\sisu\sisu-inject-bean\2.6.0\sisu-inject-bean-2.6.0.jar;c:\Users\ruben\.m2\repository\javax\enterprise\cdi-api\1.0\cdi-api-1.0.jar;c:\Users\ruben\.m2\repository\javax\annotation\jsr250-api\1.0\jsr250-api-1.0.jar;c:\Users\ruben\.m2\repository\org\sonatype\sisu\sisu-guice\3.2.5\sisu-guice-3.2.5-no_aop.jar;c:\Users\ruben\.m2\repository\com\google\guava\guava\16.0.1\guava-16.0.1.jar;c:\Users\ruben\.m2\repository\org\eclipse\sisu\org.eclipse.sisu.inject\0.3.0\org.eclipse.sisu.inject-0.3.0.jar;c:\Users\ruben\.m2\repository\org\eclipse\sisu\org.eclipse.sisu.plexus\0.3.0\org.eclipse.sisu.plexus-0.3.0.jar;c:\Users\ruben\.m2\repository\org\junit\platform\junit-platform-launcher\1.11.4\junit-platform-launcher-1.11.4.jar;c:\Users\ruben\AppData\Roaming\Code\User\globalStorage\redhat.java\1.41.1\config_win\org.eclipse.osgi\114\0\.cp;c:\Users\ruben\AppData\Roaming\Code\User\globalStorage\redhat.java\1.41.1\config_win\org.eclipse.osgi\56\0\.cp
Launcher Type: SUN_STANDARD

[Global flags]
     intx CICompilerCount                          = 4                                         {product} {ergonomic}
     uint ConcGCThreads                            = 3                                         {product} {ergonomic}
     uint G1ConcRefinementThreads                  = 10                                        {product} {ergonomic}
   size_t G1HeapRegionSize                         = 2097152                                   {product} {ergonomic}
    uintx GCDrainStackTargetSize                   = 64                                        {product} {ergonomic}
   size_t InitialHeapSize                          = 266338304                                 {product} {ergonomic}
   size_t MarkStackSize                            = 4194304                                   {product} {ergonomic}
   size_t MaxHeapSize                              = 4242538496                                {product} {ergonomic}
   size_t MaxNewSize                               = 2543845376                                {product} {ergonomic}
   size_t MinHeapDeltaBytes                        = 2097152                                   {product} {ergonomic}
   size_t MinHeapSize                              = 8388608                                   {product} {ergonomic}
    uintx NonNMethodCodeHeapSize                   = 5839372                                {pd product} {ergonomic}
    uintx NonProfiledCodeHeapSize                  = 122909434                              {pd product} {ergonomic}
    uintx ProfiledCodeHeapSize                     = 122909434                              {pd product} {ergonomic}
    uintx ReservedCodeCacheSize                    = 251658240                              {pd product} {ergonomic}
     bool SegmentedCodeCache                       = true                                      {product} {ergonomic}
     bool ShowCodeDetailsInExceptionMessages       = true                                   {manageable} {command line}
   size_t SoftMaxHeapSize                          = 4242538496                             {manageable} {ergonomic}
     bool UseCompressedOops                        = true                           {product lp64_product} {ergonomic}
     bool UseG1GC                                  = true                                      {product} {ergonomic}
     bool UseLargePagesIndividualAllocation        = false                                  {pd product} {ergonomic}

Logging:
Log output configuration:
 #0: stdout all=warning uptime,level,tags foldmultilines=false
 #1: stderr all=off uptime,level,tags foldmultilines=false

Environment Variables:
JAVA_HOME=C:\Program Files\Java\jdk-21
PATH=C:\Program Files\Java\jdk-21\bin;C:\Program Files\Java\jdk-21\bin;C:\Program Files\Java\jdk-21\bin;C:\Program Files\Java\jdk-21\bin;C:\Program Files\Java\jdk-21\bin;C:\Program Files\Java\jdk-21\bin;C:\Program Files\Java\jdk-21\bin;C:\Program Files\Java\jdk-21\bin;C:\Program Files\Java\jdk-21\bin;C:\Program Files\Java\jdk-21\bin;C:\Program Files\Java\jdk-21\bin;C:\Program Files\Java\jdk-21\bin;C:\Program Files\Java\jdk-21\bin;C:\Program Files\Java\jdk-21\bin;C:\Program Files\Java\jdk-21\bin;C:\Program Files\Java\jdk-21\bin;C:\Program Files\Java\jdk-21\bin;C:\Program Files\Java\jdk-21\bin;C:\Program Files\Java\jdk-21\bin;C:\Program Files\Java\jdk-21\bin;C:\Program Files\Java\jdk-21\bin;C:\Program Files\Java\jdk-21\bin;C:\Program Files\Java\jdk-21\bin;C:\Program Files\Java\jdk-21\bin;C:\Program Files\Java\jdk-21\bin;C:\Program Files\Java\jdk-21\bin;C:\Program Files\Java\jdk-21\bin;C:\Program Files\Java\jdk-21\bin;C:\Program Files\Java\jdk-21\bin;C:\Program Files\Java\jdk-21\bin;C:\Program Files\Java\jdk-21\bin;C:\Program Files\Java\jdk-21\bin;C:\WINDOWS\System32;C:\Program Files\Java\jdk-17\bin;C:\Program Files (x86)\Common Files\Intel\Shared Libraries\redist\intel64\compiler;C:\Program Files\Common Files\Oracle\Java\javapath;C:\WINDOWS\system32;C:\WINDOWS;C:\WINDOWS\System32\Wbem;C:\WINDOWS\System32\WindowsPowerShell\v1.0\;C:\WINDOWS\System32\OpenSSH\;C:\Program Files (x86)\NVIDIA Corporation\PhysX\Common;C:\Program Files\Git\cmd;C:\Program Files\NVIDIA Corporation\NVIDIA app\NvDLISR;C:\Program Files\nodejs\;C:\Program Files\dotnet\;C:\Program Files\PuTTY\;C:\Program Files\NVIDIA Corporation\NVIDIA NvDLISR;C:\Program Files\Docker\Docker\resources\bin;C:\Users\ruben\AppData\Local\Programs\Python\Python313\Scripts\;C:\Users\ruben\AppData\Local\Programs\Python\Python313\;C:\Users\ruben\.console-ninja\.bin;C:\Users\ruben\AppData\Local\Microsoft\WindowsApps;C:\Users\ruben\AppData\Local\Programs\Microsoft VS Code\bin;C:\Users\ruben\AppData\Local\GitHubDesktop\bin;C:\Users\ruben\AppData\Local\Microso;C:\Program Files\Go\bin;C:\Users\ruben\AppData\Local\Microsoft\WinGet\Packages\Schniz.fnm_Microsoft.Winget.Source_8wekyb3d8bbwe;C:\Us;C:\Users\ruben\go\bin;C:\Program Files\Java\jdk-17\bin;C:\Program Files (x86)\Common Files\Intel\Shared Libraries\redist\intel64\compiler;C:\Program Files\Common Files\Oracle\Java\javapath;C:\WINDOWS\system32;C:\WINDOWS;C:\WINDOWS\System32\Wbem;C:\WINDOWS\System32\WindowsPowerShell\v1.0\;C:\WINDOWS\System32\OpenSSH\;C:\Program Files (x86)\NVIDIA Corporation\PhysX\Common;C:\Program Files\Git\cmd;C:\Program Files\NVIDIA Corporation\NVIDIA app\NvDLISR;C:\Program Files\nodejs\;C:\Program Files\dotnet\;C:\Program Files\PuTTY\;C:\Program Files\NVIDIA Corporation\NVIDIA NvDLISR;C:\Program Files\Docker\Docker\resources\bin;C:\Users\ruben\AppData\Local\Programs\Python\Python313\Scripts\;C:\Users\ruben\AppData\Local\Programs\Python\Python313\;C:\Users\ruben\.console-ninja\.bin;C:\Users\ruben\AppData\Local\Microsoft\WindowsApps;C:\Users\ruben\AppData\Local\Programs\Microsoft VS Code\bin;C:\Users\ruben\AppData\Local\GitHubDesktop\bin;C:\Users\ruben\AppData\Local\Microso;C:\Program Files\Go\bin;C:\Users\ruben\AppData\Local\Microsoft\WinGet\Packages\Schniz.fnm_Microsoft.Winget.Source_8wekyb3d8bbwe;C:\Us;C:\Users\ruben\go\bin;C:\Program Files\Java\jdk-17\bin;C:\Program Files (x86)\Common Files\Intel\Shared Libraries\redist\intel64\compiler;C:\Program Files\Common Files\Oracle\Java\javapath;C:\WINDOWS\system32;C:\WINDOWS;C:\WINDOWS\System32\Wbem;C:\WINDOWS\System32\WindowsPowerShell\v1.0\;C:\WINDOWS\System32\OpenSSH\;C:\Program Files (x86)\NVIDIA Corporation\PhysX\Common;C:\Program Files\Git\cmd;C:\Program Files\NVIDIA Corporation\NVIDIA app\NvDLISR;C:\Program Files\nodejs\;C:\Program Files\dotnet\;C:\Program Files\PuTTY\;C:\Program Files\NVIDIA Corporation\NVIDIA NvDLISR;C:\Program Files\Docker\Docker\resources\bin;C:\Users\ruben\AppData\Local\Programs\Python\Python313\Scripts\;C:\Users\ruben\AppData\Local\Programs\Python\Python313\;C:\Users\ruben\.console-ninja\.bin;C:\Users\ruben\AppData\Local\Microsoft\WindowsApps;C:\Users\ruben\AppData\Local\Programs\Microsoft VS Code\bin;C:\Users\ruben\AppData\Local\GitHubDesktop\bin;C:\Users\ruben\AppData\Local\Microso;C:\Program Files\Go\bin;C:\Program Files\Java\jdk-17\bin;C:\Program Files (x86)\Common Files\Intel\Shared Libraries\re;C:\Program Files\Java\jdk-17\bin;C:\Program Files (x86)\Common Files\Intel\Shared Libraries\redist\intel64\compiler;C:\Program Files\Common Files\Oracle\Java\javapath;C:\WINDOWS\system32;C:\WINDOWS;C:\WINDOWS\System32\Wbem;C:\WINDOWS\System32\WindowsPowerShell\v1.0\;C:\WINDOWS\System32\OpenSSH\;C:\Program Files (x86)\NVIDIA Corporation\PhysX\Common;C:\Program Files\Git\cmd;C:\Program Files\NVIDIA Corporation\NVIDIA app\NvDLISR;C:\Program Files\nodejs\;;C:\Program Files\dotnet\;C:\Program Files\PuTTY\;C:\Program Files\NVIDIA Corporation\NVIDIA NvDLISR;C:\Program Files\Docker\Docker\resources\bin;C:\Users\ruben\AppData\Local\Programs\Python\Python313\Scripts\;C:\Users\ruben\AppData\Local\Programs\Python\Python313\;C:\Users\ruben\.console-ninja\.bin;C:\Users\ruben\AppData\Local\Microsoft\WindowsApps;C:\Users\ruben\AppData\Local\Programs\Microsoft VS Code\bin;C:\Users\ruben\AppData\Local\GitHubDesktop\bin;C:\Users\ruben\AppData\Local\Microsoft\WinGet\Packages\Schniz.fnm_Microsoft.Winget.Source_8wekyb3d8bbwe;C:\Us;C:\WINDOWS\system32\config\systemprofile\go\bin;C:\Users\ruben\AppData\Local\Programs\Lens\resources\cli\bin;C:\Program Files\Java\jdk-17\bin;C:\Program Files (x86)\Common Files\Intel\Shared Libraries\redist\intel64\compiler;C:\Program Files\Common Files\Oracle\Java\javapath;C:\WINDOWS\system32;C:\WINDOWS;C:\WINDOWS\System32\Wbem;C:\WINDOWS\System32\WindowsPowerShell\v1.0\;C:\WINDOWS\System32\OpenSSH\;C:\Program Files (x86)\NVIDIA Corporation\PhysX\Common;C:\Program Files\Git\cmd;C:\Program Files\NVIDIA Corporation\NVIDIA app\NvDLISR;C:\Program Files\nodejs\;C:\Program Files\dotnet\;C:\Program Files\PuTTY\;C:\Program Files\NVIDIA Corporation\NVIDIA NvDLISR;C:\Program Files\Docker\Docker\resources\bin;C:\Users\ruben\AppData\Local\Programs\Python\Python313\Scripts\;C:\Users\ruben\AppData\Local\Programs\Python\Python313\;C:\Users\ruben\.console-ninja\.bin;C:\Users\ruben\AppData\Local\Microsoft\WindowsApps;C:\Users\ruben\AppData\Local\Programs\Microsoft VS Code\bin;C:\Users\ruben\AppData\Local\GitHubDesktop\bin;C:\Users\ruben\AppData\Local\Microso;C:\Program Files\Go\bin;C:\Users\ruben\AppData\Local\Microsoft\WinGet\Packages\Schniz.fnm_Microsoft.Winget.Source_8wekyb3d8bbwe;C:\Us;C:\Users\ruben\go\bin;C:\Program Files\Java\jdk-17\bin;C:\Program Files (x86)\Common Files\Intel\Shared Libraries\redist\intel64\compiler;C:\Program Files\Common Files\Oracle\Java\javapath;C:\WINDOWS\system32;C:\WINDOWS;C:\WINDOWS\System32\Wbem;C:\WINDOWS\System32\WindowsPowerShell\v1.0\;C:\WINDOWS\System32\OpenSSH\;C:\Program Files (x86)\NVIDIA Corporation\PhysX\Common;C:\Program Files\Git\cmd;C:\Program Files\NVIDIA Corporation\NVIDIA app\NvDLISR;C:\Program Files\nodejs\;C:\Program Files\dotnet\;C:\Program Files\PuTTY\;C:\Program Files\NVIDIA Corporation\NVIDIA NvDLISR;C:\Program Files\Docker\Docker\resources\bin;C:\Users\ruben\AppData\Local\Programs\Python\Python313\Scripts\;C:\Users\ruben\AppData\Local\Programs\Python\Python313\;C:\Users\ruben\.console-ninja\.bin;C:\Users\ruben\AppData\Local\Microsoft\WindowsApps;C:\Users\ruben\AppData\Local\Programs\Microsoft VS Code\bin;C:\Users\ruben\AppData\Local\GitHubDesktop\bin;C:\Users\ruben\AppData\Local\Microso;C:\Program Files\Go\bin;C:\Users\ruben\AppData\Local\Microsoft\WinGet\Packages\Schniz.fnm_Microsoft.Winget.Source_8wekyb3d8bbwe;C:\Us;C:\Users\ruben\go\bin;C:\Program Files\Java\jdk-17\bin;C:\Program Files (x86)\Common Files\Intel\Shared Libraries\redist\intel64\compiler;C:\Program Files\Common Files\Oracle\Java\javapath;C:\WINDOWS\system32;C:\WINDOWS;C:\WINDOWS\System32\Wbem;C:\WINDOWS\System32\WindowsPowerShell\v1.0\;C:\WINDOWS\System32\OpenSSH\;C:\Program Files (x86)\NVIDIA Corporation\PhysX\Common;C:\Program Files\Git\cmd;C:\Program Files\NVIDIA Corporation\NVIDIA app\NvDLISR;C:\Program Files\nodejs\;C:\Program Files\dotnet\;C:\Program Files\PuTTY\;C:\Program Files\NVIDIA Corporation\NVIDIA NvDLISR;C:\Program Files\Docker\Docker\resources\bin;C:\Users\ruben\AppData\Local\Programs\Python\Python313\Scripts\;C:\Users\ruben\AppData\Local\Programs\Python\Python313\;C:\Users\ruben\.console-ninja\.bin;C:\Users\ruben\AppData\Local\Microsoft\WindowsApps;C:\Users\ruben\AppData\Local\Programs\Microsoft VS Code\bin;C:\Users\ruben\AppData\Local\GitHubDesktop\bin;C:\Users\ruben\AppData\Local\Microso;C:\Program Files\Go\bin;C:\Program Files\Java\jdk-17\bin;C:\Program Files (x86)\Common Files\Intel\Shared Libraries\redist\intel64\compiler;C:\Program Files\Common Files\Oracle\Java\javapath;C:\WINDOWS\system32;C:\WINDOWS;C:\WINDOWS\System32\Wbem;C:\WINDOWS\System32\WindowsPowerShell\v1.0\;C:\WINDOWS\System32\OpenSSH\;C:\Program Files (x86)\NVIDIA Corporation\PhysX\Common;C:\Program Files\Git\cmd;C:\Program Files\NVIDIA Corporation\NVIDIA app\NvDLISR;C:\Program Files\nodejs\;C:\Program Files\dotnet\;C:\Program Files\PuTTY\;C:\Program Files\NVIDIA Corporation\NVIDIA NvDLISR;C:\Program Files\Docker\Docker\resources\bin;C:\Users\ruben\AppData\Local\Programs\Python\Python313\Scripts\;C:\Users\ruben\AppData\Local\Programs\Python\Python313\;C:\Users\ruben\.console-ninja\.bin;C:\Users\ruben\AppData\Local\Microsoft\WindowsApps;C:\Users\ruben\AppData\Local\Programs\Microsoft VS Code\bin;C:\Users\ruben\AppData\Local\GitHubDesktop\bin;C:\Users\ruben\AppData\Local\Microsoft\WinGet\Packages\Schniz.fnm_Microsoft.Winget.Source_8wekyb3d8bbwe;C:\Us;C:\Users\ruben\go\bin;C:\Program Files\Java\jdk-17\bin;C:\Program Files (x86)\Common Files\Intel\Shared Libraries\redist\intel64\compiler;C:\Program Files\Common Files\Oracle\Java\javapath;C:\WINDOWS\system32;C:\WINDOWS;C:\WINDOWS\System32\Wbem;C:\WINDOWS\System32\WindowsPowerShell\v1.0\;C:\WINDOWS\System32\OpenSSH\;C:\Program Files (x86)\NVIDIA Corporation\PhysX\Common;C:\Program Files\Git\cmd;C:\Program Files\NVIDIA Corporation\NVIDIA app\NvDLISR;C:\Program Files\nodejs\;C:\Program Files\dotnet\;C:\Program Files\PuTTY\;C:\Program Files\NVIDIA Corporation\NVIDIA NvDLISR;C:\Program Files\Docker\Docker\resources\bin;C:\Users\ruben\AppData\Local\Programs\Python\Python313\Scripts\;C:\Users\ruben\AppData\Local\Programs\Python\Python313\;C:\Users\ruben\.console-ninja\.bin;C:\Users\ruben\AppData\Local\Microsoft\WindowsApps;C:\Users\ruben\AppData\Local\Programs\Microsoft VS Code\bin;C:\Users\ruben\AppData\Local\GitHubDesktop\bin;C:\Users\ruben\AppData\Local\Microso;C:\Program Files\Go\bin;C:\minikube;C:\Program Files\Common Files\Autodesk Shared\;C:\Program Files\Microsoft SQL Server\150\Tools\Binn\;C:\Program Files\Process Lasso\;;C:\Program Files\Java\jdk-17\bin;C:\Program Files (x86)\Common Files\Intel\Shared Libraries\redist\intel64\compiler;C:\Program Files\Common Files\Oracle\Java\javapath;C:\WINDOWS\system32;C:\WINDOWS;C:\WINDOWS\System32\Wbem;C:\WINDOWS\System32\WindowsPowerShell\v1.0\;C:\WINDOWS\System32\OpenSSH\;C:\Program Files (x86)\NVIDIA Corporation\PhysX\Common;C:\Program Files\Git\cmd;C:\Program Files\NVIDIA Corporation\NVIDIA app\NvDLISR;C:\Program Files\nodejs\;;C:\Program Files\dotnet\;C:\Program Files\PuTTY\;C:\Program Files\NVIDIA Corporation\NVIDIA NvDLISR;C:\Program Files\Docker\Docker\resources\bin;C:\Users\ruben\AppData\Local\Programs\Python\Python313\Scripts\;C:\Users\ruben\AppData\Local\Programs\Python\Python313\;C:\Users\ruben\.console-ninja\.bin;C:\Users\ruben\AppData\Local\Microsoft\WindowsApps;C:\Users\ruben\AppData\Local\Programs\Microsoft VS Code\bin;C:\Users\ruben\AppData\Local\GitHubDesktop\bin;C:\Users\ruben\AppData\Local\Microsoft\WinGet\Packages\Schniz.fnm_Microsoft.Winget.Source_8wekyb3d8bbwe;C:\Us;C:\WINDOWS\system32\config\systemprofile\go\bin;C:\Users\ruben\AppData\Local\Programs\Lens\resources\cli\bin
USERNAME=ruben
OS=Windows_NT
PROCESSOR_IDENTIFIER=Intel64 Family 6 Model 186 Stepping 2, GenuineIntel
TMP=C:\Users\ruben\AppData\Local\Temp
TEMP=C:\Users\ruben\AppData\Local\Temp




Periodic native trim disabled

---------------  S Y S T E M  ---------------

OS:
 Windows 11 , 64 bit Build 26100 (10.0.26100.3912)
OS uptime: 0 days 21:19 hours
Hyper-V role detected

CPU: total 12 (initial active 12) (6 cores per cpu, 2 threads per core) family 6 model 186 stepping 2 microcode 0x4123, cx8, cmov, fxsr, ht, mmx, 3dnowpref, sse, sse2, sse3, ssse3, sse4.1, sse4.2, popcnt, lzcnt, tsc, tscinvbit, avx, avx2, aes, erms, clmul, bmi1, bmi2, adx, sha, fma, vzeroupper, clflush, clflushopt, clwb, hv, serialize, rdtscp, rdpid, fsrm, f16c, cet_ibt, cet_ss
Processor Information for processor 0
  Max Mhz: 2100, Current Mhz: 2100, Mhz Limit: 2100
Processor Information for processor 1
  Max Mhz: 2100, Current Mhz: 2100, Mhz Limit: 2100
Processor Information for processor 2
  Max Mhz: 2100, Current Mhz: 2100, Mhz Limit: 2100
Processor Information for processor 3
  Max Mhz: 2100, Current Mhz: 2100, Mhz Limit: 2100
Processor Information for processor 4
  Max Mhz: 2100, Current Mhz: 2100, Mhz Limit: 2100
Processor Information for processor 5
  Max Mhz: 2100, Current Mhz: 2100, Mhz Limit: 2100
Processor Information for processor 6
  Max Mhz: 2100, Current Mhz: 2100, Mhz Limit: 2100
Processor Information for processor 7
  Max Mhz: 2100, Current Mhz: 2100, Mhz Limit: 2100
Processor Information for processor 8
  Max Mhz: 2100, Current Mhz: 1500, Mhz Limit: 1491
Processor Information for processor 9
  Max Mhz: 2100, Current Mhz: 1500, Mhz Limit: 1491
Processor Information for processor 10
  Max Mhz: 2100, Current Mhz: 1500, Mhz Limit: 1491
Processor Information for processor 11
  Max Mhz: 2100, Current Mhz: 1500, Mhz Limit: 1491

Memory: 4k page, system-wide physical 16176M (1466M free)
TotalPageFile size 24368M (AvailPageFile size 4M)
current process WorkingSet (physical memory assigned to process): 155M, peak: 180M
current process commit charge ("private bytes"): 248M, peak: 408M

vm_info: Java HotSpot(TM) 64-Bit Server VM (21.0.6+8-LTS-188) for windows-amd64 JRE (21.0.6+8-LTS-188), built on 2024-12-03T10:50:54Z by "mach5one" with MS VC++ 17.6 (VS2022)

END.
