#
# There is insufficient memory for the Java Runtime Environment to continue.
# Native memory allocation (malloc) failed to allocate 32744 bytes for Chunk::new
# Possible reasons:
#   The system is out of physical RAM or swap space
#   The process is running with CompressedOops enabled, and the Java Heap may be blocking the growth of the native heap
# Possible solutions:
#   Reduce memory load on the system
#   Increase physical memory or swap space
#   Check if swap backing store is full
#   Decrease Java heap size (-Xmx/-Xms)
#   Decrease number of Java threads
#   Decrease Java thread stack sizes (-Xss)
#   Set larger code cache with -XX:ReservedCodeCacheSize=
#   JVM is running with Zero Based Compressed Oops mode in which the Java heap is
#     placed in the first 32GB address space. The Java Heap base address is the
#     maximum limit for the native heap growth. Please use -XX:HeapBaseMinAddress
#     to set the Java Heap base and to place the Java Heap above 32GB virtual address.
# This output file may be truncated or incomplete.
#
#  Out of Memory Error (arena.cpp:168), pid=31780, tid=31924
#
# JRE version: Java(TM) SE Runtime Environment (21.0.6+8) (build 21.0.6+8-LTS-188)
# Java VM: Java HotSpot(TM) 64-Bit Server VM (21.0.6+8-LTS-188, mixed mode, sharing, tiered, compressed oops, compressed class ptrs, g1 gc, windows-amd64)
# No core dump will be written. Minidumps are not enabled by default on client versions of Windows
#

---------------  S U M M A R Y ------------

Command Line: -ea -XX:+ShowCodeDetailsInExceptionMessages -Dfile.encoding=UTF-8 org.eclipse.jdt.internal.junit.runner.RemoteTestRunner -version 3 -port 27091 -testLoaderClass org.eclipse.jdt.internal.junit5.runner.JUnit5TestLoader -loaderpluginname org.eclipse.jdt.junit5.runtime -test com.rubenrf.cafeteria_app.CafeteriaAppApplicationTests:crearCliente

Host: 13th Gen Intel(R) Core(TM) i5-13420H, 12 cores, 15G,  Windows 11 , 64 bit Build 26100 (10.0.26100.3912)
Time: Mon Apr 28 13:54:00 2025 SA Pacific Standard Time elapsed time: 19.448459 seconds (0d 0h 0m 19s)

---------------  T H R E A D  ---------------

Current thread (0x000001dcd4f990b0):  JavaThread "C2 CompilerThread0" daemon [_thread_in_native, id=31924, stack(0x00000084a0100000,0x00000084a0200000) (1024K)]


Current CompileTask:
C2:  19448 3841       4       org.testcontainers.shaded.com.fasterxml.jackson.databind.deser.std.BaseNodeDeserializer::deserializeObject (298 bytes)

Stack: [0x00000084a0100000,0x00000084a0200000]
Native frames: (J=compiled Java code, j=interpreted, Vv=VM code, C=native code)
V  [jvm.dll+0x6ca6d9]
V  [jvm.dll+0x854f51]
V  [jvm.dll+0x85747e]
V  [jvm.dll+0x857b53]
V  [jvm.dll+0x27dcc6]
V  [jvm.dll+0xc4c2d]
V  [jvm.dll+0xc5163]
V  [jvm.dll+0xc4d55]
V  [jvm.dll+0x6a7667]
V  [jvm.dll+0x6a6018]
V  [jvm.dll+0x66988b]
V  [jvm.dll+0x6dee20]
V  [jvm.dll+0x6e4455]
V  [jvm.dll+0x6dcb45]
V  [jvm.dll+0x6dc00e]
V  [jvm.dll+0x6da22c]
V  [jvm.dll+0x1c9dec]
V  [jvm.dll+0x1ca96c]
V  [jvm.dll+0x2f01cf]
V  [jvm.dll+0x6e4918]
V  [jvm.dll+0x6dcb45]
V  [jvm.dll+0x6dc00e]
V  [jvm.dll+0x6da22c]
V  [jvm.dll+0x1c9dec]
V  [jvm.dll+0x1ca96c]
V  [jvm.dll+0x2f01cf]
V  [jvm.dll+0x6e4918]
V  [jvm.dll+0x6dcb45]
V  [jvm.dll+0x6dc00e]
V  [jvm.dll+0x6da22c]
V  [jvm.dll+0x1c9dec]
V  [jvm.dll+0x1ca96c]
V  [jvm.dll+0x2f01cf]
V  [jvm.dll+0x6e4918]
V  [jvm.dll+0x6dcb45]
V  [jvm.dll+0x6dc00e]
V  [jvm.dll+0x6da22c]
V  [jvm.dll+0x1c9dec]
V  [jvm.dll+0x1ca96c]
V  [jvm.dll+0x2f01cf]
V  [jvm.dll+0x6e4918]
V  [jvm.dll+0x6dcb45]
V  [jvm.dll+0x6dc00e]
V  [jvm.dll+0x6da22c]
V  [jvm.dll+0x1c9dec]
V  [jvm.dll+0x245a6e]
V  [jvm.dll+0x1c6d2e]
V  [jvm.dll+0x2554f9]
V  [jvm.dll+0x253a8a]
V  [jvm.dll+0x3ee576]
V  [jvm.dll+0x7ff2fb]
V  [jvm.dll+0x6c8dbd]
C  [ucrtbase.dll+0x37b0]
C  [KERNEL32.DLL+0x2e8d7]
C  [ntdll.dll+0x9c5dc]


---------------  P R O C E S S  ---------------

Threads class SMR info:
_java_thread_list=0x000001dd1c19fde0, length=29, elements={
0x000001dcb62b2bb0, 0x000001dcd4f973d0, 0x000001dcd59380a0, 0x000001dcd593acb0,
0x000001dcd593b700, 0x000001dcd593c300, 0x000001dcd4f98180, 0x000001dcd4f990b0,
0x000001dcd594cf10, 0x000001dcd5b78370, 0x000001dcd5b78fa0, 0x000001dd1bae13b0,
0x000001dd1c3d34f0, 0x000001dd1c3b02b0, 0x000001dd1c25dfa0, 0x000001dd1c25ea00,
0x000001dd1c25f060, 0x000001dd1c253780, 0x000001dd1c457150, 0x000001dd1c459220,
0x000001dd1c459f40, 0x000001dd1c4577e0, 0x000001dd1c4598b0, 0x000001dd1c456ac0,
0x000001dd1c458b90, 0x000001dd1cc084e0, 0x000001dd1cc08b70, 0x000001dd1cc0ac40,
0x000001dd1cc0b2d0
}

Java Threads: ( => current thread )
  0x000001dcb62b2bb0 JavaThread "main"                              [_thread_blocked, id=31864, stack(0x000000849f300000,0x000000849f400000) (1024K)]
  0x000001dcd4f973d0 JavaThread "Reference Handler"          daemon [_thread_blocked, id=31900, stack(0x000000849fb00000,0x000000849fc00000) (1024K)]
  0x000001dcd59380a0 JavaThread "Finalizer"                  daemon [_thread_blocked, id=31904, stack(0x000000849fc00000,0x000000849fd00000) (1024K)]
  0x000001dcd593acb0 JavaThread "Signal Dispatcher"          daemon [_thread_blocked, id=31908, stack(0x000000849fd00000,0x000000849fe00000) (1024K)]
  0x000001dcd593b700 JavaThread "Attach Listener"            daemon [_thread_blocked, id=31912, stack(0x000000849fe00000,0x000000849ff00000) (1024K)]
  0x000001dcd593c300 JavaThread "Service Thread"             daemon [_thread_blocked, id=31916, stack(0x000000849ff00000,0x00000084a0000000) (1024K)]
  0x000001dcd4f98180 JavaThread "Monitor Deflation Thread"   daemon [_thread_blocked, id=31920, stack(0x00000084a0000000,0x00000084a0100000) (1024K)]
=>0x000001dcd4f990b0 JavaThread "C2 CompilerThread0"         daemon [_thread_in_native, id=31924, stack(0x00000084a0100000,0x00000084a0200000) (1024K)]
  0x000001dcd594cf10 JavaThread "C1 CompilerThread0"         daemon [_thread_blocked, id=31928, stack(0x00000084a0200000,0x00000084a0300000) (1024K)]
  0x000001dcd5b78370 JavaThread "Notification Thread"        daemon [_thread_blocked, id=31972, stack(0x00000084a0300000,0x00000084a0400000) (1024K)]
  0x000001dcd5b78fa0 JavaThread "Common-Cleaner"             daemon [_thread_blocked, id=31976, stack(0x00000084a0400000,0x00000084a0500000) (1024K)]
  0x000001dd1bae13b0 JavaThread "ReaderThread"                      [_thread_in_native, id=32092, stack(0x00000084a0600000,0x00000084a0700000) (1024K)]
  0x000001dd1c3d34f0 JavaThread "Thread-0"                   daemon [_thread_in_native, id=32468, stack(0x00000084a0d00000,0x00000084a0e00000) (1024K)]
  0x000001dd1c3b02b0 JavaThread "Thread-1"                   daemon [_thread_in_native, id=32472, stack(0x00000084a0e00000,0x00000084a0f00000) (1024K)]
  0x000001dd1c25dfa0 JavaThread "Thread-2"                   daemon [_thread_in_native, id=32476, stack(0x00000084a0f00000,0x00000084a1000000) (1024K)]
  0x000001dd1c25ea00 JavaThread "Thread-3"                   daemon [_thread_in_native, id=32480, stack(0x00000084a1000000,0x00000084a1100000) (1024K)]
  0x000001dd1c25f060 JavaThread "Thread-4"                   daemon [_thread_in_native, id=32484, stack(0x00000084a1100000,0x00000084a1200000) (1024K)]
  0x000001dd1c253780 JavaThread "Thread-5"                   daemon [_thread_in_native, id=32488, stack(0x00000084a1200000,0x00000084a1300000) (1024K)]
  0x000001dd1c457150 JavaThread "Thread-6"                   daemon [_thread_in_native, id=32492, stack(0x00000084a1300000,0x00000084a1400000) (1024K)]
  0x000001dd1c459220 JavaThread "Thread-7"                   daemon [_thread_in_native, id=32496, stack(0x00000084a1400000,0x00000084a1500000) (1024K)]
  0x000001dd1c459f40 JavaThread "Thread-8"                   daemon [_thread_in_native, id=32500, stack(0x00000084a1500000,0x00000084a1600000) (1024K)]
  0x000001dd1c4577e0 JavaThread "Thread-9"                   daemon [_thread_in_native, id=32504, stack(0x00000084a1600000,0x00000084a1700000) (1024K)]
  0x000001dd1c4598b0 JavaThread "Thread-10"                  daemon [_thread_in_native, id=32508, stack(0x00000084a1700000,0x00000084a1800000) (1024K)]
  0x000001dd1c456ac0 JavaThread "Thread-11"                  daemon [_thread_in_native, id=32512, stack(0x00000084a1800000,0x00000084a1900000) (1024K)]
  0x000001dd1c458b90 JavaThread "Thread-12"                  daemon [_thread_in_native, id=32516, stack(0x00000084a1900000,0x00000084a1a00000) (1024K)]
  0x000001dd1cc084e0 JavaThread "Thread-16"                  daemon [_thread_blocked, id=32000, stack(0x00000084a1e00000,0x00000084a1f00000) (1024K)]
  0x000001dd1cc08b70 JavaThread "Thread-17"                  daemon [_thread_blocked, id=32024, stack(0x00000084a1f00000,0x00000084a2000000) (1024K)]
  0x000001dd1cc0ac40 JavaThread "testcontainers-ryuk"        daemon [_thread_blocked, id=32028, stack(0x00000084a1d00000,0x00000084a1e00000) (1024K)]
  0x000001dd1cc0b2d0 JavaThread "mysql-cj-abandoned-connection-cleanup" daemon [_thread_blocked, id=32556, stack(0x00000084a1c00000,0x00000084a1d00000) (1024K)]
Total: 29

Other Threads:
  0x000001dcd4f80a70 VMThread "VM Thread"                           [id=31896, stack(0x000000849fa00000,0x000000849fb00000) (1024K)]
  0x000001dcd4f6d5e0 WatcherThread "VM Periodic Task Thread"        [id=31892, stack(0x000000849f900000,0x000000849fa00000) (1024K)]
  0x000001dcb631aec0 WorkerThread "GC Thread#0"                     [id=31872, stack(0x000000849f400000,0x000000849f500000) (1024K)]
  0x000001dd1bc21720 WorkerThread "GC Thread#1"                     [id=32120, stack(0x00000084a0700000,0x00000084a0800000) (1024K)]
  0x000001dd1bc21ac0 WorkerThread "GC Thread#2"                     [id=32124, stack(0x00000084a0800000,0x00000084a0900000) (1024K)]
  0x000001dd1bc21e60 WorkerThread "GC Thread#3"                     [id=32128, stack(0x00000084a0900000,0x00000084a0a00000) (1024K)]
  0x000001dd1bc22200 WorkerThread "GC Thread#4"                     [id=32132, stack(0x00000084a0a00000,0x00000084a0b00000) (1024K)]
  0x000001dd1b6b1180 WorkerThread "GC Thread#5"                     [id=32136, stack(0x00000084a0b00000,0x00000084a0c00000) (1024K)]
  0x000001dd1c126050 WorkerThread "GC Thread#6"                     [id=32212, stack(0x00000084a0c00000,0x00000084a0d00000) (1024K)]
  0x000001dd1c3c3b10 WorkerThread "GC Thread#7"                     [id=12632, stack(0x00000084a0500000,0x00000084a0600000) (1024K)]
  0x000001dd1c3c4d30 WorkerThread "GC Thread#8"                     [id=19044, stack(0x00000084a1a00000,0x00000084a1b00000) (1024K)]
  0x000001dd1c3c50d0 WorkerThread "GC Thread#9"                     [id=32220, stack(0x00000084a1b00000,0x00000084a1c00000) (1024K)]
  0x000001dcb632d110 ConcurrentGCThread "G1 Main Marker"            [id=31876, stack(0x000000849f500000,0x000000849f600000) (1024K)]
  0x000001dcb632db20 WorkerThread "G1 Conc#0"                       [id=31880, stack(0x000000849f600000,0x000000849f700000) (1024K)]
  0x000001dd1c516930 WorkerThread "G1 Conc#1"                       [id=5360, stack(0x00000084a2100000,0x00000084a2200000) (1024K)]
  0x000001dd1c5161f0 WorkerThread "G1 Conc#2"                       [id=15168, stack(0x00000084a2200000,0x00000084a2300000) (1024K)]
  0x000001dcd4e3ffb0 ConcurrentGCThread "G1 Refine#0"               [id=31884, stack(0x000000849f700000,0x000000849f800000) (1024K)]
  0x000001dcd4e427e0 ConcurrentGCThread "G1 Service"                [id=31888, stack(0x000000849f800000,0x000000849f900000) (1024K)]
Total: 18

Threads with active compile tasks:
C2 CompilerThread0    19490 3841       4       org.testcontainers.shaded.com.fasterxml.jackson.databind.deser.std.BaseNodeDeserializer::deserializeObject (298 bytes)
Total: 1

VM state: not at safepoint (normal execution)

VM Mutex/Monitor currently owned by a thread: None

Heap address: 0x0000000703200000, size: 4046 MB, Compressed Oops mode: Zero based, Oop shift amount: 3

CDS archive(s) mapped at: [0x000001dcd6000000-0x000001dcd6c90000-0x000001dcd6c90000), size 13172736, SharedBaseAddress: 0x000001dcd6000000, ArchiveRelocationMode: 1.
Compressed class space mapped at: 0x000001dcd7000000-0x000001dd17000000, reserved size: 1073741824
Narrow klass base: 0x000001dcd6000000, Narrow klass shift: 0, Narrow klass range: 0x100000000

GC Precious Log:
 CardTable entry size: 512
 Card Set container configuration: InlinePtr #cards 4 size 8 Array Of Cards #cards 16 size 48 Howl #buckets 8 coarsen threshold 3686 Howl Bitmap #cards 512 size 80 coarsen threshold 460 Card regions per heap region 1 cards per card region 4096
 CPUs: 12 total, 12 available
 Memory: 16176M
 Large Page Support: Disabled
 NUMA Support: Disabled
 Compressed Oops: Enabled (Zero based)
 Heap Region Size: 2M
 Heap Min Capacity: 8M
 Heap Initial Capacity: 254M
 Heap Max Capacity: 4046M
 Pre-touch: Disabled
 Parallel Workers: 10
 Concurrent Workers: 3
 Concurrent Refinement Workers: 10
 Periodic GC: Disabled

Heap:
 garbage-first heap   total 96256K, used 44268K [0x0000000703200000, 0x0000000800000000)
  region size 2048K, 15 young (30720K), 5 survivors (10240K)
 Metaspace       used 22482K, committed 22784K, reserved 1114112K
  class space    used 2595K, committed 2752K, reserved 1048576K

Heap Regions: E=young(eden), S=young(survivor), O=old, HS=humongous(starts), HC=humongous(continues), CS=collection set, F=free, TAMS=top-at-mark-start, PB=parsable bottom
|   0|0x0000000703200000, 0x0000000703400000, 0x0000000703400000|100%|HS|  |TAMS 0x0000000703200000| PB 0x0000000703200000| Complete 
|   1|0x0000000703400000, 0x0000000703600000, 0x0000000703600000|100%|HS|  |TAMS 0x0000000703400000| PB 0x0000000703400000| Complete 
|   2|0x0000000703600000, 0x0000000703800000, 0x0000000703800000|100%| O|  |TAMS 0x0000000703600000| PB 0x0000000703600000| Untracked 
|   3|0x0000000703800000, 0x0000000703a00000, 0x0000000703a00000|100%| O|  |TAMS 0x0000000703800000| PB 0x0000000703800000| Untracked 
|   4|0x0000000703a00000, 0x0000000703c00000, 0x0000000703c00000|100%| O|  |TAMS 0x0000000703a00000| PB 0x0000000703a00000| Untracked 
|   5|0x0000000703c00000, 0x0000000703e00000, 0x0000000703e00000|100%| O|  |TAMS 0x0000000703c00000| PB 0x0000000703c00000| Untracked 
|   6|0x0000000703e00000, 0x0000000704000000, 0x0000000704000000|100%| O|  |TAMS 0x0000000703e00000| PB 0x0000000703e00000| Untracked 
|   7|0x0000000704000000, 0x0000000704196280, 0x0000000704200000| 79%| O|Cm|TAMS 0x0000000704000000| PB 0x0000000704000000| Complete 
|   8|0x0000000704200000, 0x0000000704200000, 0x0000000704400000|  0%| F|  |TAMS 0x0000000704200000| PB 0x0000000704200000| Untracked 
|   9|0x0000000704400000, 0x0000000704400000, 0x0000000704600000|  0%| F|  |TAMS 0x0000000704400000| PB 0x0000000704400000| Untracked 
|  10|0x0000000704600000, 0x0000000704600000, 0x0000000704800000|  0%| F|  |TAMS 0x0000000704600000| PB 0x0000000704600000| Untracked 
|  11|0x0000000704800000, 0x0000000704800000, 0x0000000704a00000|  0%| F|  |TAMS 0x0000000704800000| PB 0x0000000704800000| Untracked 
|  12|0x0000000704a00000, 0x0000000704a00000, 0x0000000704c00000|  0%| F|  |TAMS 0x0000000704a00000| PB 0x0000000704a00000| Untracked 
|  13|0x0000000704c00000, 0x0000000704c00000, 0x0000000704e00000|  0%| F|  |TAMS 0x0000000704c00000| PB 0x0000000704c00000| Untracked 
|  14|0x0000000704e00000, 0x0000000704e00000, 0x0000000705000000|  0%| F|  |TAMS 0x0000000704e00000| PB 0x0000000704e00000| Untracked 
|  15|0x0000000705000000, 0x0000000705000000, 0x0000000705200000|  0%| F|  |TAMS 0x0000000705000000| PB 0x0000000705000000| Untracked 
|  16|0x0000000705200000, 0x0000000705200000, 0x0000000705400000|  0%| F|  |TAMS 0x0000000705200000| PB 0x0000000705200000| Untracked 
|  17|0x0000000705400000, 0x0000000705400000, 0x0000000705600000|  0%| F|  |TAMS 0x0000000705400000| PB 0x0000000705400000| Untracked 
|  18|0x0000000705600000, 0x0000000705600000, 0x0000000705800000|  0%| F|  |TAMS 0x0000000705600000| PB 0x0000000705600000| Untracked 
|  19|0x0000000705800000, 0x0000000705800000, 0x0000000705a00000|  0%| F|  |TAMS 0x0000000705800000| PB 0x0000000705800000| Untracked 
|  20|0x0000000705a00000, 0x0000000705a00000, 0x0000000705c00000|  0%| F|  |TAMS 0x0000000705a00000| PB 0x0000000705a00000| Untracked 
|  21|0x0000000705c00000, 0x0000000705c00000, 0x0000000705e00000|  0%| F|  |TAMS 0x0000000705c00000| PB 0x0000000705c00000| Untracked 
|  22|0x0000000705e00000, 0x0000000705e00000, 0x0000000706000000|  0%| F|  |TAMS 0x0000000705e00000| PB 0x0000000705e00000| Untracked 
|  23|0x0000000706000000, 0x0000000706000000, 0x0000000706200000|  0%| F|  |TAMS 0x0000000706000000| PB 0x0000000706000000| Untracked 
|  24|0x0000000706200000, 0x0000000706200000, 0x0000000706400000|  0%| F|  |TAMS 0x0000000706200000| PB 0x0000000706200000| Untracked 
|  25|0x0000000706400000, 0x0000000706400000, 0x0000000706600000|  0%| F|  |TAMS 0x0000000706400000| PB 0x0000000706400000| Untracked 
|  26|0x0000000706600000, 0x0000000706600000, 0x0000000706800000|  0%| F|  |TAMS 0x0000000706600000| PB 0x0000000706600000| Untracked 
|  27|0x0000000706800000, 0x0000000706800000, 0x0000000706a00000|  0%| F|  |TAMS 0x0000000706800000| PB 0x0000000706800000| Untracked 
|  28|0x0000000706a00000, 0x0000000706a00000, 0x0000000706c00000|  0%| F|  |TAMS 0x0000000706a00000| PB 0x0000000706a00000| Untracked 
|  29|0x0000000706c00000, 0x0000000706c00000, 0x0000000706e00000|  0%| F|  |TAMS 0x0000000706c00000| PB 0x0000000706c00000| Untracked 
|  30|0x0000000706e00000, 0x0000000706e00000, 0x0000000707000000|  0%| F|  |TAMS 0x0000000706e00000| PB 0x0000000706e00000| Untracked 
|  31|0x0000000707000000, 0x0000000707000000, 0x0000000707200000|  0%| F|  |TAMS 0x0000000707000000| PB 0x0000000707000000| Untracked 
|  32|0x0000000707200000, 0x0000000707400000, 0x0000000707400000|100%| E|  |TAMS 0x0000000707200000| PB 0x0000000707200000| Complete 
|  33|0x0000000707400000, 0x0000000707600000, 0x0000000707600000|100%| E|CS|TAMS 0x0000000707400000| PB 0x0000000707400000| Complete 
|  34|0x0000000707600000, 0x0000000707800000, 0x0000000707800000|100%| E|CS|TAMS 0x0000000707600000| PB 0x0000000707600000| Complete 
|  35|0x0000000707800000, 0x0000000707a00000, 0x0000000707a00000|100%| E|CS|TAMS 0x0000000707800000| PB 0x0000000707800000| Complete 
|  36|0x0000000707a00000, 0x0000000707c00000, 0x0000000707c00000|100%| E|CS|TAMS 0x0000000707a00000| PB 0x0000000707a00000| Complete 
|  37|0x0000000707c00000, 0x0000000707e00000, 0x0000000707e00000|100%| E|CS|TAMS 0x0000000707c00000| PB 0x0000000707c00000| Complete 
|  38|0x0000000707e00000, 0x0000000708000000, 0x0000000708000000|100%| E|CS|TAMS 0x0000000707e00000| PB 0x0000000707e00000| Complete 
|  39|0x0000000708000000, 0x0000000708200000, 0x0000000708200000|100%| E|CS|TAMS 0x0000000708000000| PB 0x0000000708000000| Complete 
|  40|0x0000000708200000, 0x0000000708400000, 0x0000000708400000|100%| E|CS|TAMS 0x0000000708200000| PB 0x0000000708200000| Complete 
| 114|0x0000000711600000, 0x00000007117a4ff0, 0x0000000711800000| 82%| S|CS|TAMS 0x0000000711600000| PB 0x0000000711600000| Complete 
| 115|0x0000000711800000, 0x0000000711a00000, 0x0000000711a00000|100%| S|CS|TAMS 0x0000000711800000| PB 0x0000000711800000| Complete 
| 116|0x0000000711a00000, 0x0000000711c00000, 0x0000000711c00000|100%| S|CS|TAMS 0x0000000711a00000| PB 0x0000000711a00000| Complete 
| 117|0x0000000711c00000, 0x0000000711e00000, 0x0000000711e00000|100%| S|CS|TAMS 0x0000000711c00000| PB 0x0000000711c00000| Complete 
| 118|0x0000000711e00000, 0x0000000712000000, 0x0000000712000000|100%| S|CS|TAMS 0x0000000711e00000| PB 0x0000000711e00000| Complete 
| 126|0x0000000712e00000, 0x0000000713000000, 0x0000000713000000|100%| E|CS|TAMS 0x0000000712e00000| PB 0x0000000712e00000| Complete 

Card table byte_map: [0x000001dcce440000,0x000001dccec30000] _byte_map_base: 0x000001dccac27000

Marking Bits: (CMBitMap*) 0x000001dcb631b4d0
 Bits: [0x000001dccec30000, 0x000001dcd2b68000)

Polling page: 0x000001dcb41f0000

Metaspace:

Usage:
  Non-class:     19.42 MB used.
      Class:      2.54 MB used.
       Both:     21.96 MB used.

Virtual space:
  Non-class space:       64.00 MB reserved,      19.56 MB ( 31%) committed,  1 nodes.
      Class space:        1.00 GB reserved,       2.69 MB ( <1%) committed,  1 nodes.
             Both:        1.06 GB reserved,      22.25 MB (  2%) committed. 

Chunk freelists:
   Non-Class:  11.91 MB
       Class:  13.14 MB
        Both:  25.05 MB

MaxMetaspaceSize: unlimited
CompressedClassSpaceSize: 1.00 GB
Initial GC threshold: 21.00 MB
Current GC threshold: 35.12 MB
CDS: on
 - commit_granule_bytes: 65536.
 - commit_granule_words: 8192.
 - virtual_space_node_default_size: 8388608.
 - enlarge_chunks_in_place: 1.
 - use_allocation_guard: 0.


Internal statistics:

num_allocs_failed_limit: 3.
num_arena_births: 254.
num_arena_deaths: 0.
num_vsnodes_births: 2.
num_vsnodes_deaths: 0.
num_space_committed: 356.
num_space_uncommitted: 0.
num_chunks_returned_to_freelist: 3.
num_chunks_taken_from_freelist: 1023.
num_chunk_merges: 3.
num_chunk_splits: 677.
num_chunks_enlarged: 511.
num_inconsistent_stats: 0.

CodeHeap 'non-profiled nmethods': size=120000Kb used=1589Kb max_used=1589Kb free=118410Kb
 bounds [0x000001dcc61d0000, 0x000001dcc6440000, 0x000001dccd700000]
CodeHeap 'profiled nmethods': size=120000Kb used=7716Kb max_used=7716Kb free=112283Kb
 bounds [0x000001dcbe700000, 0x000001dcbee90000, 0x000001dcc5c30000]
CodeHeap 'non-nmethods': size=5760Kb used=1497Kb max_used=1520Kb free=4262Kb
 bounds [0x000001dcc5c30000, 0x000001dcc5ea0000, 0x000001dcc61d0000]
 total_blobs=4421 nmethods=3847 adapters=478
 compilation: enabled
              stopped_count=0, restarted_count=0
 full_count=0

Compilation events (20 events):
Event: 16.662 Thread 0x000001dcd594cf10 3833       3       java.util.stream.ReduceOps$3ReducingSink::begin (14 bytes)
Event: 16.663 Thread 0x000001dcd594cf10 nmethod 3833 0x000001dcbee7cb10 code [0x000001dcbee7ccc0, 0x000001dcbee7cf00]
Event: 16.774 Thread 0x000001dcd594cf10 3834       3       java.util.Formatter$Conversion::isText (34 bytes)
Event: 16.774 Thread 0x000001dcd594cf10 nmethod 3834 0x000001dcbee7d010 code [0x000001dcbee7d1a0, 0x000001dcbee7d310]
Event: 16.774 Thread 0x000001dcd594cf10 3835       3       java.util.Formatter$FormatSpecifier::print (234 bytes)
Event: 16.775 Thread 0x000001dcd594cf10 nmethod 3835 0x000001dcbee7d390 code [0x000001dcbee7d620, 0x000001dcbee7de00]
Event: 16.786 Thread 0x000001dcd594cf10 3836       1       org.testcontainers.shaded.com.fasterxml.jackson.core.json.UTF8StreamJsonParser::getCodec (5 bytes)
Event: 16.787 Thread 0x000001dcd594cf10 nmethod 3836 0x000001dcc635cc90 code [0x000001dcc635ce20, 0x000001dcc635cef0]
Event: 16.788 Thread 0x000001dcd594cf10 3837       3       org.testcontainers.shaded.com.fasterxml.jackson.databind.ObjectMapper::_readValue (119 bytes)
Event: 16.791 Thread 0x000001dcd594cf10 nmethod 3837 0x000001dcbee7e010 code [0x000001dcbee7e2c0, 0x000001dcbee7efb0]
Event: 17.080 Thread 0x000001dcd4f990b0 3838       4       java.lang.invoke.Invokers$Holder::linkToTargetMethod (8 bytes)
Event: 17.082 Thread 0x000001dcd4f990b0 nmethod 3838 0x000001dcc635cf90 code [0x000001dcc635d120, 0x000001dcc635d1f8]
Event: 17.088 Thread 0x000001dcd594cf10 3839       3       java.lang.Throwable::<init> (34 bytes)
Event: 17.089 Thread 0x000001dcd594cf10 nmethod 3839 0x000001dcbee7f490 code [0x000001dcbee7f660, 0x000001dcbee7fa50]
Event: 17.362 Thread 0x000001dcd594cf10 3840       3       com.github.dockerjava.zerodep.shaded.org.apache.hc.core5.util.TextUtils::containsBlanks (41 bytes)
Event: 17.364 Thread 0x000001dcd594cf10 nmethod 3840 0x000001dcbee7fb10 code [0x000001dcbee7fd20, 0x000001dcbee802f0]
Event: 17.394 Thread 0x000001dcd4f990b0 3841       4       org.testcontainers.shaded.com.fasterxml.jackson.databind.deser.std.BaseNodeDeserializer::deserializeObject (298 bytes)
Event: 17.394 Thread 0x000001dcd594cf10 3842       3       org.testcontainers.shaded.com.fasterxml.jackson.core.sym.ByteQuadsCanonicalizer::_findSecondary (170 bytes)
Event: 17.395 Thread 0x000001dcd594cf10 nmethod 3842 0x000001dcbee80490 code [0x000001dcbee806a0, 0x000001dcbee80cd8]
Event: 17.525 Thread 0x000001dcd594cf10 3844       3       java.io.OutputStream::flush (1 bytes)

GC Heap History (8 events):
Event: 0.635 GC heap before
{Heap before GC invocations=0 (full 0):
 garbage-first heap   total 260096K, used 24576K [0x0000000703200000, 0x0000000800000000)
  region size 2048K, 11 young (22528K), 0 survivors (0K)
 Metaspace       used 2008K, committed 2176K, reserved 1114112K
  class space    used 184K, committed 256K, reserved 1048576K
}
Event: 0.641 GC heap after
{Heap after GC invocations=1 (full 0):
 garbage-first heap   total 260096K, used 15802K [0x0000000703200000, 0x0000000800000000)
  region size 2048K, 2 young (4096K), 2 survivors (4096K)
 Metaspace       used 2008K, committed 2176K, reserved 1114112K
  class space    used 184K, committed 256K, reserved 1048576K
}
Event: 1.141 GC heap before
{Heap before GC invocations=1 (full 0):
 garbage-first heap   total 260096K, used 32186K [0x0000000703200000, 0x0000000800000000)
  region size 2048K, 10 young (20480K), 2 survivors (4096K)
 Metaspace       used 6357K, committed 6592K, reserved 1114112K
  class space    used 772K, committed 896K, reserved 1048576K
}
Event: 1.144 GC heap after
{Heap after GC invocations=2 (full 0):
 garbage-first heap   total 260096K, used 17614K [0x0000000703200000, 0x0000000800000000)
  region size 2048K, 1 young (2048K), 1 survivors (2048K)
 Metaspace       used 6357K, committed 6592K, reserved 1114112K
  class space    used 772K, committed 896K, reserved 1048576K
}
Event: 2.930 GC heap before
{Heap before GC invocations=2 (full 0):
 garbage-first heap   total 260096K, used 72910K [0x0000000703200000, 0x0000000800000000)
  region size 2048K, 28 young (57344K), 1 survivors (2048K)
 Metaspace       used 18072K, committed 18432K, reserved 1114112K
  class space    used 2191K, committed 2368K, reserved 1048576K
}
Event: 2.936 GC heap after
{Heap after GC invocations=3 (full 0):
 garbage-first heap   total 260096K, used 22828K [0x0000000703200000, 0x0000000800000000)
  region size 2048K, 4 young (8192K), 4 survivors (8192K)
 Metaspace       used 18072K, committed 18432K, reserved 1114112K
  class space    used 2191K, committed 2368K, reserved 1048576K
}
Event: 4.850 GC heap before
{Heap before GC invocations=3 (full 0):
 garbage-first heap   total 260096K, used 37164K [0x0000000703200000, 0x0000000800000000)
  region size 2048K, 12 young (24576K), 4 survivors (8192K)
 Metaspace       used 21253K, committed 21504K, reserved 1114112K
  class space    used 2495K, committed 2624K, reserved 1048576K
}
Event: 4.855 GC heap after
{Heap after GC invocations=4 (full 0):
 garbage-first heap   total 260096K, used 25836K [0x0000000703200000, 0x0000000800000000)
  region size 2048K, 5 young (10240K), 5 survivors (10240K)
 Metaspace       used 21253K, committed 21504K, reserved 1114112K
  class space    used 2495K, committed 2624K, reserved 1048576K
}

Dll operation events (8 events):
Event: 0.012 Loaded shared library C:\Program Files\Java\jdk-21\bin\java.dll
Event: 0.058 Loaded shared library C:\Program Files\Java\jdk-21\bin\jsvml.dll
Event: 0.200 Loaded shared library C:\Program Files\Java\jdk-21\bin\net.dll
Event: 0.201 Loaded shared library C:\Program Files\Java\jdk-21\bin\nio.dll
Event: 0.206 Loaded shared library C:\Program Files\Java\jdk-21\bin\zip.dll
Event: 0.412 Loaded shared library C:\Program Files\Java\jdk-21\bin\jimage.dll
Event: 0.460 Loaded shared library C:\Program Files\Java\jdk-21\bin\extnet.dll
Event: 1.314 Loaded shared library C:\Program Files\Java\jdk-21\bin\verify.dll

Deoptimization events (20 events):
Event: 4.913 Thread 0x000001dcb62b2bb0 DEOPT PACKING pc=0x000001dcc630c034 sp=0x000000849f3fadf0
Event: 4.913 Thread 0x000001dcb62b2bb0 DEOPT UNPACKING pc=0x000001dcc5c846a2 sp=0x000000849f3fad90 mode 2
Event: 4.913 Thread 0x000001dcb62b2bb0 Uncommon trap: trap_request=0xffffffde fr.pc=0x000001dcc630c034 relative=0x0000000000000354
Event: 4.913 Thread 0x000001dcb62b2bb0 Uncommon trap: reason=class_check action=maybe_recompile pc=0x000001dcc630c034 method=java.util.TreeMap.put(Ljava/lang/Object;Ljava/lang/Object;Z)Ljava/lang/Object; @ 118 c2
Event: 4.913 Thread 0x000001dcb62b2bb0 DEOPT PACKING pc=0x000001dcc630c034 sp=0x000000849f3fadf0
Event: 4.913 Thread 0x000001dcb62b2bb0 DEOPT UNPACKING pc=0x000001dcc5c846a2 sp=0x000000849f3fad90 mode 2
Event: 4.913 Thread 0x000001dcb62b2bb0 Uncommon trap: trap_request=0xffffffde fr.pc=0x000001dcc630c034 relative=0x0000000000000354
Event: 4.913 Thread 0x000001dcb62b2bb0 Uncommon trap: reason=class_check action=maybe_recompile pc=0x000001dcc630c034 method=java.util.TreeMap.put(Ljava/lang/Object;Ljava/lang/Object;Z)Ljava/lang/Object; @ 118 c2
Event: 4.913 Thread 0x000001dcb62b2bb0 DEOPT PACKING pc=0x000001dcc630c034 sp=0x000000849f3fadf0
Event: 4.913 Thread 0x000001dcb62b2bb0 DEOPT UNPACKING pc=0x000001dcc5c846a2 sp=0x000000849f3fad90 mode 2
Event: 4.913 Thread 0x000001dcb62b2bb0 Uncommon trap: trap_request=0xffffffde fr.pc=0x000001dcc630c034 relative=0x0000000000000354
Event: 4.913 Thread 0x000001dcb62b2bb0 Uncommon trap: reason=class_check action=maybe_recompile pc=0x000001dcc630c034 method=java.util.TreeMap.put(Ljava/lang/Object;Ljava/lang/Object;Z)Ljava/lang/Object; @ 118 c2
Event: 4.913 Thread 0x000001dcb62b2bb0 DEOPT PACKING pc=0x000001dcc630c034 sp=0x000000849f3fadf0
Event: 4.913 Thread 0x000001dcb62b2bb0 DEOPT UNPACKING pc=0x000001dcc5c846a2 sp=0x000000849f3fad90 mode 2
Event: 4.921 Thread 0x000001dcb62b2bb0 DEOPT PACKING pc=0x000001dcbe7c24bd sp=0x000000849f3fa790
Event: 4.921 Thread 0x000001dcb62b2bb0 DEOPT UNPACKING pc=0x000001dcc5c84e42 sp=0x000000849f3f9c88 mode 0
Event: 9.120 Thread 0x000001dcb62b2bb0 DEOPT PACKING pc=0x000001dcbecd38fd sp=0x000000849f3fb2a0
Event: 9.120 Thread 0x000001dcb62b2bb0 DEOPT UNPACKING pc=0x000001dcc5c84e42 sp=0x000000849f3fa830 mode 0
Event: 11.312 Thread 0x000001dcb62b2bb0 DEOPT PACKING pc=0x000001dcbeac25b2 sp=0x000000849f3fa460
Event: 11.312 Thread 0x000001dcb62b2bb0 DEOPT UNPACKING pc=0x000001dcc5c84e42 sp=0x000000849f3f9970 mode 0

Classes loaded (20 events):
Event: 4.919 Loading class javax/crypto/IllegalBlockSizeException
Event: 4.919 Loading class javax/crypto/IllegalBlockSizeException done
Event: 4.919 Loading class javax/crypto/BadPaddingException
Event: 4.919 Loading class javax/crypto/BadPaddingException done
Event: 4.920 Loading class java/security/spec/InvalidKeySpecException
Event: 4.920 Loading class java/security/spec/InvalidKeySpecException done
Event: 4.920 Loading class java/security/spec/KeySpec
Event: 4.920 Loading class java/security/spec/KeySpec done
Event: 4.920 Loading class java/security/cert/CertificateException
Event: 4.920 Loading class java/security/cert/CertificateException done
Event: 4.925 Loading class java/net/BindException
Event: 4.925 Loading class java/net/BindException done
Event: 4.931 Loading class java/util/concurrent/atomic/AtomicReferenceFieldUpdater
Event: 4.931 Loading class java/util/concurrent/atomic/AtomicReferenceFieldUpdater done
Event: 4.931 Loading class java/util/concurrent/atomic/AtomicReferenceFieldUpdater$AtomicReferenceFieldUpdaterImpl
Event: 4.931 Loading class java/util/concurrent/atomic/AtomicReferenceFieldUpdater$AtomicReferenceFieldUpdaterImpl done
Event: 4.931 Loading class java/util/concurrent/atomic/AtomicReferenceFieldUpdater$AtomicReferenceFieldUpdaterImpl$1
Event: 4.931 Loading class java/util/concurrent/atomic/AtomicReferenceFieldUpdater$AtomicReferenceFieldUpdaterImpl$1 done
Event: 4.931 Loading class sun/reflect/misc/ReflectUtil
Event: 4.931 Loading class sun/reflect/misc/ReflectUtil done

Classes unloaded (0 events):
No events

Classes redefined (0 events):
No events

Internal exceptions (20 events):
Event: 1.273 Thread 0x000001dcb62b2bb0 Exception <a 'java/lang/NoSuchMethodError'{0x0000000712a9e270}: 'int java.lang.invoke.DirectMethodHandle$Holder.invokeVirtual(java.lang.Object, java.lang.Object, java.lang.Object)'> (0x0000000712a9e270) 
thrown [s\open\src\hotspot\share\interpreter\linkResolver.cpp, line 773]
Event: 1.387 Thread 0x000001dcb62b2bb0 Exception <a 'java/lang/NoSuchMethodError'{0x000000071263c3c8}: 'java.lang.Object java.lang.invoke.DirectMethodHandle$Holder.invokeStaticInit(java.lang.Object, int, int, int, int)'> (0x000000071263c3c8) 
thrown [s\open\src\hotspot\share\interpreter\linkResolver.cpp, line 773]
Event: 1.419 Thread 0x000001dcb62b2bb0 Exception <a 'java/lang/NoSuchMethodError'{0x00000007126f59a0}: 'java.lang.Object java.lang.invoke.DirectMethodHandle$Holder.invokeStaticInit(java.lang.Object, java.lang.Object, int, int, int, int)'> (0x00000007126f59a0) 
thrown [s\open\src\hotspot\share\interpreter\linkResolver.cpp, line 773]
Event: 1.714 Thread 0x000001dcb62b2bb0 Exception <a 'java/lang/NoSuchMethodError'{0x00000007115d4ec0}: 'void java.lang.invoke.Invokers$Holder.invokeExact_MT(java.lang.Object, java.lang.Object, java.lang.Object, java.lang.Object)'> (0x00000007115d4ec0) 
thrown [s\open\src\hotspot\share\interpreter\linkResolver.cpp, line 773]
Event: 1.716 Thread 0x000001dcb62b2bb0 Exception <a 'java/lang/NoSuchMethodError'{0x00000007115e2a00}: 'void java.lang.invoke.DelegatingMethodHandle$Holder.reinvoke_L(java.lang.Object, java.lang.Object, int)'> (0x00000007115e2a00) 
thrown [s\open\src\hotspot\share\interpreter\linkResolver.cpp, line 773]
Event: 1.828 Thread 0x000001dcb62b2bb0 Exception <a 'java/lang/NoSuchMethodError'{0x0000000710ccdb00}: 'long java.lang.invoke.DirectMethodHandle$Holder.invokeStatic(java.lang.Object, java.lang.Object)'> (0x0000000710ccdb00) 
thrown [s\open\src\hotspot\share\interpreter\linkResolver.cpp, line 773]
Event: 2.085 Thread 0x000001dcb62b2bb0 Exception <a 'java/lang/NoSuchMethodError'{0x00000007105686c8}: 'void java.lang.invoke.DirectMethodHandle$Holder.invokeVirtual(java.lang.Object, java.lang.Object, java.lang.Object, java.lang.Object)'> (0x00000007105686c8) 
thrown [s\open\src\hotspot\share\interpreter\linkResolver.cpp, line 773]
Event: 2.771 Thread 0x000001dcb62b2bb0 Exception <a 'java/lang/NoSuchMethodError'{0x000000070fd81060}: 'void java.lang.invoke.DirectMethodHandle$Holder.invokeStatic(java.lang.Object, long)'> (0x000000070fd81060) 
thrown [s\open\src\hotspot\share\interpreter\linkResolver.cpp, line 773]
Event: 2.772 Thread 0x000001dcb62b2bb0 Exception <a 'java/lang/NoSuchMethodError'{0x000000070fd86618}: 'java.lang.Object java.lang.invoke.DirectMethodHandle$Holder.newInvokeSpecial(java.lang.Object, long)'> (0x000000070fd86618) 
thrown [s\open\src\hotspot\share\interpreter\linkResolver.cpp, line 773]
Event: 2.774 Thread 0x000001dcb62b2bb0 Exception <a 'java/lang/NoSuchMethodError'{0x000000070fd8d228}: 'java.lang.Object java.lang.invoke.DirectMethodHandle$Holder.invokeStatic(java.lang.Object, long, java.lang.Object)'> (0x000000070fd8d228) 
thrown [s\open\src\hotspot\share\interpreter\linkResolver.cpp, line 773]
Event: 2.775 Thread 0x000001dcb62b2bb0 Exception <a 'java/lang/NoSuchMethodError'{0x000000070fd910a0}: 'java.lang.Object java.lang.invoke.DirectMethodHandle$Holder.invokeStaticInit(java.lang.Object, long, java.lang.Object)'> (0x000000070fd910a0) 
thrown [s\open\src\hotspot\share\interpreter\linkResolver.cpp, line 773]
Event: 2.926 Thread 0x000001dcb62b2bb0 Exception <a 'java/lang/NoSuchMethodError'{0x000000070f9b9800}: 'void java.lang.invoke.DirectMethodHandle$Holder.invokeStatic(java.lang.Object, java.lang.Object, java.lang.Object, java.lang.Object, java.lang.Object, java.lang.Object)'> (0x000000070f9b9800) 
thrown [s\open\src\hotspot\share\interpreter\linkResolver.cpp, line 773]
Event: 3.132 Thread 0x000001dcb62b2bb0 Exception <a 'java/lang/IncompatibleClassChangeError'{0x0000000712f95bf8}: Found class java.lang.Object, but interface was expected> (0x0000000712f95bf8) 
thrown [s\open\src\hotspot\share\interpreter\linkResolver.cpp, line 840]
Event: 3.133 Thread 0x000001dcb62b2bb0 Exception <a 'java/lang/IncompatibleClassChangeError'{0x0000000712f997a0}: Found class java.lang.Object, but interface was expected> (0x0000000712f997a0) 
thrown [s\open\src\hotspot\share\interpreter\linkResolver.cpp, line 840]
Event: 3.737 Thread 0x000001dcb62b2bb0 Exception <a 'java/lang/IncompatibleClassChangeError'{0x0000000712faedb8}: Found class java.lang.Object, but interface was expected> (0x0000000712faedb8) 
thrown [s\open\src\hotspot\share\interpreter\linkResolver.cpp, line 840]
Event: 3.851 Thread 0x000001dcb62b2bb0 Implicit null exception at 0x000001dcc6218524 to 0x000001dcc6218b9c
Event: 3.851 Thread 0x000001dcb62b2bb0 Implicit null exception at 0x000001dcc61fbaa0 to 0x000001dcc61fc10c
Event: 3.946 Thread 0x000001dcb62b2bb0 Exception <a 'java/lang/NoSuchMethodError'{0x00000007128d6770}: 'void java.lang.invoke.DirectMethodHandle$Holder.invokeVirtual(java.lang.Object, java.lang.Object)'> (0x00000007128d6770) 
thrown [s\open\src\hotspot\share\interpreter\linkResolver.cpp, line 773]
Event: 3.951 Thread 0x000001dcb62b2bb0 Exception <a 'java/lang/NoSuchMethodError'{0x00000007128e49e0}: 'java.lang.Object java.lang.invoke.DirectMethodHandle$Holder.invokeInterface(java.lang.Object, java.lang.Object, int)'> (0x00000007128e49e0) 
thrown [s\open\src\hotspot\share\interpreter\linkResolver.cpp, line 773]
Event: 3.951 Thread 0x000001dcb62b2bb0 Exception <a 'java/lang/IncompatibleClassChangeError'{0x00000007128e82b0}: Found class java.lang.Object, but interface was expected> (0x00000007128e82b0) 
thrown [s\open\src\hotspot\share\interpreter\linkResolver.cpp, line 840]

ZGC Phase Switch (0 events):
No events

VM Operations (20 events):
Event: 7.936 Executing VM operation: Cleanup done
Event: 8.943 Executing VM operation: Cleanup
Event: 8.943 Executing VM operation: Cleanup done
Event: 9.956 Executing VM operation: Cleanup
Event: 9.956 Executing VM operation: Cleanup done
Event: 10.968 Executing VM operation: Cleanup
Event: 10.968 Executing VM operation: Cleanup done
Event: 11.980 Executing VM operation: Cleanup
Event: 11.980 Executing VM operation: Cleanup done
Event: 12.986 Executing VM operation: Cleanup
Event: 12.986 Executing VM operation: Cleanup done
Event: 13.993 Executing VM operation: Cleanup
Event: 13.993 Executing VM operation: Cleanup done
Event: 15.006 Executing VM operation: Cleanup
Event: 15.006 Executing VM operation: Cleanup done
Event: 16.019 Executing VM operation: Cleanup
Event: 16.019 Executing VM operation: Cleanup done
Event: 17.021 Executing VM operation: Cleanup
Event: 17.021 Executing VM operation: Cleanup done
Event: 18.035 Executing VM operation: Cleanup

Events (20 events):
Event: 2.704 Thread 0x000001dd1c5c3b50 Thread exited: 0x000001dd1c5c3b50
Event: 2.704 Thread 0x000001dd1c5c4220 Thread exited: 0x000001dd1c5c4220
Event: 2.782 Thread 0x000001dd1c457e70 Thread added: 0x000001dd1c457e70
Event: 2.782 Thread 0x000001dd1c458500 Thread added: 0x000001dd1c458500
Event: 2.782 Thread 0x000001dd1cd94410 Thread added: 0x000001dd1cd94410
Event: 2.784 Thread 0x000001dd1cd94410 Thread exited: 0x000001dd1cd94410
Event: 2.786 Thread 0x000001dd1cd9bd90 Thread added: 0x000001dd1cd9bd90
Event: 2.812 Thread 0x000001dd1c457e70 Thread exited: 0x000001dd1c457e70
Event: 2.812 Thread 0x000001dd1c458500 Thread exited: 0x000001dd1c458500
Event: 2.814 Thread 0x000001dd1cd9bd90 Thread exited: 0x000001dd1cd9bd90
Event: 3.842 Thread 0x000001dd1c5c48f0 Thread added: 0x000001dd1c5c48f0
Event: 3.936 Thread 0x000001dd1c458500 Thread added: 0x000001dd1c458500
Event: 3.950 Thread 0x000001dd1cc084e0 Thread added: 0x000001dd1cc084e0
Event: 3.951 Thread 0x000001dd1cc08b70 Thread added: 0x000001dd1cc08b70
Event: 3.951 Thread 0x000001dd1c458500 Thread exited: 0x000001dd1c458500
Event: 3.952 Thread 0x000001dd1cc0ac40 Thread added: 0x000001dd1cc0ac40
Event: 4.112 Thread 0x000001dd1c5c48f0 Thread exited: 0x000001dd1c5c48f0
Event: 4.145 Thread 0x000001dd1cc09200 Thread added: 0x000001dd1cc09200
Event: 4.172 Thread 0x000001dd1cc09200 Thread exited: 0x000001dd1cc09200
Event: 4.707 Thread 0x000001dd1cc0b2d0 Thread added: 0x000001dd1cc0b2d0


Dynamic libraries:
0x00007ff66b920000 - 0x00007ff66b930000 	C:\Program Files\Java\jdk-21\bin\java.exe
0x00007ff8ec740000 - 0x00007ff8ec9a6000 	C:\WINDOWS\SYSTEM32\ntdll.dll
0x00007ff8eb370000 - 0x00007ff8eb439000 	C:\WINDOWS\System32\KERNEL32.DLL
0x00007ff8e9c50000 - 0x00007ff8ea01c000 	C:\WINDOWS\System32\KERNELBASE.dll
0x00007ff8e9b00000 - 0x00007ff8e9c4b000 	C:\WINDOWS\System32\ucrtbase.dll
0x00007ff89ede0000 - 0x00007ff89edfb000 	C:\Program Files\Java\jdk-21\bin\VCRUNTIME140.dll
0x00007ff8a0a90000 - 0x00007ff8a0aa9000 	C:\Program Files\Java\jdk-21\bin\jli.dll
0x00007ff8ec090000 - 0x00007ff8ec142000 	C:\WINDOWS\System32\ADVAPI32.dll
0x00007ff8eb8d0000 - 0x00007ff8eb979000 	C:\WINDOWS\System32\msvcrt.dll
0x00007ff8ec250000 - 0x00007ff8ec2f6000 	C:\WINDOWS\System32\sechost.dll
0x00007ff8eae00000 - 0x00007ff8eaf16000 	C:\WINDOWS\System32\RPCRT4.dll
0x00007ff8eb980000 - 0x00007ff8ebb4a000 	C:\WINDOWS\System32\USER32.dll
0x00007ff8ea4d0000 - 0x00007ff8ea4f7000 	C:\WINDOWS\System32\win32u.dll
0x00007ff8c9f20000 - 0x00007ff8ca1ba000 	C:\WINDOWS\WinSxS\amd64_microsoft.windows.common-controls_6595b64144ccf1df_6.0.26100.3912_none_3e07963ce335137e\COMCTL32.dll
0x00007ff8eb340000 - 0x00007ff8eb36b000 	C:\WINDOWS\System32\GDI32.dll
0x00007ff8ea0c0000 - 0x00007ff8ea1f2000 	C:\WINDOWS\System32\gdi32full.dll
0x00007ff8e0e30000 - 0x00007ff8e0e3b000 	C:\WINDOWS\SYSTEM32\VERSION.dll
0x00007ff8e9a50000 - 0x00007ff8e9af3000 	C:\WINDOWS\System32\msvcp_win.dll
0x00007ff8eb890000 - 0x00007ff8eb8c0000 	C:\WINDOWS\System32\IMM32.DLL
0x00007ff8e56e0000 - 0x00007ff8e56ec000 	C:\Program Files\Java\jdk-21\bin\vcruntime140_1.dll
0x00007ff84ca60000 - 0x00007ff84caee000 	C:\Program Files\Java\jdk-21\bin\msvcp140.dll
0x00007ff80eae0000 - 0x00007ff80f7fa000 	C:\Program Files\Java\jdk-21\bin\server\jvm.dll
0x00007ff8eb010000 - 0x00007ff8eb084000 	C:\WINDOWS\System32\WS2_32.dll
0x00007ff8e91a0000 - 0x00007ff8e91fe000 	C:\WINDOWS\SYSTEM32\POWRPROF.dll
0x00007ff8da3f0000 - 0x00007ff8da426000 	C:\WINDOWS\SYSTEM32\WINMM.dll
0x00007ff8e9180000 - 0x00007ff8e9194000 	C:\WINDOWS\SYSTEM32\UMPDC.dll
0x00007ff8e8650000 - 0x00007ff8e866a000 	C:\WINDOWS\SYSTEM32\kernel.appcore.dll
0x00007ff8e1f70000 - 0x00007ff8e1f7a000 	C:\Program Files\Java\jdk-21\bin\jimage.dll
0x00007ff8e6a30000 - 0x00007ff8e6c71000 	C:\WINDOWS\SYSTEM32\DBGHELP.DLL
0x00007ff8eb440000 - 0x00007ff8eb7c4000 	C:\WINDOWS\System32\combase.dll
0x00007ff8eaf20000 - 0x00007ff8eb000000 	C:\WINDOWS\System32\OLEAUT32.dll
0x00007ff8c23b0000 - 0x00007ff8c23e9000 	C:\WINDOWS\SYSTEM32\dbgcore.DLL
0x00007ff8ea020000 - 0x00007ff8ea0b9000 	C:\WINDOWS\System32\bcryptPrimitives.dll
0x00007ff8adfb0000 - 0x00007ff8adfcf000 	C:\Program Files\Java\jdk-21\bin\java.dll
0x00007ff8ea500000 - 0x00007ff8eac2d000 	C:\WINDOWS\System32\SHELL32.dll
0x00007ff8e98d0000 - 0x00007ff8e9a44000 	C:\WINDOWS\System32\wintypes.dll
0x00007ff8e7520000 - 0x00007ff8e7d76000 	C:\WINDOWS\SYSTEM32\windows.storage.dll
0x00007ff8ec560000 - 0x00007ff8ec64f000 	C:\WINDOWS\System32\SHCORE.dll
0x00007ff8ec680000 - 0x00007ff8ec6e9000 	C:\WINDOWS\System32\shlwapi.dll
0x00007ff8e97e0000 - 0x00007ff8e980f000 	C:\WINDOWS\SYSTEM32\profapi.dll
0x00007ff888970000 - 0x00007ff888a47000 	C:\Program Files\Java\jdk-21\bin\jsvml.dll
0x00007ff8e0080000 - 0x00007ff8e0090000 	C:\Program Files\Java\jdk-21\bin\net.dll
0x00007ff8e0f30000 - 0x00007ff8e104e000 	C:\WINDOWS\SYSTEM32\WINHTTP.dll
0x00007ff8e8ba0000 - 0x00007ff8e8c0a000 	C:\WINDOWS\system32\mswsock.dll
0x00007ff88c090000 - 0x00007ff88c0a6000 	C:\Program Files\Java\jdk-21\bin\nio.dll
0x00007ff8a1a30000 - 0x00007ff8a1a48000 	C:\Program Files\Java\jdk-21\bin\zip.dll
0x00007ff8e80c0000 - 0x00007ff8e80f3000 	C:\WINDOWS\SYSTEM32\IPHLPAPI.DLL
0x00007ff8eada0000 - 0x00007ff8eadaa000 	C:\WINDOWS\System32\NSI.dll
0x00007ff8e00f0000 - 0x00007ff8e00f9000 	C:\Program Files\Java\jdk-21\bin\extnet.dll
0x00007ff8dfff0000 - 0x00007ff8e0000000 	C:\Program Files\Java\jdk-21\bin\verify.dll
0x00007ff8e8f60000 - 0x00007ff8e8f7c000 	C:\WINDOWS\SYSTEM32\CRYPTSP.dll
0x00007ff8e85b0000 - 0x00007ff8e85ea000 	C:\WINDOWS\system32\rsaenh.dll
0x00007ff8e8c40000 - 0x00007ff8e8c6b000 	C:\WINDOWS\SYSTEM32\USERENV.dll
0x00007ff8e97b0000 - 0x00007ff8e97d6000 	C:\WINDOWS\SYSTEM32\bcrypt.dll
0x00007ff8e8dd0000 - 0x00007ff8e8ddc000 	C:\WINDOWS\SYSTEM32\CRYPTBASE.dll
0x00007ff8e8160000 - 0x00007ff8e8287000 	C:\WINDOWS\SYSTEM32\DNSAPI.dll
0x00007ff8e1c40000 - 0x00007ff8e1c4b000 	C:\Windows\System32\rasadhlp.dll
0x00007ff8df530000 - 0x00007ff8df5b6000 	C:\WINDOWS\System32\fwpuclnt.dll

dbghelp: loaded successfully - version: 4.0.5 - missing functions: none
symbol engine: initialized successfully - sym options: 0x614 - pdb path: .;C:\Program Files\Java\jdk-21\bin;C:\WINDOWS\SYSTEM32;C:\WINDOWS\WinSxS\amd64_microsoft.windows.common-controls_6595b64144ccf1df_6.0.26100.3912_none_3e07963ce335137e;C:\Program Files\Java\jdk-21\bin\server

VM Arguments:
jvm_args: -ea -XX:+ShowCodeDetailsInExceptionMessages -Dfile.encoding=UTF-8 
java_command: org.eclipse.jdt.internal.junit.runner.RemoteTestRunner -version 3 -port 27091 -testLoaderClass org.eclipse.jdt.internal.junit5.runner.JUnit5TestLoader -loaderpluginname org.eclipse.jdt.junit5.runtime -test com.rubenrf.cafeteria_app.CafeteriaAppApplicationTests:crearCliente
java_class_path (initial): d:\Universidad\7 Semestre\Modelos de calidad de software\3 Corte\cafeteria-app\cafeteria-app\target\test-classes;d:\Universidad\7 Semestre\Modelos de calidad de software\3 Corte\cafeteria-app\cafeteria-app\target\classes;c:\Users\ruben\.m2\repository\org\springframework\boot\spring-boot-starter-data-jpa\3.4.5\spring-boot-starter-data-jpa-3.4.5.jar;c:\Users\ruben\.m2\repository\org\springframework\boot\spring-boot-starter\3.4.5\spring-boot-starter-3.4.5.jar;c:\Users\ruben\.m2\repository\org\springframework\boot\spring-boot\3.4.5\spring-boot-3.4.5.jar;c:\Users\ruben\.m2\repository\org\springframework\boot\spring-boot-starter-logging\3.4.5\spring-boot-starter-logging-3.4.5.jar;c:\Users\ruben\.m2\repository\ch\qos\logback\logback-classic\1.5.18\logback-classic-1.5.18.jar;c:\Users\ruben\.m2\repository\ch\qos\logback\logback-core\1.5.18\logback-core-1.5.18.jar;c:\Users\ruben\.m2\repository\org\apache\logging\log4j\log4j-to-slf4j\2.24.3\log4j-to-slf4j-2.24.3.jar;c:\Users\ruben\.m2\repository\org\apache\logging\log4j\log4j-api\2.24.3\log4j-api-2.24.3.jar;c:\Users\ruben\.m2\repository\org\slf4j\jul-to-slf4j\2.0.17\jul-to-slf4j-2.0.17.jar;c:\Users\ruben\.m2\repository\jakarta\annotation\jakarta.annotation-api\2.1.1\jakarta.annotation-api-2.1.1.jar;c:\Users\ruben\.m2\repository\org\yaml\snakeyaml\2.3\snakeyaml-2.3.jar;c:\Users\ruben\.m2\repository\org\springframework\boot\spring-boot-starter-jdbc\3.4.5\spring-boot-starter-jdbc-3.4.5.jar;c:\Users\ruben\.m2\repository\com\zaxxer\HikariCP\5.1.0\HikariCP-5.1.0.jar;c:\Users\ruben\.m2\repository\org\springframework\spring-jdbc\6.2.6\spring-jdbc-6.2.6.jar;c:\Users\ruben\.m2\repository\org\hibernate\orm\hibernate-core\6.6.13.Final\hibernate-core-6.6.13.Final.jar;c:\Users\ruben\.m2\repository\jakarta\persistence\jakarta.persistence-api\3.1.0\jakarta.persistence-api-3.1.0.jar;c:\Users\ruben\.m2\repository\jakarta\transaction\jakarta.transaction-api\2.0.1\jakarta.transaction-api-2.0.1.jar;c:\Users\ruben\.m2\repository\org\jboss\logging\jboss-logging\3.6.1.Final\jboss-logging-3.6.1.Final.jar;c:\Users\ruben\.m2\repository\org\hibernate\common\hibernate-commons-annotations\7.0.3.Final\hibernate-commons-annotations-7.0.3.Final.jar;c:\Users\ruben\.m2\repository\io\smallrye\jandex\3.2.0\jandex-3.2.0.jar;c:\Users\ruben\.m2\repository\com\fasterxml\classmate\1.7.0\classmate-1.7.0.jar;c:\Users\ruben\.m2\repository\net\bytebuddy\byte-buddy\1.15.11\byte-buddy-1.15.11.jar;c:\Users\ruben\.m2\repository\org\glassfish\jaxb\jaxb-runtime\4.0.5\jaxb-runtime-4.0.5.jar;c:\Users\ruben\.m2\repository\org\glassfish\jaxb\jaxb-core\4.0.5\jaxb-core-4.0.5.jar;c:\Users\ruben\.m2\repository\org\eclipse\angus\angus-activation\2.0.2\angus-activation-2.0.2.jar;c:\Users\ruben\.m2\repository\org\glassfish\jaxb\txw2\4.0.5\txw2-4.0.5.jar;c:\Users\ruben\.m2\repository\com\sun\istack\istack-commons-runtime\4.1.2\istack-commons-runtime-4.1.2.jar;c:\Users\ruben\.m2\repository\jakarta\inject\jakarta.inject-api\2.0.1\jakarta.inject-api-2.0.1.jar;c:\Users\ruben\.m2\repository\org\antlr\antlr4-runtime\4.13.0\antlr4-runtime-4.13.0.jar;c:\Users\ruben\.m2\repository\org\springframework\data\spring-data-jpa\3.4.5\spring-data-jpa-3.4.5.jar;c:\Users\ruben\.m2\repository\org\springframework\data\spring-data-commons\3.4.5\spring-data-commons-3.4.5.jar;c:\Users\ruben\.m2\repository\org\springframework\spring-orm\6.2.6\spring-orm-6.2.6.jar;c:\Users\ruben\.m2\repository\org\springframework\spring-context\6.2.6\spring-context-6.2.6.jar;c:\Users\ruben\.m2\repository\org\springframework\spring-aop\6.2.6\spring-aop-6.2.6.jar;c:\Users\ruben\.m2\repository\org\springframework\spring-tx\6.2.6\spring-tx-6.2.6.jar;c:\Users\ruben\.m2\repository\org\springframework\spring-beans\6.2.6\spring-beans-6.2.6.jar;c:\Users\ruben\.m2\repository\org\slf4j\slf4j-api\2.0.17\slf4j-api-2.0.17.jar;c:\Users\ruben\.m2\repository\org\springframework\spring-aspects\6.2.6\spring-aspects-6.2.6.jar;c:\Users\ruben\.m2\repository\org\aspectj\aspectjweaver\1.9.24\aspectjweaver-1.9.24.jar;c:\Users\ruben\.m2\repository\org\springframework\boot\spring-boot-starter-validation\3.4.5\spring-boot-starter-validation-3.4.5.jar;c:\Users\ruben\.m2\repository\org\apache\tomcat\embed\tomcat-embed-el\10.1.40\tomcat-embed-el-10.1.40.jar;c:\Users\ruben\.m2\repository\org\hibernate\validator\hibernate-validator\8.0.2.Final\hibernate-validator-8.0.2.Final.jar;c:\Users\ruben\.m2\repository\jakarta\validation\jakarta.validation-api\3.0.2\jakarta.validation-api-3.0.2.jar;c:\Users\ruben\.m2\repository\org\springframework\boot\spring-boot-starter-web\3.4.5\spring-boot-starter-web-3.4.5.jar;c:\Users\ruben\.m2\repository\org\springframework\boot\spring-boot-starter-json\3.4.5\spring-boot-starter-json-3.4.5.jar;c:\Users\ruben\.m2\repository\com\fasterxml\jackson\core\jackson-databind\2.18.3\jackson-databind-2.18.3.jar;c:\Users\ruben\.m2\repository\com\fasterxml\jackson\datatype\jackson-datatype-jdk8\2.18.3\jackson-datatype-jdk8-2.18.3.jar;c:\Users\ruben\.m2\repository\com\fasterxml\jackson\module\jackson-module-parameter-names\2.18.3\jackson-module-parameter-names-2.18.3.jar;c:\Users\ruben\.m2\repository\org\springframework\boot\spring-boot-starter-tomcat\3.4.5\spring-boot-starter-tomcat-3.4.5.jar;c:\Users\ruben\.m2\repository\org\apache\tomcat\embed\tomcat-embed-core\10.1.40\tomcat-embed-core-10.1.40.jar;c:\Users\ruben\.m2\repository\org\apache\tomcat\embed\tomcat-embed-websocket\10.1.40\tomcat-embed-websocket-10.1.40.jar;c:\Users\ruben\.m2\repository\org\springframework\spring-web\6.2.6\spring-web-6.2.6.jar;c:\Users\ruben\.m2\repository\io\micrometer\micrometer-observation\1.14.6\micrometer-observation-1.14.6.jar;c:\Users\ruben\.m2\repository\io\micrometer\micrometer-commons\1.14.6\micrometer-commons-1.14.6.jar;c:\Users\ruben\.m2\repository\org\springframework\spring-webmvc\6.2.6\spring-webmvc-6.2.6.jar;c:\Users\ruben\.m2\repository\org\springframework\spring-expression\6.2.6\spring-expression-6.2.6.jar;c:\Users\ruben\.m2\repository\org\flywaydb\flyway-core\10.20.1\flyway-core-10.20.1.jar;c:\Users\ruben\.m2\repository\com\fasterxml\jackson\dataformat\jackson-dataformat-toml\2.18.3\jackson-dataformat-toml-2.18.3.jar;c:\Users\ruben\.m2\repository\com\fasterxml\jackson\core\jackson-core\2.18.3\jackson-core-2.18.3.jar;c:\Users\ruben\.m2\repository\com\fasterxml\jackson\datatype\jackson-datatype-jsr310\2.18.3\jackson-datatype-jsr310-2.18.3.jar;c:\Users\ruben\.m2\repository\com\fasterxml\jackson\core\jackson-annotations\2.18.3\jackson-annotations-2.18.3.jar;c:\Users\ruben\.m2\repository\org\flywaydb\flyway-mysql\10.20.1\flyway-mysql-10.20.1.jar;c:\Users\ruben\.m2\repository\org\springframework\cloud\spring-cloud-starter-circuitbreaker-resilience4j\3.2.1\spring-cloud-starter-circuitbreaker-resilience4j-3.2.1.jar;c:\Users\ruben\.m2\repository\org\springframework\cloud\spring-cloud-starter\4.2.1\spring-cloud-starter-4.2.1.jar;c:\Users\ruben\.m2\repository\org\springframework\cloud\spring-cloud-context\4.2.1\spring-cloud-context-4.2.1.jar;c:\Users\ruben\.m2\repository\org\springframework\security\spring-security-crypto\6.4.5\spring-security-crypto-6.4.5.jar;c:\Users\ruben\.m2\repository\org\springframework\cloud\spring-cloud-commons\4.2.1\spring-cloud-commons-4.2.1.jar;c:\Users\ruben\.m2\repository\org\bouncycastle\bcprov-jdk18on\1.78.1\bcprov-jdk18on-1.78.1.jar;c:\Users\ruben\.m2\repository\org\springframework\cloud\spring-cloud-circuitbreaker-resilience4j\3.2.1\spring-cloud-circuitbreaker-resilience4j-3.2.1.jar;c:\Users\ruben\.m2\repository\io\github\resilience4j\resilience4j-spring-boot3\2.2.0\resilience4j-spring-boot3-2.2.0.jar;c:\Users\ruben\.m2\repository\io\github\resilience4j\resilience4j-spring6\2.2.0\resilience4j-spring6-2.2.0.jar;c:\Users\ruben\.m2\repository\io\github\resilience4j\resilience4j-annotations\2.2.0\resilience4j-annotations-2.2.0.jar;c:\Users\ruben\.m2\repository\io\github\resilience4j\resilience4j-consumer\2.2.0\resilience4j-consumer-2.2.0.jar;c:\Users\ruben\.m2\repository\io\github\resilience4j\resilience4j-circularbuffer\2.2.0\resilience4j-circularbuffer-2.2.0.jar;c:\Users\ruben\.m2\repository\io\github\resilience4j\resilience4j-framework-common\2.2.0\resilience4j-framework-common-2.2.0.jar;c:\Users\ruben\.m2\repository\io\github\resilience4j\resilience4j-micrometer\2.2.0\resilience4j-micrometer-2.2.0.jar;c:\Users\ruben\.m2\repository\io\micrometer\micrometer-core\1.14.6\micrometer-core-1.14.6.jar;c:\Users\ruben\.m2\repository\org\hdrhistogram\HdrHistogram\2.2.2\HdrHistogram-2.2.2.jar;c:\Users\ruben\.m2\repository\org\latencyutils\LatencyUtils\2.0.3\LatencyUtils-2.0.3.jar;c:\Users\ruben\.m2\repository\io\github\resilience4j\resilience4j-retry\2.2.0\resilience4j-retry-2.2.0.jar;c:\Users\ruben\.m2\repository\io\github\resilience4j\resilience4j-ratelimiter\2.2.0\resilience4j-ratelimiter-2.2.0.jar;c:\Users\ruben\.m2\repository\org\springframework\boot\spring-boot-configuration-processor\3.4.5\spring-boot-configuration-processor-3.4.5.jar;c:\Users\ruben\.m2\repository\io\github\resilience4j\resilience4j-circuitbreaker\2.2.0\resilience4j-circuitbreaker-2.2.0.jar;c:\Users\ruben\.m2\repository\io\github\resilience4j\resilience4j-core\2.2.0\resilience4j-core-2.2.0.jar;c:\Users\ruben\.m2\repository\io\github\resilience4j\resilience4j-timelimiter\2.2.0\resilience4j-timelimiter-2.2.0.jar;c:\Users\ruben\.m2\repository\com\mysql\mysql-connector-j\9.1.0\mysql-connector-j-9.1.0.jar;c:\Users\ruben\.m2\repository\org\projectlombok\lombok\1.18.38\lombok-1.18.38.jar;c:\Users\ruben\.m2\repository\org\springframework\boot\spring-boot-starter-test\3.4.5\spring-boot-starter-test-3.4.5.jar;c:\Users\ruben\.m2\repository\org\springframework\boot\spring-boot-test\3.4.5\spring-boot-test-3.4.5.jar;c:\Users\ruben\.m2\repository\org\springframework\boot\spring-boot-test-autoconfigure\3.4.5\spring-boot-test-autoconfigure-3.4.5.jar;c:\Users\ruben\.m2\repository\com\jayway\jsonpath\json-path\2.9.0\json-path-2.9.0.jar;c:\Users\ruben\.m2\repository\jakarta\xml\bind\jakarta.xml.bind-api\4.0.2\jakarta.xml.bind-api-4.0.2.jar;c:\Users\ruben\.m2\repository\jakarta\activation\jakarta.activation-api\2.1.3\jakarta.activation-api-2.1.3.jar;c:\Users\ruben\.m2\repository\net\minidev\json-smart\2.5.2\json-smart-2.5.2.jar;c:\Users\ruben\.m2\repository\net\minidev\accessors-smart\2.5.2\accessors-smart-2.5.2.jar;c:\Users\ruben\.m2\repository\org\ow2\asm\asm\9.7.1\asm-9.7.1.jar;c:\Users\ruben\.m2\repository\org\assertj\assertj-core\3.26.3\assertj-core-3.26.3.jar;c:\Users\ruben\.m2\repository\org\awaitility\awaitility\4.2.2\awaitility-4.2.2.jar;c:\Users\ruben\.m2\repository\org\hamcrest\hamcrest\2.2\hamcrest-2.2.jar;c:\Users\ruben\.m2\repository\org\junit\jupiter\junit-jupiter\5.11.4\junit-jupiter-5.11.4.jar;c:\Users\ruben\.m2\repository\org\junit\jupiter\junit-jupiter-api\5.11.4\junit-jupiter-api-5.11.4.jar;c:\Users\ruben\.m2\repository\org\opentest4j\opentest4j\1.3.0\opentest4j-1.3.0.jar;c:\Users\ruben\.m2\repository\org\junit\platform\junit-platform-commons\1.11.4\junit-platform-commons-1.11.4.jar;c:\Users\ruben\.m2\repository\org\apiguardian\apiguardian-api\1.1.2\apiguardian-api-1.1.2.jar;c:\Users\ruben\.m2\repository\org\junit\jupiter\junit-jupiter-params\5.11.4\junit-jupiter-params-5.11.4.jar;c:\Users\ruben\.m2\repository\org\junit\jupiter\junit-jupiter-engine\5.11.4\junit-jupiter-engine-5.11.4.jar;c:\Users\ruben\.m2\repository\org\junit\platform\junit-platform-engine\1.11.4\junit-platform-engine-1.11.4.jar;c:\Users\ruben\.m2\repository\org\mockito\mockito-core\5.14.2\mockito-core-5.14.2.jar;c:\Users\ruben\.m2\repository\net\bytebuddy\byte-buddy-agent\1.15.11\byte-buddy-agent-1.15.11.jar;c:\Users\ruben\.m2\repository\org\objenesis\objenesis\3.3\objenesis-3.3.jar;c:\Users\ruben\.m2\repository\org\mockito\mockito-junit-jupiter\5.14.2\mockito-junit-jupiter-5.14.2.jar;c:\Users\ruben\.m2\repository\org\skyscreamer\jsonassert\1.5.3\jsonassert-1.5.3.jar;c:\Users\ruben\.m2\repository\com\vaadin\external\google\android-json\0.0.20131108.vaadin1\android-json-0.0.20131108.vaadin1.jar;c:\Users\ruben\.m2\repository\org\springframework\spring-core\6.2.6\spring-core-6.2.6.jar;c:\Users\ruben\.m2\repository\org\springframework\spring-jcl\6.2.6\spring-jcl-6.2.6.jar;c:\Users\ruben\.m2\repository\org\springframework\spring-test\6.2.6\spring-test-6.2.6.jar;c:\Users\ruben\.m2\repository\org\xmlunit\xmlunit-core\2.10.0\xmlunit-core-2.10.0.jar;c:\Users\ruben\.m2\repository\org\springframework\boot\spring-boot-testcontainers\3.4.5\spring-boot-testcontainers-3.4.5.jar;c:\Users\ruben\.m2\repository\org\springframework\boot\spring-boot-autoconfigure\3.4.5\spring-boot-autoconfigure-3.4.5.jar;c:\Users\ruben\.m2\repository\org\testcontainers\testcontainers\1.20.6\testcontainers-1.20.6.jar;c:\Users\ruben\.m2\repository\junit\junit\4.13.2\junit-4.13.2.jar;c:\Users\ruben\.m2\repository\org\hamcrest\hamcrest-core\2.2\hamcrest-core-2.2.jar;c:\Users\ruben\.m2\repository\org\apache\commons\commons-compress\1.24.0\commons-compress-1.24.0.jar;c:\Users\ruben\.m2\repository\org\rnorth\duct-tape\duct-tape\1.0.8\duct-tape-1.0.8.jar;c:\Users\ruben\.m2\repository\org\jetbrains\annotations\17.0.0\annotations-17.0.0.jar;c:\Users\ruben\.m2\repository\com\github\docker-java\docker-java-api\3.4.1\docker-java-api-3.4.1.jar;c:\Users\ruben\.m2\repository\com\github\docker-java\docker-java-transport-zerodep\3.4.1\docker-java-transport-zerodep-3.4.1.jar;c:\Users\ruben\.m2\repository\com\github\docker-java\docker-java-transport\3.4.1\docker-java-transport-3.4.1.jar;c:\Users\ruben\.m2\repository\net\java\dev\jna\jna\5.13.0\jna-5.13.0.jar;c:\Users\ruben\.m2\repository\org\testcontainers\junit-jupiter\1.20.6\junit-jupiter-1.20.6.jar;c:\Users\ruben\.m2\repository\org\testcontainers\mysql\1.20.6\mysql-1.20.6.jar;c:\Users\ruben\.m2\repository\org\testcontainers\jdbc\1.20.6\jdbc-1.20.6.jar;c:\Users\ruben\.m2\repository\org\testcontainers\database-commons\1.20.6\database-commons-1.20.6.jar;c:\Users\ruben\.m2\repository\io\rest-assured\rest-assured\5.3.2\rest-assured-5.3.2.jar;c:\Users\ruben\.m2\repository\org\apache\groovy\groovy\4.0.26\groovy-4.0.26.jar;c:\Users\ruben\.m2\repository\org\apache\groovy\groovy-xml\4.0.26\groovy-xml-4.0.26.jar;c:\Users\ruben\.m2\repository\org\apache\httpcomponents\httpclient\4.5.13\httpclient-4.5.13.jar;c:\Users\ruben\.m2\repository\org\apache\httpcomponents\httpcore\4.4.16\httpcore-4.4.16.jar;c:\Users\ruben\.m2\repository\commons-logging\commons-logging\1.2\commons-logging-1.2.jar;c:\Users\ruben\.m2\repository\commons-codec\commons-codec\1.17.2\commons-codec-1.17.2.jar;c:\Users\ruben\.m2\repository\org\apache\httpcomponents\httpmime\4.5.13\httpmime-4.5.13.jar;c:\Users\ruben\.m2\repository\org\ccil\cowan\tagsoup\tagsoup\1.2.1\tagsoup-1.2.1.jar;c:\Users\ruben\.m2\repository\io\rest-assured\json-path\5.5.1\json-path-5.5.1.jar;c:\Users\ruben\.m2\repository\org\apache\groovy\groovy-json\4.0.26\groovy-json-4.0.26.jar;c:\Users\ruben\.m2\repository\io\rest-assured\rest-assured-common\5.5.1\rest-assured-common-5.5.1.jar;c:\Users\ruben\.m2\repository\io\rest-assured\xml-path\5.5.1\xml-path-5.5.1.jar;c:\Users\ruben\.m2\repository\org\apache\commons\commons-lang3\3.17.0\commons-lang3-3.17.0.jar;c:\Users\ruben\.m2\repository\org\springdoc\springdoc-openapi-starter-webmvc-ui\2.8.5\springdoc-openapi-starter-webmvc-ui-2.8.5.jar;c:\Users\ruben\.m2\repository\org\webjars\swagger-ui\5.18.3\swagger-ui-5.18.3.jar;c:\Users\ruben\.m2\repository\org\webjars\webjars-locator-lite\1.0.1\webjars-locator-lite-1.0.1.jar;c:\Users\ruben\.m2\repository\org\jspecify\jspecify\1.0.0\jspecify-1.0.0.jar;c:\Users\ruben\.m2\repository\org\springdoc\springdoc-openapi-starter-webmvc-api\2.8.5\springdoc-openapi-starter-webmvc-api-2.8.5.jar;c:\Users\ruben\.m2\repository\org\springdoc\springdoc-openapi-starter-common\2.8.5\springdoc-openapi-starter-common-2.8.5.jar;c:\Users\ruben\.m2\repository\io\swagger\core\v3\swagger-core-jakarta\2.2.28\swagger-core-jakarta-2.2.28.jar;c:\Users\ruben\.m2\repository\io\swagger\core\v3\swagger-annotations-jakarta\2.2.28\swagger-annotations-jakarta-2.2.28.jar;c:\Users\ruben\.m2\repository\io\swagger\core\v3\swagger-models-jakarta\2.2.28\swagger-models-jakarta-2.2.28.jar;c:\Users\ruben\.m2\repository\com\fasterxml\jackson\dataformat\jackson-dataformat-yaml\2.18.3\jackson-dataformat-yaml-2.18.3.jar;c:\Users\ruben\.m2\repository\org\springframework\cloud\spring-cloud-starter-contract-stub-runner\4.2.1\spring-cloud-starter-contract-stub-runner-4.2.1.jar;c:\Users\ruben\.m2\repository\org\springframework\cloud\spring-cloud-contract-stub-runner\4.2.1\spring-cloud-contract-stub-runner-4.2.1.jar;c:\Users\ruben\.m2\repository\org\springframework\cloud\spring-cloud-contract-verifier\4.2.1\spring-cloud-contract-verifier-4.2.1.jar;c:\Users\ruben\.m2\repository\org\apache\commons\commons-text\1.11.0\commons-text-1.11.0.jar;c:\Users\ruben\.m2\repository\javax\inject\javax.inject\1\javax.inject-1.jar;c:\Users\ruben\.m2\repository\com\toomuchcoding\jsonassert\jsonassert\0.8.0\jsonassert-0.8.0.jar;c:\Users\ruben\.m2\repository\com\rackspace\eclipse\webtools\sourceediting\org.eclipse.wst.xml.xpath2.processor\2.1.100\org.eclipse.wst.xml.xpath2.processor-2.1.100.jar;c:\Users\ruben\.m2\repository\edu\princeton\cup\java-cup\10k\java-cup-10k.jar;c:\Users\ruben\.m2\repository\com\ibm\icu\icu4j\4.6\icu4j-4.6.jar;c:\Users\ruben\.m2\repository\org\apache\groovy\groovy-nio\4.0.26\groovy-nio-4.0.26.jar;c:\Users\ruben\.m2\repository\com\github\jknack\handlebars\4.3.1\handlebars-4.3.1.jar;c:\Users\ruben\.m2\repository\commons-beanutils\commons-beanutils\1.9.4\commons-beanutils-1.9.4.jar;c:\Users\ruben\.m2\repository\commons-collections\commons-collections\3.2.2\commons-collections-3.2.2.jar;c:\Users\ruben\.m2\repository\net\javacrumbs\json-unit\json-unit-assertj\2.38.0\json-unit-assertj-2.38.0.jar;c:\Users\ruben\.m2\repository\net\javacrumbs\json-unit\json-unit-core\2.38.0\json-unit-core-2.38.0.jar;c:\Users\ruben\.m2\repository\net\javacrumbs\json-unit\json-unit-json-path\2.38.0\json-unit-json-path-2.38.0.jar;c:\Users\ruben\.m2\repository\org\springframework\cloud\spring-cloud-contract-shade\4.2.1\spring-cloud-contract-shade-4.2.1.jar;c:\Users\ruben\.m2\repository\org\springframework\cloud\spring-cloud-contract-converters\4.2.1\spring-cloud-contract-converters-4.2.1.jar;c:\Users\ruben\.m2\repository\org\springframework\cloud\spring-cloud-contract-spec\4.2.1\spring-cloud-contract-spec-4.2.1.jar;c:\Users\ruben\.m2\repository\org\springframework\cloud\spring-cloud-contract-spec-java\4.2.1\spring-cloud-contract-spec-java-4.2.1.jar;c:\Users\ruben\.m2\repository\dk\brics\automaton\1.12-4\automaton-1.12-4.jar;c:\Users\ruben\.m2\repository\org\springframework\cloud\spring-cloud-contract-spec-groovy\4.2.1\spring-cloud-contract-spec-groovy-4.2.1.jar;c:\Users\ruben\.m2\repository\org\eclipse\jgit\org.eclipse.jgit\6.10.0.202406032230-r\org.eclipse.jgit-6.10.0.202406032230-r.jar;c:\Users\ruben\.m2\repository\com\googlecode\javaewah\JavaEWAH\1.2.3\JavaEWAH-1.2.3.jar;c:\Users\ruben\.m2\repository\org\eclipse\jgit\org.eclipse.jgit.ssh.jsch\6.7.0.202309050840-r\org.eclipse.jgit.ssh.jsch-6.7.0.202309050840-r.jar;c:\Users\ruben\.m2\repository\com\jcraft\jsch\0.1.55\jsch-0.1.55.jar;c:\Users\ruben\.m2\repository\com\jcraft\jzlib\1.1.3\jzlib-1.1.3.jar;c:\Users\ruben\.m2\repository\com\jcraft\jsch.agentproxy.sshagent\0.0.9\jsch.agentproxy.sshagent-0.0.9.jar;c:\Users\ruben\.m2\repository\com\jcraft\jsch.agentproxy.core\0.0.9\jsch.agentproxy.core-0.0.9.jar;c:\Users\ruben\.m2\repository\com\jcraft\jsch.agentproxy.jsch\0.0.9\jsch.agentproxy.jsch-0.0.9.jar;c:\Users\ruben\.m2\repository\com\jcraft\jsch.agentproxy.usocket-jna\0.0.9\jsch.agentproxy.usocket-jna-0.0.9.jar;c:\Users\ruben\.m2\repository\net\java\dev\jna\jna-platform\4.1.0\jna-platform-4.1.0.jar;c:\Users\ruben\.m2\repository\org\springframework\cloud\spring-cloud-contract-wiremock\4.2.1\spring-cloud-contract-wiremock-4.2.1.jar;c:\Users\ruben\.m2\repository\com\github\tomakehurst\wiremock-jre8-standalone\2.35.1\wiremock-jre8-standalone-2.35.1.jar;c:\Users\ruben\.m2\repository\org\apache\httpcomponents\client5\httpclient5\5.4.3\httpclient5-5.4.3.jar;c:\Users\ruben\.m2\repository\org\apache\httpcomponents\core5\httpcore5\5.3.4\httpcore5-5.3.4.jar;c:\Users\ruben\.m2\repository\org\apache\httpcomponents\core5\httpcore5-h2\5.3.4\httpcore5-h2-5.3.4.jar;c:\Users\ruben\.m2\repository\org\springframework\cloud\spring-cloud-test-support\4.2.1\spring-cloud-test-support-4.2.1.jar;c:\Users\ruben\.m2\repository\org\apache\maven\resolver\maven-resolver-connector-basic\1.9.22\maven-resolver-connector-basic-1.9.22.jar;c:\Users\ruben\.m2\repository\org\apache\maven\resolver\maven-resolver-spi\1.9.22\maven-resolver-spi-1.9.22.jar;c:\Users\ruben\.m2\repository\org\apache\maven\resolver\maven-resolver-util\1.9.22\maven-resolver-util-1.9.22.jar;c:\Users\ruben\.m2\repository\org\apache\maven\resolver\maven-resolver-impl\1.9.22\maven-resolver-impl-1.9.22.jar;c:\Users\ruben\.m2\repository\org\apache\maven\resolver\maven-resolver-named-locks\1.9.22\maven-resolver-named-locks-1.9.22.jar;c:\Users\ruben\.m2\repository\org\apache\maven\maven-resolver-provider\3.9.9\maven-resolver-provider-3.9.9.jar;c:\Users\ruben\.m2\repository\org\apache\maven\maven-model\3.9.9\maven-model-3.9.9.jar;c:\Users\ruben\.m2\repository\org\apache\maven\maven-model-builder\3.9.9\maven-model-builder-3.9.9.jar;c:\Users\ruben\.m2\repository\org\codehaus\plexus\plexus-interpolation\1.27\plexus-interpolation-1.27.jar;c:\Users\ruben\.m2\repository\org\apache\maven\maven-artifact\3.9.9\maven-artifact-3.9.9.jar;c:\Users\ruben\.m2\repository\org\apache\maven\maven-builder-support\3.9.9\maven-builder-support-3.9.9.jar;c:\Users\ruben\.m2\repository\org\apache\maven\maven-repository-metadata\3.9.9\maven-repository-metadata-3.9.9.jar;c:\Users\ruben\.m2\repository\org\apache\maven\resolver\maven-resolver-transport-http\1.9.22\maven-resolver-transport-http-1.9.22.jar;c:\Users\ruben\.m2\repository\org\apache\maven\resolver\maven-resolver-api\1.9.18\maven-resolver-api-1.9.18.jar;c:\Users\ruben\.m2\repository\org\sonatype\sisu\sisu-inject-plexus\2.6.0\sisu-inject-plexus-2.6.0.jar;c:\Users\ruben\.m2\repository\org\codehaus\plexus\plexus-component-annotations\1.5.5\plexus-component-annotations-1.5.5.jar;c:\Users\ruben\.m2\repository\org\codehaus\plexus\plexus-classworlds\2.5.2\plexus-classworlds-2.5.2.jar;c:\Users\ruben\.m2\repository\org\codehaus\plexus\plexus-utils\3.0.18\plexus-utils-3.0.18.jar;c:\Users\ruben\.m2\repository\org\sonatype\sisu\sisu-inject-bean\2.6.0\sisu-inject-bean-2.6.0.jar;c:\Users\ruben\.m2\repository\javax\enterprise\cdi-api\1.0\cdi-api-1.0.jar;c:\Users\ruben\.m2\repository\javax\annotation\jsr250-api\1.0\jsr250-api-1.0.jar;c:\Users\ruben\.m2\repository\org\sonatype\sisu\sisu-guice\3.2.5\sisu-guice-3.2.5-no_aop.jar;c:\Users\ruben\.m2\repository\com\google\guava\guava\16.0.1\guava-16.0.1.jar;c:\Users\ruben\.m2\repository\org\eclipse\sisu\org.eclipse.sisu.inject\0.3.0\org.eclipse.sisu.inject-0.3.0.jar;c:\Users\ruben\.m2\repository\org\eclipse\sisu\org.eclipse.sisu.plexus\0.3.0\org.eclipse.sisu.plexus-0.3.0.jar;c:\Users\ruben\.m2\repository\org\junit\platform\junit-platform-launcher\1.11.4\junit-platform-launcher-1.11.4.jar;c:\Users\ruben\AppData\Roaming\Code\User\globalStorage\redhat.java\1.41.1\config_win\org.eclipse.osgi\114\0\.cp;c:\Users\ruben\AppData\Roaming\Code\User\globalStorage\redhat.java\1.41.1\config_win\org.eclipse.osgi\56\0\.cp
Launcher Type: SUN_STANDARD

[Global flags]
     intx CICompilerCount                          = 4                                         {product} {ergonomic}
     uint ConcGCThreads                            = 3                                         {product} {ergonomic}
     uint G1ConcRefinementThreads                  = 10                                        {product} {ergonomic}
   size_t G1HeapRegionSize                         = 2097152                                   {product} {ergonomic}
    uintx GCDrainStackTargetSize                   = 64                                        {product} {ergonomic}
   size_t InitialHeapSize                          = 266338304                                 {product} {ergonomic}
   size_t MarkStackSize                            = 4194304                                   {product} {ergonomic}
   size_t MaxHeapSize                              = 4242538496                                {product} {ergonomic}
   size_t MaxNewSize                               = 2543845376                                {product} {ergonomic}
   size_t MinHeapDeltaBytes                        = 2097152                                   {product} {ergonomic}
   size_t MinHeapSize                              = 8388608                                   {product} {ergonomic}
    uintx NonNMethodCodeHeapSize                   = 5839372                                {pd product} {ergonomic}
    uintx NonProfiledCodeHeapSize                  = 122909434                              {pd product} {ergonomic}
    uintx ProfiledCodeHeapSize                     = 122909434                              {pd product} {ergonomic}
    uintx ReservedCodeCacheSize                    = 251658240                              {pd product} {ergonomic}
     bool SegmentedCodeCache                       = true                                      {product} {ergonomic}
     bool ShowCodeDetailsInExceptionMessages       = true                                   {manageable} {command line}
   size_t SoftMaxHeapSize                          = 4242538496                             {manageable} {ergonomic}
     bool UseCompressedOops                        = true                           {product lp64_product} {ergonomic}
     bool UseG1GC                                  = true                                      {product} {ergonomic}
     bool UseLargePagesIndividualAllocation        = false                                  {pd product} {ergonomic}

Logging:
Log output configuration:
 #0: stdout all=warning uptime,level,tags foldmultilines=false
 #1: stderr all=off uptime,level,tags foldmultilines=false

Environment Variables:
JAVA_HOME=C:\Program Files\Java\jdk-21
PATH=C:\Program Files\Java\jdk-21\bin;C:\Program Files\Java\jdk-21\bin;C:\Program Files\Java\jdk-21\bin;C:\Program Files\Java\jdk-21\bin;C:\Program Files\Java\jdk-21\bin;C:\Program Files\Java\jdk-21\bin;C:\Program Files\Java\jdk-21\bin;C:\Program Files\Java\jdk-21\bin;C:\Program Files\Java\jdk-21\bin;C:\Program Files\Java\jdk-21\bin;C:\Program Files\Java\jdk-21\bin;C:\Program Files\Java\jdk-21\bin;C:\Program Files\Java\jdk-21\bin;C:\Program Files\Java\jdk-21\bin;C:\Program Files\Java\jdk-21\bin;C:\Program Files\Java\jdk-21\bin;C:\Program Files\Java\jdk-21\bin;C:\Program Files\Java\jdk-21\bin;C:\Program Files\Java\jdk-21\bin;C:\Program Files\Java\jdk-21\bin;C:\Program Files\Java\jdk-21\bin;C:\Program Files\Java\jdk-21\bin;C:\Program Files\Java\jdk-21\bin;C:\Program Files\Java\jdk-21\bin;C:\Program Files\Java\jdk-21\bin;C:\Program Files\Java\jdk-21\bin;C:\Program Files\Java\jdk-21\bin;C:\Program Files\Java\jdk-21\bin;C:\Program Files\Java\jdk-21\bin;C:\Program Files\Java\jdk-21\bin;C:\Program Files\Java\jdk-21\bin;C:\Program Files\Java\jdk-21\bin;C:\WINDOWS\System32;C:\Program Files\Java\jdk-17\bin;C:\Program Files (x86)\Common Files\Intel\Shared Libraries\redist\intel64\compiler;C:\Program Files\Common Files\Oracle\Java\javapath;C:\WINDOWS\system32;C:\WINDOWS;C:\WINDOWS\System32\Wbem;C:\WINDOWS\System32\WindowsPowerShell\v1.0\;C:\WINDOWS\System32\OpenSSH\;C:\Program Files (x86)\NVIDIA Corporation\PhysX\Common;C:\Program Files\Git\cmd;C:\Program Files\NVIDIA Corporation\NVIDIA app\NvDLISR;C:\Program Files\nodejs\;C:\Program Files\dotnet\;C:\Program Files\PuTTY\;C:\Program Files\NVIDIA Corporation\NVIDIA NvDLISR;C:\Program Files\Docker\Docker\resources\bin;C:\Users\ruben\AppData\Local\Programs\Python\Python313\Scripts\;C:\Users\ruben\AppData\Local\Programs\Python\Python313\;C:\Users\ruben\.console-ninja\.bin;C:\Users\ruben\AppData\Local\Microsoft\WindowsApps;C:\Users\ruben\AppData\Local\Programs\Microsoft VS Code\bin;C:\Users\ruben\AppData\Local\GitHubDesktop\bin;C:\Users\ruben\AppData\Local\Microso;C:\Program Files\Go\bin;C:\Users\ruben\AppData\Local\Microsoft\WinGet\Packages\Schniz.fnm_Microsoft.Winget.Source_8wekyb3d8bbwe;C:\Us;C:\Users\ruben\go\bin;C:\Program Files\Java\jdk-17\bin;C:\Program Files (x86)\Common Files\Intel\Shared Libraries\redist\intel64\compiler;C:\Program Files\Common Files\Oracle\Java\javapath;C:\WINDOWS\system32;C:\WINDOWS;C:\WINDOWS\System32\Wbem;C:\WINDOWS\System32\WindowsPowerShell\v1.0\;C:\WINDOWS\System32\OpenSSH\;C:\Program Files (x86)\NVIDIA Corporation\PhysX\Common;C:\Program Files\Git\cmd;C:\Program Files\NVIDIA Corporation\NVIDIA app\NvDLISR;C:\Program Files\nodejs\;C:\Program Files\dotnet\;C:\Program Files\PuTTY\;C:\Program Files\NVIDIA Corporation\NVIDIA NvDLISR;C:\Program Files\Docker\Docker\resources\bin;C:\Users\ruben\AppData\Local\Programs\Python\Python313\Scripts\;C:\Users\ruben\AppData\Local\Programs\Python\Python313\;C:\Users\ruben\.console-ninja\.bin;C:\Users\ruben\AppData\Local\Microsoft\WindowsApps;C:\Users\ruben\AppData\Local\Programs\Microsoft VS Code\bin;C:\Users\ruben\AppData\Local\GitHubDesktop\bin;C:\Users\ruben\AppData\Local\Microso;C:\Program Files\Go\bin;C:\Users\ruben\AppData\Local\Microsoft\WinGet\Packages\Schniz.fnm_Microsoft.Winget.Source_8wekyb3d8bbwe;C:\Us;C:\Users\ruben\go\bin;C:\Program Files\Java\jdk-17\bin;C:\Program Files (x86)\Common Files\Intel\Shared Libraries\redist\intel64\compiler;C:\Program Files\Common Files\Oracle\Java\javapath;C:\WINDOWS\system32;C:\WINDOWS;C:\WINDOWS\System32\Wbem;C:\WINDOWS\System32\WindowsPowerShell\v1.0\;C:\WINDOWS\System32\OpenSSH\;C:\Program Files (x86)\NVIDIA Corporation\PhysX\Common;C:\Program Files\Git\cmd;C:\Program Files\NVIDIA Corporation\NVIDIA app\NvDLISR;C:\Program Files\nodejs\;C:\Program Files\dotnet\;C:\Program Files\PuTTY\;C:\Program Files\NVIDIA Corporation\NVIDIA NvDLISR;C:\Program Files\Docker\Docker\resources\bin;C:\Users\ruben\AppData\Local\Programs\Python\Python313\Scripts\;C:\Users\ruben\AppData\Local\Programs\Python\Python313\;C:\Users\ruben\.console-ninja\.bin;C:\Users\ruben\AppData\Local\Microsoft\WindowsApps;C:\Users\ruben\AppData\Local\Programs\Microsoft VS Code\bin;C:\Users\ruben\AppData\Local\GitHubDesktop\bin;C:\Users\ruben\AppData\Local\Microso;C:\Program Files\Go\bin;C:\Program Files\Java\jdk-17\bin;C:\Program Files (x86)\Common Files\Intel\Shared Libraries\re;C:\Program Files\Java\jdk-17\bin;C:\Program Files (x86)\Common Files\Intel\Shared Libraries\redist\intel64\compiler;C:\Program Files\Common Files\Oracle\Java\javapath;C:\WINDOWS\system32;C:\WINDOWS;C:\WINDOWS\System32\Wbem;C:\WINDOWS\System32\WindowsPowerShell\v1.0\;C:\WINDOWS\System32\OpenSSH\;C:\Program Files (x86)\NVIDIA Corporation\PhysX\Common;C:\Program Files\Git\cmd;C:\Program Files\NVIDIA Corporation\NVIDIA app\NvDLISR;C:\Program Files\nodejs\;;C:\Program Files\dotnet\;C:\Program Files\PuTTY\;C:\Program Files\NVIDIA Corporation\NVIDIA NvDLISR;C:\Program Files\Docker\Docker\resources\bin;C:\Users\ruben\AppData\Local\Programs\Python\Python313\Scripts\;C:\Users\ruben\AppData\Local\Programs\Python\Python313\;C:\Users\ruben\.console-ninja\.bin;C:\Users\ruben\AppData\Local\Microsoft\WindowsApps;C:\Users\ruben\AppData\Local\Programs\Microsoft VS Code\bin;C:\Users\ruben\AppData\Local\GitHubDesktop\bin;C:\Users\ruben\AppData\Local\Microsoft\WinGet\Packages\Schniz.fnm_Microsoft.Winget.Source_8wekyb3d8bbwe;C:\Us;C:\WINDOWS\system32\config\systemprofile\go\bin;C:\Users\ruben\AppData\Local\Programs\Lens\resources\cli\bin;C:\Program Files\Java\jdk-17\bin;C:\Program Files (x86)\Common Files\Intel\Shared Libraries\redist\intel64\compiler;C:\Program Files\Common Files\Oracle\Java\javapath;C:\WINDOWS\system32;C:\WINDOWS;C:\WINDOWS\System32\Wbem;C:\WINDOWS\System32\WindowsPowerShell\v1.0\;C:\WINDOWS\System32\OpenSSH\;C:\Program Files (x86)\NVIDIA Corporation\PhysX\Common;C:\Program Files\Git\cmd;C:\Program Files\NVIDIA Corporation\NVIDIA app\NvDLISR;C:\Program Files\nodejs\;C:\Program Files\dotnet\;C:\Program Files\PuTTY\;C:\Program Files\NVIDIA Corporation\NVIDIA NvDLISR;C:\Program Files\Docker\Docker\resources\bin;C:\Users\ruben\AppData\Local\Programs\Python\Python313\Scripts\;C:\Users\ruben\AppData\Local\Programs\Python\Python313\;C:\Users\ruben\.console-ninja\.bin;C:\Users\ruben\AppData\Local\Microsoft\WindowsApps;C:\Users\ruben\AppData\Local\Programs\Microsoft VS Code\bin;C:\Users\ruben\AppData\Local\GitHubDesktop\bin;C:\Users\ruben\AppData\Local\Microso;C:\Program Files\Go\bin;C:\Users\ruben\AppData\Local\Microsoft\WinGet\Packages\Schniz.fnm_Microsoft.Winget.Source_8wekyb3d8bbwe;C:\Us;C:\Users\ruben\go\bin;C:\Program Files\Java\jdk-17\bin;C:\Program Files (x86)\Common Files\Intel\Shared Libraries\redist\intel64\compiler;C:\Program Files\Common Files\Oracle\Java\javapath;C:\WINDOWS\system32;C:\WINDOWS;C:\WINDOWS\System32\Wbem;C:\WINDOWS\System32\WindowsPowerShell\v1.0\;C:\WINDOWS\System32\OpenSSH\;C:\Program Files (x86)\NVIDIA Corporation\PhysX\Common;C:\Program Files\Git\cmd;C:\Program Files\NVIDIA Corporation\NVIDIA app\NvDLISR;C:\Program Files\nodejs\;C:\Program Files\dotnet\;C:\Program Files\PuTTY\;C:\Program Files\NVIDIA Corporation\NVIDIA NvDLISR;C:\Program Files\Docker\Docker\resources\bin;C:\Users\ruben\AppData\Local\Programs\Python\Python313\Scripts\;C:\Users\ruben\AppData\Local\Programs\Python\Python313\;C:\Users\ruben\.console-ninja\.bin;C:\Users\ruben\AppData\Local\Microsoft\WindowsApps;C:\Users\ruben\AppData\Local\Programs\Microsoft VS Code\bin;C:\Users\ruben\AppData\Local\GitHubDesktop\bin;C:\Users\ruben\AppData\Local\Microso;C:\Program Files\Go\bin;C:\Users\ruben\AppData\Local\Microsoft\WinGet\Packages\Schniz.fnm_Microsoft.Winget.Source_8wekyb3d8bbwe;C:\Us;C:\Users\ruben\go\bin;C:\Program Files\Java\jdk-17\bin;C:\Program Files (x86)\Common Files\Intel\Shared Libraries\redist\intel64\compiler;C:\Program Files\Common Files\Oracle\Java\javapath;C:\WINDOWS\system32;C:\WINDOWS;C:\WINDOWS\System32\Wbem;C:\WINDOWS\System32\WindowsPowerShell\v1.0\;C:\WINDOWS\System32\OpenSSH\;C:\Program Files (x86)\NVIDIA Corporation\PhysX\Common;C:\Program Files\Git\cmd;C:\Program Files\NVIDIA Corporation\NVIDIA app\NvDLISR;C:\Program Files\nodejs\;C:\Program Files\dotnet\;C:\Program Files\PuTTY\;C:\Program Files\NVIDIA Corporation\NVIDIA NvDLISR;C:\Program Files\Docker\Docker\resources\bin;C:\Users\ruben\AppData\Local\Programs\Python\Python313\Scripts\;C:\Users\ruben\AppData\Local\Programs\Python\Python313\;C:\Users\ruben\.console-ninja\.bin;C:\Users\ruben\AppData\Local\Microsoft\WindowsApps;C:\Users\ruben\AppData\Local\Programs\Microsoft VS Code\bin;C:\Users\ruben\AppData\Local\GitHubDesktop\bin;C:\Users\ruben\AppData\Local\Microso;C:\Program Files\Go\bin;C:\Program Files\Java\jdk-17\bin;C:\Program Files (x86)\Common Files\Intel\Shared Libraries\redist\intel64\compiler;C:\Program Files\Common Files\Oracle\Java\javapath;C:\WINDOWS\system32;C:\WINDOWS;C:\WINDOWS\System32\Wbem;C:\WINDOWS\System32\WindowsPowerShell\v1.0\;C:\WINDOWS\System32\OpenSSH\;C:\Program Files (x86)\NVIDIA Corporation\PhysX\Common;C:\Program Files\Git\cmd;C:\Program Files\NVIDIA Corporation\NVIDIA app\NvDLISR;C:\Program Files\nodejs\;C:\Program Files\dotnet\;C:\Program Files\PuTTY\;C:\Program Files\NVIDIA Corporation\NVIDIA NvDLISR;C:\Program Files\Docker\Docker\resources\bin;C:\Users\ruben\AppData\Local\Programs\Python\Python313\Scripts\;C:\Users\ruben\AppData\Local\Programs\Python\Python313\;C:\Users\ruben\.console-ninja\.bin;C:\Users\ruben\AppData\Local\Microsoft\WindowsApps;C:\Users\ruben\AppData\Local\Programs\Microsoft VS Code\bin;C:\Users\ruben\AppData\Local\GitHubDesktop\bin;C:\Users\ruben\AppData\Local\Microsoft\WinGet\Packages\Schniz.fnm_Microsoft.Winget.Source_8wekyb3d8bbwe;C:\Us;C:\Users\ruben\go\bin;C:\Program Files\Java\jdk-17\bin;C:\Program Files (x86)\Common Files\Intel\Shared Libraries\redist\intel64\compiler;C:\Program Files\Common Files\Oracle\Java\javapath;C:\WINDOWS\system32;C:\WINDOWS;C:\WINDOWS\System32\Wbem;C:\WINDOWS\System32\WindowsPowerShell\v1.0\;C:\WINDOWS\System32\OpenSSH\;C:\Program Files (x86)\NVIDIA Corporation\PhysX\Common;C:\Program Files\Git\cmd;C:\Program Files\NVIDIA Corporation\NVIDIA app\NvDLISR;C:\Program Files\nodejs\;C:\Program Files\dotnet\;C:\Program Files\PuTTY\;C:\Program Files\NVIDIA Corporation\NVIDIA NvDLISR;C:\Program Files\Docker\Docker\resources\bin;C:\Users\ruben\AppData\Local\Programs\Python\Python313\Scripts\;C:\Users\ruben\AppData\Local\Programs\Python\Python313\;C:\Users\ruben\.console-ninja\.bin;C:\Users\ruben\AppData\Local\Microsoft\WindowsApps;C:\Users\ruben\AppData\Local\Programs\Microsoft VS Code\bin;C:\Users\ruben\AppData\Local\GitHubDesktop\bin;C:\Users\ruben\AppData\Local\Microso;C:\Program Files\Go\bin;C:\minikube;C:\Program Files\Common Files\Autodesk Shared\;C:\Program Files\Microsoft SQL Server\150\Tools\Binn\;C:\Program Files\Process Lasso\;;C:\Program Files\Java\jdk-17\bin;C:\Program Files (x86)\Common Files\Intel\Shared Libraries\redist\intel64\compiler;C:\Program Files\Common Files\Oracle\Java\javapath;C:\WINDOWS\system32;C:\WINDOWS;C:\WINDOWS\System32\Wbem;C:\WINDOWS\System32\WindowsPowerShell\v1.0\;C:\WINDOWS\System32\OpenSSH\;C:\Program Files (x86)\NVIDIA Corporation\PhysX\Common;C:\Program Files\Git\cmd;C:\Program Files\NVIDIA Corporation\NVIDIA app\NvDLISR;C:\Program Files\nodejs\;;C:\Program Files\dotnet\;C:\Program Files\PuTTY\;C:\Program Files\NVIDIA Corporation\NVIDIA NvDLISR;C:\Program Files\Docker\Docker\resources\bin;C:\Users\ruben\AppData\Local\Programs\Python\Python313\Scripts\;C:\Users\ruben\AppData\Local\Programs\Python\Python313\;C:\Users\ruben\.console-ninja\.bin;C:\Users\ruben\AppData\Local\Microsoft\WindowsApps;C:\Users\ruben\AppData\Local\Programs\Microsoft VS Code\bin;C:\Users\ruben\AppData\Local\GitHubDesktop\bin;C:\Users\ruben\AppData\Local\Microsoft\WinGet\Packages\Schniz.fnm_Microsoft.Winget.Source_8wekyb3d8bbwe;C:\Us;C:\WINDOWS\system32\config\systemprofile\go\bin;C:\Users\ruben\AppData\Local\Programs\Lens\resources\cli\bin
USERNAME=ruben
OS=Windows_NT
PROCESSOR_IDENTIFIER=Intel64 Family 6 Model 186 Stepping 2, GenuineIntel
TMP=C:\Users\ruben\AppData\Local\Temp
TEMP=C:\Users\ruben\AppData\Local\Temp




Periodic native trim disabled

---------------  S Y S T E M  ---------------

OS:
 Windows 11 , 64 bit Build 26100 (10.0.26100.3912)
OS uptime: 0 days 21:18 hours
Hyper-V role detected

CPU: total 12 (initial active 12) (6 cores per cpu, 2 threads per core) family 6 model 186 stepping 2 microcode 0x4123, cx8, cmov, fxsr, ht, mmx, 3dnowpref, sse, sse2, sse3, ssse3, sse4.1, sse4.2, popcnt, lzcnt, tsc, tscinvbit, avx, avx2, aes, erms, clmul, bmi1, bmi2, adx, sha, fma, vzeroupper, clflush, clflushopt, clwb, hv, serialize, rdtscp, rdpid, fsrm, f16c, cet_ibt, cet_ss
Processor Information for processor 0
  Max Mhz: 2100, Current Mhz: 2100, Mhz Limit: 2100
Processor Information for processor 1
  Max Mhz: 2100, Current Mhz: 2100, Mhz Limit: 2100
Processor Information for processor 2
  Max Mhz: 2100, Current Mhz: 2100, Mhz Limit: 2100
Processor Information for processor 3
  Max Mhz: 2100, Current Mhz: 2100, Mhz Limit: 2100
Processor Information for processor 4
  Max Mhz: 2100, Current Mhz: 2100, Mhz Limit: 2100
Processor Information for processor 5
  Max Mhz: 2100, Current Mhz: 2100, Mhz Limit: 2100
Processor Information for processor 6
  Max Mhz: 2100, Current Mhz: 2100, Mhz Limit: 2100
Processor Information for processor 7
  Max Mhz: 2100, Current Mhz: 2100, Mhz Limit: 2100
Processor Information for processor 8
  Max Mhz: 2100, Current Mhz: 1500, Mhz Limit: 1491
Processor Information for processor 9
  Max Mhz: 2100, Current Mhz: 1500, Mhz Limit: 1491
Processor Information for processor 10
  Max Mhz: 2100, Current Mhz: 1500, Mhz Limit: 1491
Processor Information for processor 11
  Max Mhz: 2100, Current Mhz: 1500, Mhz Limit: 1491

Memory: 4k page, system-wide physical 16176M (1495M free)
TotalPageFile size 24368M (AvailPageFile size 0M)
current process WorkingSet (physical memory assigned to process): 139M, peak: 170M
current process commit charge ("private bytes"): 233M, peak: 399M

vm_info: Java HotSpot(TM) 64-Bit Server VM (21.0.6+8-LTS-188) for windows-amd64 JRE (21.0.6+8-LTS-188), built on 2024-12-03T10:50:54Z by "mach5one" with MS VC++ 17.6 (VS2022)

END.
